[4.683s] Invoking command in '/home/soda/VLAA/src/omni_controller': PYTHONPATH=/home/soda/VLAA/build/omni_controller/prefix_override:/usr/lib/python3/dist-packages/colcon_core/task/python/colcon_distutils_commands:/home/soda/VLAA/install/omni_controller/lib/python3.10/site-packages:${PYTHONPATH} /usr/bin/python3 -W ignore:setup.py install is deprecated -W ignore:easy_install command is deprecated setup.py egg_info --egg-base ../../build/omni_controller build --build-base /home/soda/VLAA/build/omni_controller/build install --record /home/soda/VLAA/build/omni_controller/install.log --single-version-externally-managed install_data
[5.541s] running egg_info
[5.582s] writing ../../build/omni_controller/omni_controller.egg-info/PKG-INFO
[5.583s] writing dependency_links to ../../build/omni_controller/omni_controller.egg-info/dependency_links.txt
[5.583s] writing entry points to ../../build/omni_controller/omni_controller.egg-info/entry_points.txt
[5.583s] writing requirements to ../../build/omni_controller/omni_controller.egg-info/requires.txt
[5.584s] writing top-level names to ../../build/omni_controller/omni_controller.egg-info/top_level.txt
[5.662s] reading manifest file '../../build/omni_controller/omni_controller.egg-info/SOURCES.txt'
[5.664s] writing manifest file '../../build/omni_controller/omni_controller.egg-info/SOURCES.txt'
[5.664s] running build
[5.664s] running build_py
[5.665s] running install
[5.673s] running install_lib
[5.715s] running install_data
[5.715s] running install_egg_info
[5.754s] removing '/home/soda/VLAA/install/omni_controller/lib/python3.10/site-packages/omni_controller-0.0.0-py3.10.egg-info' (and everything under it)
[5.755s] Copying ../../build/omni_controller/omni_controller.egg-info to /home/soda/VLAA/install/omni_controller/lib/python3.10/site-packages/omni_controller-0.0.0-py3.10.egg-info
[5.756s] running install_scripts
[5.911s] Installing omni_drive_node script to /home/soda/VLAA/install/omni_controller/lib/omni_controller
[5.912s] writing list of installed files to '/home/soda/VLAA/build/omni_controller/install.log'
[6.036s] Invoked command in '/home/soda/VLAA/src/omni_controller' returned '0': PYTHONPATH=/home/soda/VLAA/build/omni_controller/prefix_override:/usr/lib/python3/dist-packages/colcon_core/task/python/colcon_distutils_commands:/home/soda/VLAA/install/omni_controller/lib/python3.10/site-packages:${PYTHONPATH} /usr/bin/python3 -W ignore:setup.py install is deprecated -W ignore:easy_install command is deprecated setup.py egg_info --egg-base ../../build/omni_controller build --build-base /home/soda/VLAA/build/omni_controller/build install --record /home/soda/VLAA/build/omni_controller/install.log --single-version-externally-managed install_data
