[4.880s] Invoking command in '/home/soda/VLAA/src/omni_controller': PYTHONPATH=/home/soda/VLAA/build/omni_controller/prefix_override:/usr/lib/python3/dist-packages/colcon_core/task/python/colcon_distutils_commands:/home/soda/VLAA/install/omni_controller/lib/python3.10/site-packages:${PYTHONPATH} /usr/bin/python3 -W ignore:setup.py install is deprecated -W ignore:easy_install command is deprecated setup.py egg_info --egg-base ../../build/omni_controller build --build-base /home/soda/VLAA/build/omni_controller/build install --record /home/soda/VLAA/build/omni_controller/install.log --single-version-externally-managed install_data
[5.839s] running egg_info
[5.881s] writing ../../build/omni_controller/omni_controller.egg-info/PKG-INFO
[5.881s] writing dependency_links to ../../build/omni_controller/omni_controller.egg-info/dependency_links.txt
[5.881s] writing entry points to ../../build/omni_controller/omni_controller.egg-info/entry_points.txt
[5.882s] writing requirements to ../../build/omni_controller/omni_controller.egg-info/requires.txt
[5.882s] writing top-level names to ../../build/omni_controller/omni_controller.egg-info/top_level.txt
[5.962s] reading manifest file '../../build/omni_controller/omni_controller.egg-info/SOURCES.txt'
[5.963s] writing manifest file '../../build/omni_controller/omni_controller.egg-info/SOURCES.txt'
[5.964s] running build
[5.964s] running build_py
[5.964s] running install
[5.973s] running install_lib
[6.015s] running install_data
[6.015s] running install_egg_info
[6.058s] removing '/home/soda/VLAA/install/omni_controller/lib/python3.10/site-packages/omni_controller-0.0.0-py3.10.egg-info' (and everything under it)
[6.059s] Copying ../../build/omni_controller/omni_controller.egg-info to /home/soda/VLAA/install/omni_controller/lib/python3.10/site-packages/omni_controller-0.0.0-py3.10.egg-info
[6.060s] running install_scripts
[6.221s] Installing omni_drive_node script to /home/soda/VLAA/install/omni_controller/lib/omni_controller
[6.222s] writing list of installed files to '/home/soda/VLAA/build/omni_controller/install.log'
[6.360s] Invoked command in '/home/soda/VLAA/src/omni_controller' returned '0': PYTHONPATH=/home/soda/VLAA/build/omni_controller/prefix_override:/usr/lib/python3/dist-packages/colcon_core/task/python/colcon_distutils_commands:/home/soda/VLAA/install/omni_controller/lib/python3.10/site-packages:${PYTHONPATH} /usr/bin/python3 -W ignore:setup.py install is deprecated -W ignore:easy_install command is deprecated setup.py egg_info --egg-base ../../build/omni_controller build --build-base /home/soda/VLAA/build/omni_controller/build install --record /home/soda/VLAA/build/omni_controller/install.log --single-version-externally-managed install_data
