[4.669s] Invoking command in '/home/soda/VLAA/src/omni_controller': PYTHONPATH=/home/soda/VLAA/build/omni_controller/prefix_override:/usr/lib/python3/dist-packages/colcon_core/task/python/colcon_distutils_commands:/home/soda/VLAA/install/omni_controller/lib/python3.10/site-packages:${PYTHONPATH} /usr/bin/python3 -W ignore:setup.py install is deprecated -W ignore:easy_install command is deprecated setup.py egg_info --egg-base ../../build/omni_controller build --build-base /home/soda/VLAA/build/omni_controller/build install --record /home/soda/VLAA/build/omni_controller/install.log --single-version-externally-managed install_data
[5.547s] running egg_info
[5.589s] writing ../../build/omni_controller/omni_controller.egg-info/PKG-INFO
[5.590s] writing dependency_links to ../../build/omni_controller/omni_controller.egg-info/dependency_links.txt
[5.590s] writing entry points to ../../build/omni_controller/omni_controller.egg-info/entry_points.txt
[5.590s] writing requirements to ../../build/omni_controller/omni_controller.egg-info/requires.txt
[5.591s] writing top-level names to ../../build/omni_controller/omni_controller.egg-info/top_level.txt
[5.671s] reading manifest file '../../build/omni_controller/omni_controller.egg-info/SOURCES.txt'
[5.673s] writing manifest file '../../build/omni_controller/omni_controller.egg-info/SOURCES.txt'
[5.673s] running build
[5.673s] running build_py
[5.674s] running install
[5.682s] running install_lib
[5.725s] running install_data
[5.725s] running install_egg_info
[5.767s] removing '/home/soda/VLAA/install/omni_controller/lib/python3.10/site-packages/omni_controller-0.0.0-py3.10.egg-info' (and everything under it)
[5.768s] Copying ../../build/omni_controller/omni_controller.egg-info to /home/soda/VLAA/install/omni_controller/lib/python3.10/site-packages/omni_controller-0.0.0-py3.10.egg-info
[5.769s] running install_scripts
[5.926s] Installing omni_drive_node script to /home/soda/VLAA/install/omni_controller/lib/omni_controller
[5.927s] writing list of installed files to '/home/soda/VLAA/build/omni_controller/install.log'
[6.035s] Invoked command in '/home/soda/VLAA/src/omni_controller' returned '0': PYTHONPATH=/home/soda/VLAA/build/omni_controller/prefix_override:/usr/lib/python3/dist-packages/colcon_core/task/python/colcon_distutils_commands:/home/soda/VLAA/install/omni_controller/lib/python3.10/site-packages:${PYTHONPATH} /usr/bin/python3 -W ignore:setup.py install is deprecated -W ignore:easy_install command is deprecated setup.py egg_info --egg-base ../../build/omni_controller build --build-base /home/soda/VLAA/build/omni_controller/build install --record /home/soda/VLAA/build/omni_controller/install.log --single-version-externally-managed install_data
