[5.931s] Invoking command in '/home/soda/VLAA/src/omni_controller': PYTHONPATH=/home/soda/VLAA/build/omni_controller/prefix_override:/usr/lib/python3/dist-packages/colcon_core/task/python/colcon_distutils_commands:/home/soda/VLAA/install/omni_controller/lib/python3.10/site-packages:${PYTHONPATH} /usr/bin/python3 -W ignore:setup.py install is deprecated -W ignore:easy_install command is deprecated setup.py egg_info --egg-base ../../build/omni_controller build --build-base /home/soda/VLAA/build/omni_controller/build install --record /home/soda/VLAA/build/omni_controller/install.log --single-version-externally-managed install_data
[6.792s] running egg_info
[6.838s] writing ../../build/omni_controller/omni_controller.egg-info/PKG-INFO
[6.838s] writing dependency_links to ../../build/omni_controller/omni_controller.egg-info/dependency_links.txt
[6.838s] writing entry points to ../../build/omni_controller/omni_controller.egg-info/entry_points.txt
[6.839s] writing requirements to ../../build/omni_controller/omni_controller.egg-info/requires.txt
[6.839s] writing top-level names to ../../build/omni_controller/omni_controller.egg-info/top_level.txt
[6.918s] reading manifest file '../../build/omni_controller/omni_controller.egg-info/SOURCES.txt'
[6.920s] writing manifest file '../../build/omni_controller/omni_controller.egg-info/SOURCES.txt'
[6.921s] running build
[6.922s] running build_py
[6.922s] running install
[6.930s] running install_lib
[6.971s] running install_data
[6.971s] running install_egg_info
[7.012s] removing '/home/soda/VLAA/install/omni_controller/lib/python3.10/site-packages/omni_controller-0.0.0-py3.10.egg-info' (and everything under it)
[7.012s] Copying ../../build/omni_controller/omni_controller.egg-info to /home/soda/VLAA/install/omni_controller/lib/python3.10/site-packages/omni_controller-0.0.0-py3.10.egg-info
[7.013s] running install_scripts
[7.160s] Installing omni_drive_node script to /home/soda/VLAA/install/omni_controller/lib/omni_controller
[7.160s] writing list of installed files to '/home/soda/VLAA/build/omni_controller/install.log'
[7.295s] Invoked command in '/home/soda/VLAA/src/omni_controller' returned '0': PYTHONPATH=/home/soda/VLAA/build/omni_controller/prefix_override:/usr/lib/python3/dist-packages/colcon_core/task/python/colcon_distutils_commands:/home/soda/VLAA/install/omni_controller/lib/python3.10/site-packages:${PYTHONPATH} /usr/bin/python3 -W ignore:setup.py install is deprecated -W ignore:easy_install command is deprecated setup.py egg_info --egg-base ../../build/omni_controller build --build-base /home/soda/VLAA/build/omni_controller/build install --record /home/soda/VLAA/build/omni_controller/install.log --single-version-externally-managed install_data
