[6.351s] Invoking command in '/home/soda/VLAA/src/omni_controller': PYTHONPATH=/home/soda/VLAA/build/omni_controller/prefix_override:/usr/lib/python3/dist-packages/colcon_core/task/python/colcon_distutils_commands:/home/soda/VLAA/install/omni_controller/lib/python3.10/site-packages:${PYTHONPATH} /usr/bin/python3 -W ignore:setup.py install is deprecated -W ignore:easy_install command is deprecated setup.py egg_info --egg-base ../../build/omni_controller build --build-base /home/soda/VLAA/build/omni_controller/build install --record /home/soda/VLAA/build/omni_controller/install.log --single-version-externally-managed install_data
[7.219s] running egg_info
[7.220s] creating ../../build/omni_controller/omni_controller.egg-info
[7.449s] writing ../../build/omni_controller/omni_controller.egg-info/PKG-INFO
[7.451s] writing dependency_links to ../../build/omni_controller/omni_controller.egg-info/dependency_links.txt
[7.451s] writing entry points to ../../build/omni_controller/omni_controller.egg-info/entry_points.txt
[7.451s] writing requirements to ../../build/omni_controller/omni_controller.egg-info/requires.txt
[7.452s] writing top-level names to ../../build/omni_controller/omni_controller.egg-info/top_level.txt
[7.452s] writing manifest file '../../build/omni_controller/omni_controller.egg-info/SOURCES.txt'
[7.530s] reading manifest file '../../build/omni_controller/omni_controller.egg-info/SOURCES.txt'
[7.531s] writing manifest file '../../build/omni_controller/omni_controller.egg-info/SOURCES.txt'
[7.531s] running build
[7.532s] running build_py
[7.533s] creating /home/soda/VLAA/build/omni_controller/build
[7.533s] creating /home/soda/VLAA/build/omni_controller/build/lib
[7.533s] creating /home/soda/VLAA/build/omni_controller/build/lib/omni_controller
[7.534s] copying omni_controller/omni_drive_node.py -> /home/soda/VLAA/build/omni_controller/build/lib/omni_controller
[7.534s] copying omni_controller/__init__.py -> /home/soda/VLAA/build/omni_controller/build/lib/omni_controller
[7.534s] running install
[7.547s] running install_lib
[7.582s] creating /home/soda/VLAA/install/omni_controller/lib/python3.10/site-packages/omni_controller
[7.582s] copying /home/soda/VLAA/build/omni_controller/build/lib/omni_controller/omni_drive_node.py -> /home/soda/VLAA/install/omni_controller/lib/python3.10/site-packages/omni_controller
[7.582s] copying /home/soda/VLAA/build/omni_controller/build/lib/omni_controller/__init__.py -> /home/soda/VLAA/install/omni_controller/lib/python3.10/site-packages/omni_controller
[7.583s] byte-compiling /home/soda/VLAA/install/omni_controller/lib/python3.10/site-packages/omni_controller/omni_drive_node.py to omni_drive_node.cpython-310.pyc
[7.584s] byte-compiling /home/soda/VLAA/install/omni_controller/lib/python3.10/site-packages/omni_controller/__init__.py to __init__.cpython-310.pyc
[7.585s] running install_data
[7.585s] creating /home/soda/VLAA/install/omni_controller/share/ament_index
[7.585s] creating /home/soda/VLAA/install/omni_controller/share/ament_index/resource_index
[7.585s] creating /home/soda/VLAA/install/omni_controller/share/ament_index/resource_index/packages
[7.585s] copying resource/omni_controller -> /home/soda/VLAA/install/omni_controller/share/ament_index/resource_index/packages
[7.586s] copying package.xml -> /home/soda/VLAA/install/omni_controller/share/omni_controller
[7.586s] running install_egg_info
[7.627s] Copying ../../build/omni_controller/omni_controller.egg-info to /home/soda/VLAA/install/omni_controller/lib/python3.10/site-packages/omni_controller-0.0.0-py3.10.egg-info
[7.628s] running install_scripts
[7.770s] Installing omni_drive_node script to /home/soda/VLAA/install/omni_controller/lib/omni_controller
[7.771s] writing list of installed files to '/home/soda/VLAA/build/omni_controller/install.log'
[7.899s] Invoked command in '/home/soda/VLAA/src/omni_controller' returned '0': PYTHONPATH=/home/soda/VLAA/build/omni_controller/prefix_override:/usr/lib/python3/dist-packages/colcon_core/task/python/colcon_distutils_commands:/home/soda/VLAA/install/omni_controller/lib/python3.10/site-packages:${PYTHONPATH} /usr/bin/python3 -W ignore:setup.py install is deprecated -W ignore:easy_install command is deprecated setup.py egg_info --egg-base ../../build/omni_controller build --build-base /home/soda/VLAA/build/omni_controller/build install --record /home/soda/VLAA/build/omni_controller/install.log --single-version-externally-managed install_data
