[5.114s] Invoking command in '/home/soda/VLAA/src/vla_node': CONDA_PROMPT_MODIFIER=(base) PYTHONPATH=/home/soda/VLAA/build/vla_node/prefix_override:/usr/lib/python3/dist-packages/colcon_core/task/python/colcon_distutils_commands:/home/soda/VLAA/install/vla_node/lib/python3.10/site-packages:${PYTHONPATH} /usr/bin/python3 -W ignore:setup.py install is deprecated -W ignore:easy_install command is deprecated setup.py egg_info --egg-base ../../build/vla_node build --build-base /home/soda/VLAA/build/vla_node/build install --record /home/soda/VLAA/build/vla_node/install.log --single-version-externally-managed install_data
[6.055s] running egg_info
[6.101s] writing ../../build/vla_node/vla_node.egg-info/PKG-INFO
[6.102s] writing dependency_links to ../../build/vla_node/vla_node.egg-info/dependency_links.txt
[6.103s] writing entry points to ../../build/vla_node/vla_node.egg-info/entry_points.txt
[6.103s] writing requirements to ../../build/vla_node/vla_node.egg-info/requires.txt
[6.103s] writing top-level names to ../../build/vla_node/vla_node.egg-info/top_level.txt
[6.187s] reading manifest file '../../build/vla_node/vla_node.egg-info/SOURCES.txt'
[6.189s] writing manifest file '../../build/vla_node/vla_node.egg-info/SOURCES.txt'
[6.189s] running build
[6.189s] running build_py
[6.190s] running install
[6.199s] running install_lib
[6.243s] running install_data
[6.243s] running install_egg_info
[6.290s] removing '/home/soda/VLAA/install/vla_node/lib/python3.10/site-packages/vla_node-0.0.0-py3.10.egg-info' (and everything under it)
[6.290s] Copying ../../build/vla_node/vla_node.egg-info to /home/soda/VLAA/install/vla_node/lib/python3.10/site-packages/vla_node-0.0.0-py3.10.egg-info
[6.292s] running install_scripts
[6.457s] Installing vla_node script to /home/soda/VLAA/install/vla_node/lib/vla_node
[6.457s] writing list of installed files to '/home/soda/VLAA/build/vla_node/install.log'
[6.599s] Invoked command in '/home/soda/VLAA/src/vla_node' returned '0': CONDA_PROMPT_MODIFIER=(base) PYTHONPATH=/home/soda/VLAA/build/vla_node/prefix_override:/usr/lib/python3/dist-packages/colcon_core/task/python/colcon_distutils_commands:/home/soda/VLAA/install/vla_node/lib/python3.10/site-packages:${PYTHONPATH} /usr/bin/python3 -W ignore:setup.py install is deprecated -W ignore:easy_install command is deprecated setup.py egg_info --egg-base ../../build/vla_node build --build-base /home/soda/VLAA/build/vla_node/build install --record /home/soda/VLAA/build/vla_node/install.log --single-version-externally-managed install_data
