[5.145s] Invoking command in '/home/soda/VLAA/src/omni_controller': CONDA_PROMPT_MODIFIER=(base) PYTHONPATH=/home/soda/VLAA/build/omni_controller/prefix_override:/usr/lib/python3/dist-packages/colcon_core/task/python/colcon_distutils_commands:/home/soda/VLAA/install/omni_controller/lib/python3.10/site-packages:${PYTHONPATH} /usr/bin/python3 -W ignore:setup.py install is deprecated -W ignore:easy_install command is deprecated setup.py egg_info --egg-base ../../build/omni_controller build --build-base /home/soda/VLAA/build/omni_controller/build install --record /home/soda/VLAA/build/omni_controller/install.log --single-version-externally-managed install_data
[6.132s] running egg_info
[6.179s] writing ../../build/omni_controller/omni_controller.egg-info/PKG-INFO
[6.180s] writing dependency_links to ../../build/omni_controller/omni_controller.egg-info/dependency_links.txt
[6.180s] writing entry points to ../../build/omni_controller/omni_controller.egg-info/entry_points.txt
[6.180s] writing requirements to ../../build/omni_controller/omni_controller.egg-info/requires.txt
[6.181s] writing top-level names to ../../build/omni_controller/omni_controller.egg-info/top_level.txt
[6.271s] reading manifest file '../../build/omni_controller/omni_controller.egg-info/SOURCES.txt'
[6.273s] writing manifest file '../../build/omni_controller/omni_controller.egg-info/SOURCES.txt'
[6.273s] running build
[6.274s] running build_py
[6.274s] running install
[6.284s] running install_lib
[6.330s] running install_data
[6.330s] running install_egg_info
[6.379s] removing '/home/soda/VLAA/install/omni_controller/lib/python3.10/site-packages/omni_controller-0.0.0-py3.10.egg-info' (and everything under it)
[6.379s] Copying ../../build/omni_controller/omni_controller.egg-info to /home/soda/VLAA/install/omni_controller/lib/python3.10/site-packages/omni_controller-0.0.0-py3.10.egg-info
[6.381s] running install_scripts
[6.556s] Installing omni_drive_node script to /home/soda/VLAA/install/omni_controller/lib/omni_controller
[6.556s] writing list of installed files to '/home/soda/VLAA/build/omni_controller/install.log'
[6.684s] Invoked command in '/home/soda/VLAA/src/omni_controller' returned '0': CONDA_PROMPT_MODIFIER=(base) PYTHONPATH=/home/soda/VLAA/build/omni_controller/prefix_override:/usr/lib/python3/dist-packages/colcon_core/task/python/colcon_distutils_commands:/home/soda/VLAA/install/omni_controller/lib/python3.10/site-packages:${PYTHONPATH} /usr/bin/python3 -W ignore:setup.py install is deprecated -W ignore:easy_install command is deprecated setup.py egg_info --egg-base ../../build/omni_controller build --build-base /home/soda/VLAA/build/omni_controller/build install --record /home/soda/VLAA/build/omni_controller/install.log --single-version-externally-managed install_data
