[4.658s] Invoking command in '/home/soda/VLAA/src/vla_node': PYTHONPATH=/home/soda/VLAA/build/vla_node/prefix_override:/usr/lib/python3/dist-packages/colcon_core/task/python/colcon_distutils_commands:/home/soda/VLAA/install/vla_node/lib/python3.10/site-packages:${PYTHONPATH} /usr/bin/python3 -W ignore:setup.py install is deprecated -W ignore:easy_install command is deprecated setup.py egg_info --egg-base ../../build/vla_node build --build-base /home/soda/VLAA/build/vla_node/build install --record /home/soda/VLAA/build/vla_node/install.log --single-version-externally-managed install_data
[5.530s] running egg_info
[5.571s] writing ../../build/vla_node/vla_node.egg-info/PKG-INFO
[5.572s] writing dependency_links to ../../build/vla_node/vla_node.egg-info/dependency_links.txt
[5.572s] writing entry points to ../../build/vla_node/vla_node.egg-info/entry_points.txt
[5.573s] writing requirements to ../../build/vla_node/vla_node.egg-info/requires.txt
[5.573s] writing top-level names to ../../build/vla_node/vla_node.egg-info/top_level.txt
[5.651s] reading manifest file '../../build/vla_node/vla_node.egg-info/SOURCES.txt'
[5.653s] writing manifest file '../../build/vla_node/vla_node.egg-info/SOURCES.txt'
[5.653s] running build
[5.653s] running build_py
[5.654s] running install
[5.662s] running install_lib
[5.704s] running install_data
[5.704s] running install_egg_info
[5.744s] removing '/home/soda/VLAA/install/vla_node/lib/python3.10/site-packages/vla_node-0.0.0-py3.10.egg-info' (and everything under it)
[5.744s] Copying ../../build/vla_node/vla_node.egg-info to /home/soda/VLAA/install/vla_node/lib/python3.10/site-packages/vla_node-0.0.0-py3.10.egg-info
[5.746s] running install_scripts
[5.897s] Installing vla_node script to /home/soda/VLAA/install/vla_node/lib/vla_node
[5.897s] writing list of installed files to '/home/soda/VLAA/build/vla_node/install.log'
[6.060s] Invoked command in '/home/soda/VLAA/src/vla_node' returned '0': PYTHONPATH=/home/soda/VLAA/build/vla_node/prefix_override:/usr/lib/python3/dist-packages/colcon_core/task/python/colcon_distutils_commands:/home/soda/VLAA/install/vla_node/lib/python3.10/site-packages:${PYTHONPATH} /usr/bin/python3 -W ignore:setup.py install is deprecated -W ignore:easy_install command is deprecated setup.py egg_info --egg-base ../../build/vla_node build --build-base /home/soda/VLAA/build/vla_node/build install --record /home/soda/VLAA/build/vla_node/install.log --single-version-externally-managed install_data
