[5.140s] Invoking command in '/home/soda/VLAA/src/vla_node': CONDA_PROMPT_MODIFIER=(base) PYTHONPATH=/home/soda/VLAA/build/vla_node/prefix_override:/usr/lib/python3/dist-packages/colcon_core/task/python/colcon_distutils_commands:/home/soda/VLAA/install/vla_node/lib/python3.10/site-packages:${PYTHONPATH} /usr/bin/python3 -W ignore:setup.py install is deprecated -W ignore:easy_install command is deprecated setup.py egg_info --egg-base ../../build/vla_node build --build-base /home/soda/VLAA/build/vla_node/build install --record /home/soda/VLAA/build/vla_node/install.log --single-version-externally-managed install_data
[6.088s] running egg_info
[6.132s] writing ../../build/vla_node/vla_node.egg-info/PKG-INFO
[6.133s] writing dependency_links to ../../build/vla_node/vla_node.egg-info/dependency_links.txt
[6.133s] writing entry points to ../../build/vla_node/vla_node.egg-info/entry_points.txt
[6.134s] writing requirements to ../../build/vla_node/vla_node.egg-info/requires.txt
[6.134s] writing top-level names to ../../build/vla_node/vla_node.egg-info/top_level.txt
[6.218s] reading manifest file '../../build/vla_node/vla_node.egg-info/SOURCES.txt'
[6.220s] writing manifest file '../../build/vla_node/vla_node.egg-info/SOURCES.txt'
[6.220s] running build
[6.220s] running build_py
[6.220s] running install
[6.230s] running install_lib
[6.272s] running install_data
[6.273s] running install_egg_info
[6.316s] removing '/home/soda/VLAA/install/vla_node/lib/python3.10/site-packages/vla_node-0.0.0-py3.10.egg-info' (and everything under it)
[6.316s] Copying ../../build/vla_node/vla_node.egg-info to /home/soda/VLAA/install/vla_node/lib/python3.10/site-packages/vla_node-0.0.0-py3.10.egg-info
[6.318s] running install_scripts
[6.474s] Installing vla_node script to /home/soda/VLAA/install/vla_node/lib/vla_node
[6.475s] writing list of installed files to '/home/soda/VLAA/build/vla_node/install.log'
[6.624s] Invoked command in '/home/soda/VLAA/src/vla_node' returned '0': CONDA_PROMPT_MODIFIER=(base) PYTHONPATH=/home/soda/VLAA/build/vla_node/prefix_override:/usr/lib/python3/dist-packages/colcon_core/task/python/colcon_distutils_commands:/home/soda/VLAA/install/vla_node/lib/python3.10/site-packages:${PYTHONPATH} /usr/bin/python3 -W ignore:setup.py install is deprecated -W ignore:easy_install command is deprecated setup.py egg_info --egg-base ../../build/vla_node build --build-base /home/soda/VLAA/build/vla_node/build install --record /home/soda/VLAA/build/vla_node/install.log --single-version-externally-managed install_data
