[5.546s] Invoking command in '/home/soda/VLAA/src/action_executor_node': PYTHONPATH=/home/soda/VLAA/build/action_executor_node/prefix_override:/usr/lib/python3/dist-packages/colcon_core/task/python/colcon_distutils_commands:/home/soda/VLAA/install/action_executor_node/lib/python3.10/site-packages:${PYTHONPATH} /usr/bin/python3 -W ignore:setup.py install is deprecated -W ignore:easy_install command is deprecated setup.py egg_info --egg-base ../../build/action_executor_node build --build-base /home/soda/VLAA/build/action_executor_node/build install --record /home/soda/VLAA/build/action_executor_node/install.log --single-version-externally-managed install_data
[6.475s] running egg_info
[6.518s] writing ../../build/action_executor_node/action_executor_node.egg-info/PKG-INFO
[6.519s] writing dependency_links to ../../build/action_executor_node/action_executor_node.egg-info/dependency_links.txt
[6.520s] writing entry points to ../../build/action_executor_node/action_executor_node.egg-info/entry_points.txt
[6.520s] writing requirements to ../../build/action_executor_node/action_executor_node.egg-info/requires.txt
[6.521s] writing top-level names to ../../build/action_executor_node/action_executor_node.egg-info/top_level.txt
[6.606s] reading manifest file '../../build/action_executor_node/action_executor_node.egg-info/SOURCES.txt'
[6.607s] writing manifest file '../../build/action_executor_node/action_executor_node.egg-info/SOURCES.txt'
[6.608s] running build
[6.608s] running build_py
[6.608s] running install
[6.618s] running install_lib
[6.660s] running install_data
[6.660s] running install_egg_info
[6.705s] removing '/home/soda/VLAA/install/action_executor_node/lib/python3.10/site-packages/action_executor_node-0.0.0-py3.10.egg-info' (and everything under it)
[6.707s] Copying ../../build/action_executor_node/action_executor_node.egg-info to /home/soda/VLAA/install/action_executor_node/lib/python3.10/site-packages/action_executor_node-0.0.0-py3.10.egg-info
[6.707s] running install_scripts
[6.860s] Installing action_executor_node script to /home/soda/VLAA/install/action_executor_node/lib/action_executor_node
[6.860s] writing list of installed files to '/home/soda/VLAA/build/action_executor_node/install.log'
[7.006s] Invoked command in '/home/soda/VLAA/src/action_executor_node' returned '0': PYTHONPATH=/home/soda/VLAA/build/action_executor_node/prefix_override:/usr/lib/python3/dist-packages/colcon_core/task/python/colcon_distutils_commands:/home/soda/VLAA/install/action_executor_node/lib/python3.10/site-packages:${PYTHONPATH} /usr/bin/python3 -W ignore:setup.py install is deprecated -W ignore:easy_install command is deprecated setup.py egg_info --egg-base ../../build/action_executor_node build --build-base /home/soda/VLAA/build/action_executor_node/build install --record /home/soda/VLAA/build/action_executor_node/install.log --single-version-externally-managed install_data
