[6.345s] Invoking command in '/home/soda/VLAA/src/vla_node': PYTHONPATH=/home/soda/VLAA/build/vla_node/prefix_override:/usr/lib/python3/dist-packages/colcon_core/task/python/colcon_distutils_commands:/home/soda/VLAA/install/vla_node/lib/python3.10/site-packages:${PYTHONPATH} /usr/bin/python3 -W ignore:setup.py install is deprecated -W ignore:easy_install command is deprecated setup.py egg_info --egg-base ../../build/vla_node build --build-base /home/soda/VLAA/build/vla_node/build install --record /home/soda/VLAA/build/vla_node/install.log --single-version-externally-managed install_data
[7.211s] running egg_info
[7.212s] creating ../../build/vla_node/vla_node.egg-info
[7.442s] writing ../../build/vla_node/vla_node.egg-info/PKG-INFO
[7.443s] writing dependency_links to ../../build/vla_node/vla_node.egg-info/dependency_links.txt
[7.443s] writing entry points to ../../build/vla_node/vla_node.egg-info/entry_points.txt
[7.444s] writing requirements to ../../build/vla_node/vla_node.egg-info/requires.txt
[7.444s] writing top-level names to ../../build/vla_node/vla_node.egg-info/top_level.txt
[7.445s] writing manifest file '../../build/vla_node/vla_node.egg-info/SOURCES.txt'
[7.525s] reading manifest file '../../build/vla_node/vla_node.egg-info/SOURCES.txt'
[7.527s] writing manifest file '../../build/vla_node/vla_node.egg-info/SOURCES.txt'
[7.527s] running build
[7.527s] running build_py
[7.527s] creating /home/soda/VLAA/build/vla_node/build
[7.527s] creating /home/soda/VLAA/build/vla_node/build/lib
[7.528s] creating /home/soda/VLAA/build/vla_node/build/lib/vla_node
[7.528s] copying vla_node/__init__.py -> /home/soda/VLAA/build/vla_node/build/lib/vla_node
[7.528s] copying vla_node/vla_node.py -> /home/soda/VLAA/build/vla_node/build/lib/vla_node
[7.529s] running install
[7.540s] running install_lib
[7.579s] creating /home/soda/VLAA/install/vla_node/lib/python3.10/site-packages/vla_node
[7.579s] copying /home/soda/VLAA/build/vla_node/build/lib/vla_node/__init__.py -> /home/soda/VLAA/install/vla_node/lib/python3.10/site-packages/vla_node
[7.580s] copying /home/soda/VLAA/build/vla_node/build/lib/vla_node/vla_node.py -> /home/soda/VLAA/install/vla_node/lib/python3.10/site-packages/vla_node
[7.580s] byte-compiling /home/soda/VLAA/install/vla_node/lib/python3.10/site-packages/vla_node/__init__.py to __init__.cpython-310.pyc
[7.581s] byte-compiling /home/soda/VLAA/install/vla_node/lib/python3.10/site-packages/vla_node/vla_node.py to vla_node.cpython-310.pyc
[7.582s] running install_data
[7.582s] creating /home/soda/VLAA/install/vla_node/share/ament_index
[7.582s] creating /home/soda/VLAA/install/vla_node/share/ament_index/resource_index
[7.582s] creating /home/soda/VLAA/install/vla_node/share/ament_index/resource_index/packages
[7.582s] copying resource/vla_node -> /home/soda/VLAA/install/vla_node/share/ament_index/resource_index/packages
[7.582s] copying package.xml -> /home/soda/VLAA/install/vla_node/share/vla_node
[7.583s] running install_egg_info
[7.627s] Copying ../../build/vla_node/vla_node.egg-info to /home/soda/VLAA/install/vla_node/lib/python3.10/site-packages/vla_node-0.0.0-py3.10.egg-info
[7.628s] running install_scripts
[7.774s] Installing vla_node script to /home/soda/VLAA/install/vla_node/lib/vla_node
[7.774s] writing list of installed files to '/home/soda/VLAA/build/vla_node/install.log'
[8.126s] Invoked command in '/home/soda/VLAA/src/vla_node' returned '0': PYTHONPATH=/home/soda/VLAA/build/vla_node/prefix_override:/usr/lib/python3/dist-packages/colcon_core/task/python/colcon_distutils_commands:/home/soda/VLAA/install/vla_node/lib/python3.10/site-packages:${PYTHONPATH} /usr/bin/python3 -W ignore:setup.py install is deprecated -W ignore:easy_install command is deprecated setup.py egg_info --egg-base ../../build/vla_node build --build-base /home/soda/VLAA/build/vla_node/build install --record /home/soda/VLAA/build/vla_node/install.log --single-version-externally-managed install_data
