[4.722s] Invoking command in '/home/soda/VLAA/src/camera_pub': PYTHONPATH=/home/soda/VLAA/build/camera_pub/prefix_override:/usr/lib/python3/dist-packages/colcon_core/task/python/colcon_distutils_commands:/home/soda/VLAA/install/camera_pub/lib/python3.10/site-packages:${PYTHONPATH} /usr/bin/python3 -W ignore:setup.py install is deprecated -W ignore:easy_install command is deprecated setup.py egg_info --egg-base ../../build/camera_pub build --build-base /home/soda/VLAA/build/camera_pub/build install --record /home/soda/VLAA/build/camera_pub/install.log --single-version-externally-managed install_data
[5.590s] running egg_info
[5.632s] writing ../../build/camera_pub/camera_pub.egg-info/PKG-INFO
[5.633s] writing dependency_links to ../../build/camera_pub/camera_pub.egg-info/dependency_links.txt
[5.633s] writing entry points to ../../build/camera_pub/camera_pub.egg-info/entry_points.txt
[5.633s] writing requirements to ../../build/camera_pub/camera_pub.egg-info/requires.txt
[5.634s] writing top-level names to ../../build/camera_pub/camera_pub.egg-info/top_level.txt
[5.715s] reading manifest file '../../build/camera_pub/camera_pub.egg-info/SOURCES.txt'
[5.717s] writing manifest file '../../build/camera_pub/camera_pub.egg-info/SOURCES.txt'
[5.717s] running build
[5.717s] running build_py
[5.717s] copying camera_pub/camera_publisher_node.py -> /home/soda/VLAA/build/camera_pub/build/lib/camera_pub
[5.718s] running install
[5.728s] running install_lib
[5.769s] copying /home/soda/VLAA/build/camera_pub/build/lib/camera_pub/camera_publisher_node.py -> /home/soda/VLAA/install/camera_pub/lib/python3.10/site-packages/camera_pub
[5.769s] byte-compiling /home/soda/VLAA/install/camera_pub/lib/python3.10/site-packages/camera_pub/camera_publisher_node.py to camera_publisher_node.cpython-310.pyc
[5.770s] running install_data
[5.770s] running install_egg_info
[5.770s]   File "/home/soda/VLAA/install/camera_pub/lib/python3.10/site-packages/camera_pub/camera_publisher_node.py", line 17
[5.770s]     "nvarguscamerasrc ! video/x-raw(memory:NVMM), width=1280, height=720, "
[5.771s]     ^^^^^^^^^^^^^^^^^^^^^^^^^^^^^^^^^^^^^^^^^^^^^^^^^^^^^^^^^^^^^^^^^^^^^^^
[5.771s] SyntaxError: invalid syntax
[5.771s] 
[5.812s] removing '/home/soda/VLAA/install/camera_pub/lib/python3.10/site-packages/camera_pub-0.0.0-py3.10.egg-info' (and everything under it)
[5.813s] Copying ../../build/camera_pub/camera_pub.egg-info to /home/soda/VLAA/install/camera_pub/lib/python3.10/site-packages/camera_pub-0.0.0-py3.10.egg-info
[5.815s] running install_scripts
[5.975s] Installing camera_publisher_node script to /home/soda/VLAA/install/camera_pub/lib/camera_pub
[5.976s] writing list of installed files to '/home/soda/VLAA/build/camera_pub/install.log'
[6.093s] Invoked command in '/home/soda/VLAA/src/camera_pub' returned '0': PYTHONPATH=/home/soda/VLAA/build/camera_pub/prefix_override:/usr/lib/python3/dist-packages/colcon_core/task/python/colcon_distutils_commands:/home/soda/VLAA/install/camera_pub/lib/python3.10/site-packages:${PYTHONPATH} /usr/bin/python3 -W ignore:setup.py install is deprecated -W ignore:easy_install command is deprecated setup.py egg_info --egg-base ../../build/camera_pub build --build-base /home/soda/VLAA/build/camera_pub/build install --record /home/soda/VLAA/build/camera_pub/install.log --single-version-externally-managed install_data
