[0.266s] DEBUG:colcon:Command line arguments: ['/usr/bin/colcon', 'build']
[0.267s] DEBUG:colcon:Parsed command line arguments: Namespace(log_base=None, log_level=None, verb_name='build', build_base='build', install_base='install', merge_install=False, symlink_install=False, test_result_base=None, continue_on_error=False, executor='parallel', parallel_workers=8, event_handlers=None, ignore_user_meta=False, metas=['./colcon.meta'], base_paths=['.'], packages_ignore=None, packages_ignore_regex=None, paths=None, packages_up_to=None, packages_up_to_regex=None, packages_above=None, packages_above_and_dependencies=None, packages_above_depth=None, packages_select_by_dep=None, packages_skip_by_dep=None, packages_skip_up_to=None, packages_select_build_failed=False, packages_skip_build_finished=False, packages_select_test_failures=False, packages_skip_test_passed=False, packages_select=None, packages_skip=None, packages_select_regex=None, packages_skip_regex=None, packages_start=None, packages_end=None, allow_overriding=[], cmake_args=None, cmake_target=None, cmake_target_skip_unavailable=False, cmake_clean_cache=False, cmake_clean_first=False, cmake_force_configure=False, ament_cmake_args=None, catkin_cmake_args=None, catkin_skip_building_tests=False, mixin_files=None, mixin=None, verb_parser=<colcon_mixin.mixin.mixin_argument.MixinArgumentDecorator object at 0xffffbbb60730>, verb_extension=<colcon_core.verb.build.BuildVerb object at 0xffffbbb60160>, main=<bound method BuildVerb.main of <colcon_core.verb.build.BuildVerb object at 0xffffbbb60160>>, mixin_verb=('build',))
[0.902s] Level 1:colcon.colcon_core.package_discovery:discover_packages(colcon_meta) check parameters
[0.902s] Level 1:colcon.colcon_core.package_discovery:discover_packages(recursive) check parameters
[0.902s] Level 1:colcon.colcon_core.package_discovery:discover_packages(ignore) check parameters
[0.903s] Level 1:colcon.colcon_core.package_discovery:discover_packages(path) check parameters
[0.903s] Level 1:colcon.colcon_core.package_discovery:discover_packages(colcon_meta) discover
[0.903s] Level 1:colcon.colcon_core.package_discovery:discover_packages(recursive) discover
[0.903s] INFO:colcon.colcon_core.package_discovery:Crawling recursively for packages in '/home/soda/VLAA'
[0.903s] Level 1:colcon.colcon_core.package_identification:_identify(.) by extensions ['ignore', 'ignore_ament_install']
[0.903s] Level 1:colcon.colcon_core.package_identification:_identify(.) by extension 'ignore'
[0.903s] Level 1:colcon.colcon_core.package_identification:_identify(.) by extension 'ignore_ament_install'
[0.903s] Level 1:colcon.colcon_core.package_identification:_identify(.) by extensions ['colcon_pkg']
[0.904s] Level 1:colcon.colcon_core.package_identification:_identify(.) by extension 'colcon_pkg'
[0.904s] Level 1:colcon.colcon_core.package_identification:_identify(.) by extensions ['colcon_meta']
[0.904s] Level 1:colcon.colcon_core.package_identification:_identify(.) by extension 'colcon_meta'
[0.904s] Level 1:colcon.colcon_core.package_identification:_identify(.) by extensions ['ros']
[0.904s] Level 1:colcon.colcon_core.package_identification:_identify(.) by extension 'ros'
[0.928s] Level 1:colcon.colcon_core.package_identification:_identify(.) by extensions ['cmake', 'python']
[0.929s] Level 1:colcon.colcon_core.package_identification:_identify(.) by extension 'cmake'
[0.929s] Level 1:colcon.colcon_core.package_identification:_identify(.) by extension 'python'
[0.929s] Level 1:colcon.colcon_core.package_identification:_identify(.) by extensions ['python_setup_py']
[0.929s] Level 1:colcon.colcon_core.package_identification:_identify(.) by extension 'python_setup_py'
[0.929s] Level 1:colcon.colcon_core.package_identification:_identify(build) by extensions ['ignore', 'ignore_ament_install']
[0.929s] Level 1:colcon.colcon_core.package_identification:_identify(build) by extension 'ignore'
[0.930s] Level 1:colcon.colcon_core.package_identification:_identify(build) ignored
[0.930s] Level 1:colcon.colcon_core.package_identification:_identify(install) by extensions ['ignore', 'ignore_ament_install']
[0.930s] Level 1:colcon.colcon_core.package_identification:_identify(install) by extension 'ignore'
[0.930s] Level 1:colcon.colcon_core.package_identification:_identify(install) ignored
[0.930s] Level 1:colcon.colcon_core.package_identification:_identify(log) by extensions ['ignore', 'ignore_ament_install']
[0.931s] Level 1:colcon.colcon_core.package_identification:_identify(log) by extension 'ignore'
[0.931s] Level 1:colcon.colcon_core.package_identification:_identify(log) ignored
[0.931s] Level 1:colcon.colcon_core.package_identification:_identify(src) by extensions ['ignore', 'ignore_ament_install']
[0.931s] Level 1:colcon.colcon_core.package_identification:_identify(src) by extension 'ignore'
[0.931s] Level 1:colcon.colcon_core.package_identification:_identify(src) by extension 'ignore_ament_install'
[0.931s] Level 1:colcon.colcon_core.package_identification:_identify(src) by extensions ['colcon_pkg']
[0.931s] Level 1:colcon.colcon_core.package_identification:_identify(src) by extension 'colcon_pkg'
[0.931s] Level 1:colcon.colcon_core.package_identification:_identify(src) by extensions ['colcon_meta']
[0.931s] Level 1:colcon.colcon_core.package_identification:_identify(src) by extension 'colcon_meta'
[0.932s] Level 1:colcon.colcon_core.package_identification:_identify(src) by extensions ['ros']
[0.932s] Level 1:colcon.colcon_core.package_identification:_identify(src) by extension 'ros'
[0.932s] Level 1:colcon.colcon_core.package_identification:_identify(src) by extensions ['cmake', 'python']
[0.932s] Level 1:colcon.colcon_core.package_identification:_identify(src) by extension 'cmake'
[0.932s] Level 1:colcon.colcon_core.package_identification:_identify(src) by extension 'python'
[0.932s] Level 1:colcon.colcon_core.package_identification:_identify(src) by extensions ['python_setup_py']
[0.932s] Level 1:colcon.colcon_core.package_identification:_identify(src) by extension 'python_setup_py'
[0.932s] Level 1:colcon.colcon_core.package_identification:_identify(src/action_executor_node) by extensions ['ignore', 'ignore_ament_install']
[0.933s] Level 1:colcon.colcon_core.package_identification:_identify(src/action_executor_node) by extension 'ignore'
[0.933s] Level 1:colcon.colcon_core.package_identification:_identify(src/action_executor_node) by extension 'ignore_ament_install'
[0.933s] Level 1:colcon.colcon_core.package_identification:_identify(src/action_executor_node) by extensions ['colcon_pkg']
[0.933s] Level 1:colcon.colcon_core.package_identification:_identify(src/action_executor_node) by extension 'colcon_pkg'
[0.933s] Level 1:colcon.colcon_core.package_identification:_identify(src/action_executor_node) by extensions ['colcon_meta']
[0.933s] Level 1:colcon.colcon_core.package_identification:_identify(src/action_executor_node) by extension 'colcon_meta'
[0.933s] Level 1:colcon.colcon_core.package_identification:_identify(src/action_executor_node) by extensions ['ros']
[0.933s] Level 1:colcon.colcon_core.package_identification:_identify(src/action_executor_node) by extension 'ros'
[0.941s] DEBUG:colcon.colcon_core.package_identification:Package 'src/action_executor_node' with type 'ros.ament_python' and name 'action_executor_node'
[0.941s] Level 1:colcon.colcon_core.package_identification:_identify(src/action_launch) by extensions ['ignore', 'ignore_ament_install']
[0.941s] Level 1:colcon.colcon_core.package_identification:_identify(src/action_launch) by extension 'ignore'
[0.941s] Level 1:colcon.colcon_core.package_identification:_identify(src/action_launch) by extension 'ignore_ament_install'
[0.941s] Level 1:colcon.colcon_core.package_identification:_identify(src/action_launch) by extensions ['colcon_pkg']
[0.942s] Level 1:colcon.colcon_core.package_identification:_identify(src/action_launch) by extension 'colcon_pkg'
[0.942s] Level 1:colcon.colcon_core.package_identification:_identify(src/action_launch) by extensions ['colcon_meta']
[0.942s] Level 1:colcon.colcon_core.package_identification:_identify(src/action_launch) by extension 'colcon_meta'
[0.942s] Level 1:colcon.colcon_core.package_identification:_identify(src/action_launch) by extensions ['ros']
[0.942s] Level 1:colcon.colcon_core.package_identification:_identify(src/action_launch) by extension 'ros'
[0.942s] Level 1:colcon.colcon_core.package_identification:_identify(src/action_launch) by extensions ['cmake', 'python']
[0.942s] Level 1:colcon.colcon_core.package_identification:_identify(src/action_launch) by extension 'cmake'
[0.942s] Level 1:colcon.colcon_core.package_identification:_identify(src/action_launch) by extension 'python'
[0.942s] Level 1:colcon.colcon_core.package_identification:_identify(src/action_launch) by extensions ['python_setup_py']
[0.942s] Level 1:colcon.colcon_core.package_identification:_identify(src/action_launch) by extension 'python_setup_py'
[0.943s] Level 1:colcon.colcon_core.package_identification:_identify(src/action_launch/launch) by extensions ['ignore', 'ignore_ament_install']
[0.943s] Level 1:colcon.colcon_core.package_identification:_identify(src/action_launch/launch) by extension 'ignore'
[0.943s] Level 1:colcon.colcon_core.package_identification:_identify(src/action_launch/launch) by extension 'ignore_ament_install'
[0.943s] Level 1:colcon.colcon_core.package_identification:_identify(src/action_launch/launch) by extensions ['colcon_pkg']
[0.943s] Level 1:colcon.colcon_core.package_identification:_identify(src/action_launch/launch) by extension 'colcon_pkg'
[0.943s] Level 1:colcon.colcon_core.package_identification:_identify(src/action_launch/launch) by extensions ['colcon_meta']
[0.943s] Level 1:colcon.colcon_core.package_identification:_identify(src/action_launch/launch) by extension 'colcon_meta'
[0.943s] Level 1:colcon.colcon_core.package_identification:_identify(src/action_launch/launch) by extensions ['ros']
[0.943s] Level 1:colcon.colcon_core.package_identification:_identify(src/action_launch/launch) by extension 'ros'
[0.943s] Level 1:colcon.colcon_core.package_identification:_identify(src/action_launch/launch) by extensions ['cmake', 'python']
[0.944s] Level 1:colcon.colcon_core.package_identification:_identify(src/action_launch/launch) by extension 'cmake'
[0.944s] Level 1:colcon.colcon_core.package_identification:_identify(src/action_launch/launch) by extension 'python'
[0.944s] Level 1:colcon.colcon_core.package_identification:_identify(src/action_launch/launch) by extensions ['python_setup_py']
[0.944s] Level 1:colcon.colcon_core.package_identification:_identify(src/action_launch/launch) by extension 'python_setup_py'
[0.944s] Level 1:colcon.colcon_core.package_identification:_identify(src/camera_pub) by extensions ['ignore', 'ignore_ament_install']
[0.944s] Level 1:colcon.colcon_core.package_identification:_identify(src/camera_pub) by extension 'ignore'
[0.944s] Level 1:colcon.colcon_core.package_identification:_identify(src/camera_pub) by extension 'ignore_ament_install'
[0.944s] Level 1:colcon.colcon_core.package_identification:_identify(src/camera_pub) by extensions ['colcon_pkg']
[0.944s] Level 1:colcon.colcon_core.package_identification:_identify(src/camera_pub) by extension 'colcon_pkg'
[0.945s] Level 1:colcon.colcon_core.package_identification:_identify(src/camera_pub) by extensions ['colcon_meta']
[0.945s] Level 1:colcon.colcon_core.package_identification:_identify(src/camera_pub) by extension 'colcon_meta'
[0.945s] Level 1:colcon.colcon_core.package_identification:_identify(src/camera_pub) by extensions ['ros']
[0.945s] Level 1:colcon.colcon_core.package_identification:_identify(src/camera_pub) by extension 'ros'
[0.946s] DEBUG:colcon.colcon_core.package_identification:Package 'src/camera_pub' with type 'ros.ament_python' and name 'camera_pub'
[0.946s] Level 1:colcon.colcon_core.package_identification:_identify(src/omni_controller) by extensions ['ignore', 'ignore_ament_install']
[0.947s] Level 1:colcon.colcon_core.package_identification:_identify(src/omni_controller) by extension 'ignore'
[0.947s] Level 1:colcon.colcon_core.package_identification:_identify(src/omni_controller) by extension 'ignore_ament_install'
[0.947s] Level 1:colcon.colcon_core.package_identification:_identify(src/omni_controller) by extensions ['colcon_pkg']
[0.947s] Level 1:colcon.colcon_core.package_identification:_identify(src/omni_controller) by extension 'colcon_pkg'
[0.947s] Level 1:colcon.colcon_core.package_identification:_identify(src/omni_controller) by extensions ['colcon_meta']
[0.947s] Level 1:colcon.colcon_core.package_identification:_identify(src/omni_controller) by extension 'colcon_meta'
[0.947s] Level 1:colcon.colcon_core.package_identification:_identify(src/omni_controller) by extensions ['ros']
[0.947s] Level 1:colcon.colcon_core.package_identification:_identify(src/omni_controller) by extension 'ros'
[0.948s] DEBUG:colcon.colcon_core.package_identification:Package 'src/omni_controller' with type 'ros.ament_python' and name 'omni_controller'
[0.949s] Level 1:colcon.colcon_core.package_identification:_identify(src/vla_node) by extensions ['ignore', 'ignore_ament_install']
[0.949s] Level 1:colcon.colcon_core.package_identification:_identify(src/vla_node) by extension 'ignore'
[0.949s] Level 1:colcon.colcon_core.package_identification:_identify(src/vla_node) by extension 'ignore_ament_install'
[0.949s] Level 1:colcon.colcon_core.package_identification:_identify(src/vla_node) by extensions ['colcon_pkg']
[0.949s] Level 1:colcon.colcon_core.package_identification:_identify(src/vla_node) by extension 'colcon_pkg'
[0.949s] Level 1:colcon.colcon_core.package_identification:_identify(src/vla_node) by extensions ['colcon_meta']
[0.949s] Level 1:colcon.colcon_core.package_identification:_identify(src/vla_node) by extension 'colcon_meta'
[0.949s] Level 1:colcon.colcon_core.package_identification:_identify(src/vla_node) by extensions ['ros']
[0.949s] Level 1:colcon.colcon_core.package_identification:_identify(src/vla_node) by extension 'ros'
[0.951s] DEBUG:colcon.colcon_core.package_identification:Package 'src/vla_node' with type 'ros.ament_python' and name 'vla_node'
[0.951s] Level 1:colcon.colcon_core.package_discovery:discover_packages(recursive) using defaults
[0.951s] Level 1:colcon.colcon_core.package_discovery:discover_packages(ignore) discover
[0.951s] Level 1:colcon.colcon_core.package_discovery:discover_packages(ignore) using defaults
[0.951s] Level 1:colcon.colcon_core.package_discovery:discover_packages(path) discover
[0.951s] Level 1:colcon.colcon_core.package_discovery:discover_packages(path) using defaults
[0.993s] Level 1:colcon.colcon_core.package_discovery:discover_packages(prefix_path) check parameters
[0.993s] Level 1:colcon.colcon_core.package_discovery:discover_packages(prefix_path) discover
[1.000s] DEBUG:colcon.colcon_installed_package_information.package_discovery:Found 4 installed packages in /home/soda/VLAA/install
[1.001s] DEBUG:colcon.colcon_installed_package_information.package_discovery:Found 3 installed packages in /home/soda/ros2_ws/install
[1.002s] DEBUG:colcon.colcon_installed_package_information.package_discovery:Found 283 installed packages in /opt/ros/humble
[1.004s] Level 1:colcon.colcon_core.package_discovery:discover_packages(prefix_path) using defaults
[1.091s] Level 5:colcon.colcon_core.verb:set package 'action_executor_node' build argument 'cmake_args' from command line to 'None'
[1.091s] Level 5:colcon.colcon_core.verb:set package 'action_executor_node' build argument 'cmake_target' from command line to 'None'
[1.091s] Level 5:colcon.colcon_core.verb:set package 'action_executor_node' build argument 'cmake_target_skip_unavailable' from command line to 'False'
[1.091s] Level 5:colcon.colcon_core.verb:set package 'action_executor_node' build argument 'cmake_clean_cache' from command line to 'False'
[1.091s] Level 5:colcon.colcon_core.verb:set package 'action_executor_node' build argument 'cmake_clean_first' from command line to 'False'
[1.091s] Level 5:colcon.colcon_core.verb:set package 'action_executor_node' build argument 'cmake_force_configure' from command line to 'False'
[1.091s] Level 5:colcon.colcon_core.verb:set package 'action_executor_node' build argument 'ament_cmake_args' from command line to 'None'
[1.091s] Level 5:colcon.colcon_core.verb:set package 'action_executor_node' build argument 'catkin_cmake_args' from command line to 'None'
[1.091s] Level 5:colcon.colcon_core.verb:set package 'action_executor_node' build argument 'catkin_skip_building_tests' from command line to 'False'
[1.091s] DEBUG:colcon.colcon_core.verb:Building package 'action_executor_node' with the following arguments: {'ament_cmake_args': None, 'build_base': '/home/soda/VLAA/build/action_executor_node', 'catkin_cmake_args': None, 'catkin_skip_building_tests': False, 'cmake_args': None, 'cmake_clean_cache': False, 'cmake_clean_first': False, 'cmake_force_configure': False, 'cmake_target': None, 'cmake_target_skip_unavailable': False, 'install_base': '/home/soda/VLAA/install/action_executor_node', 'merge_install': False, 'path': '/home/soda/VLAA/src/action_executor_node', 'symlink_install': False, 'test_result_base': None}
[1.092s] Level 5:colcon.colcon_core.verb:set package 'camera_pub' build argument 'cmake_args' from command line to 'None'
[1.092s] Level 5:colcon.colcon_core.verb:set package 'camera_pub' build argument 'cmake_target' from command line to 'None'
[1.092s] Level 5:colcon.colcon_core.verb:set package 'camera_pub' build argument 'cmake_target_skip_unavailable' from command line to 'False'
[1.092s] Level 5:colcon.colcon_core.verb:set package 'camera_pub' build argument 'cmake_clean_cache' from command line to 'False'
[1.092s] Level 5:colcon.colcon_core.verb:set package 'camera_pub' build argument 'cmake_clean_first' from command line to 'False'
[1.092s] Level 5:colcon.colcon_core.verb:set package 'camera_pub' build argument 'cmake_force_configure' from command line to 'False'
[1.092s] Level 5:colcon.colcon_core.verb:set package 'camera_pub' build argument 'ament_cmake_args' from command line to 'None'
[1.092s] Level 5:colcon.colcon_core.verb:set package 'camera_pub' build argument 'catkin_cmake_args' from command line to 'None'
[1.092s] Level 5:colcon.colcon_core.verb:set package 'camera_pub' build argument 'catkin_skip_building_tests' from command line to 'False'
[1.092s] DEBUG:colcon.colcon_core.verb:Building package 'camera_pub' with the following arguments: {'ament_cmake_args': None, 'build_base': '/home/soda/VLAA/build/camera_pub', 'catkin_cmake_args': None, 'catkin_skip_building_tests': False, 'cmake_args': None, 'cmake_clean_cache': False, 'cmake_clean_first': False, 'cmake_force_configure': False, 'cmake_target': None, 'cmake_target_skip_unavailable': False, 'install_base': '/home/soda/VLAA/install/camera_pub', 'merge_install': False, 'path': '/home/soda/VLAA/src/camera_pub', 'symlink_install': False, 'test_result_base': None}
[1.093s] Level 5:colcon.colcon_core.verb:set package 'omni_controller' build argument 'cmake_args' from command line to 'None'
[1.093s] Level 5:colcon.colcon_core.verb:set package 'omni_controller' build argument 'cmake_target' from command line to 'None'
[1.093s] Level 5:colcon.colcon_core.verb:set package 'omni_controller' build argument 'cmake_target_skip_unavailable' from command line to 'False'
[1.093s] Level 5:colcon.colcon_core.verb:set package 'omni_controller' build argument 'cmake_clean_cache' from command line to 'False'
[1.093s] Level 5:colcon.colcon_core.verb:set package 'omni_controller' build argument 'cmake_clean_first' from command line to 'False'
[1.093s] Level 5:colcon.colcon_core.verb:set package 'omni_controller' build argument 'cmake_force_configure' from command line to 'False'
[1.093s] Level 5:colcon.colcon_core.verb:set package 'omni_controller' build argument 'ament_cmake_args' from command line to 'None'
[1.093s] Level 5:colcon.colcon_core.verb:set package 'omni_controller' build argument 'catkin_cmake_args' from command line to 'None'
[1.093s] Level 5:colcon.colcon_core.verb:set package 'omni_controller' build argument 'catkin_skip_building_tests' from command line to 'False'
[1.093s] DEBUG:colcon.colcon_core.verb:Building package 'omni_controller' with the following arguments: {'ament_cmake_args': None, 'build_base': '/home/soda/VLAA/build/omni_controller', 'catkin_cmake_args': None, 'catkin_skip_building_tests': False, 'cmake_args': None, 'cmake_clean_cache': False, 'cmake_clean_first': False, 'cmake_force_configure': False, 'cmake_target': None, 'cmake_target_skip_unavailable': False, 'install_base': '/home/soda/VLAA/install/omni_controller', 'merge_install': False, 'path': '/home/soda/VLAA/src/omni_controller', 'symlink_install': False, 'test_result_base': None}
[1.094s] Level 5:colcon.colcon_core.verb:set package 'vla_node' build argument 'cmake_args' from command line to 'None'
[1.094s] Level 5:colcon.colcon_core.verb:set package 'vla_node' build argument 'cmake_target' from command line to 'None'
[1.094s] Level 5:colcon.colcon_core.verb:set package 'vla_node' build argument 'cmake_target_skip_unavailable' from command line to 'False'
[1.094s] Level 5:colcon.colcon_core.verb:set package 'vla_node' build argument 'cmake_clean_cache' from command line to 'False'
[1.094s] Level 5:colcon.colcon_core.verb:set package 'vla_node' build argument 'cmake_clean_first' from command line to 'False'
[1.094s] Level 5:colcon.colcon_core.verb:set package 'vla_node' build argument 'cmake_force_configure' from command line to 'False'
[1.094s] Level 5:colcon.colcon_core.verb:set package 'vla_node' build argument 'ament_cmake_args' from command line to 'None'
[1.094s] Level 5:colcon.colcon_core.verb:set package 'vla_node' build argument 'catkin_cmake_args' from command line to 'None'
[1.094s] Level 5:colcon.colcon_core.verb:set package 'vla_node' build argument 'catkin_skip_building_tests' from command line to 'False'
[1.094s] DEBUG:colcon.colcon_core.verb:Building package 'vla_node' with the following arguments: {'ament_cmake_args': None, 'build_base': '/home/soda/VLAA/build/vla_node', 'catkin_cmake_args': None, 'catkin_skip_building_tests': False, 'cmake_args': None, 'cmake_clean_cache': False, 'cmake_clean_first': False, 'cmake_force_configure': False, 'cmake_target': None, 'cmake_target_skip_unavailable': False, 'install_base': '/home/soda/VLAA/install/vla_node', 'merge_install': False, 'path': '/home/soda/VLAA/src/vla_node', 'symlink_install': False, 'test_result_base': None}
[1.094s] INFO:colcon.colcon_core.executor:Executing jobs using 'parallel' executor
[1.096s] DEBUG:colcon.colcon_parallel_executor.executor.parallel:run_until_complete
[1.097s] INFO:colcon.colcon_ros.task.ament_python.build:Building ROS package in '/home/soda/VLAA/src/action_executor_node' with build type 'ament_python'
[1.097s] Level 1:colcon.colcon_core.shell:create_environment_hook('action_executor_node', 'ament_prefix_path')
[1.102s] INFO:colcon.colcon_core.plugin_system:Skipping extension 'colcon_core.shell.bat': Not used on non-Windows systems
[1.103s] INFO:colcon.colcon_core.shell:Creating environment hook '/home/soda/VLAA/install/action_executor_node/share/action_executor_node/hook/ament_prefix_path.ps1'
[1.104s] INFO:colcon.colcon_core.shell:Creating environment descriptor '/home/soda/VLAA/install/action_executor_node/share/action_executor_node/hook/ament_prefix_path.dsv'
[1.105s] INFO:colcon.colcon_core.shell:Creating environment hook '/home/soda/VLAA/install/action_executor_node/share/action_executor_node/hook/ament_prefix_path.sh'
[1.107s] INFO:colcon.colcon_core.shell:Skip shell extension 'powershell' for command environment: Not usable outside of PowerShell
[1.107s] DEBUG:colcon.colcon_core.shell:Skip shell extension 'dsv' for command environment
[1.113s] INFO:colcon.colcon_ros.task.ament_python.build:Building ROS package in '/home/soda/VLAA/src/camera_pub' with build type 'ament_python'
[1.113s] Level 1:colcon.colcon_core.shell:create_environment_hook('camera_pub', 'ament_prefix_path')
[1.114s] INFO:colcon.colcon_core.shell:Creating environment hook '/home/soda/VLAA/install/camera_pub/share/camera_pub/hook/ament_prefix_path.ps1'
[1.115s] INFO:colcon.colcon_core.shell:Creating environment descriptor '/home/soda/VLAA/install/camera_pub/share/camera_pub/hook/ament_prefix_path.dsv'
[1.115s] INFO:colcon.colcon_core.shell:Creating environment hook '/home/soda/VLAA/install/camera_pub/share/camera_pub/hook/ament_prefix_path.sh'
[1.116s] INFO:colcon.colcon_core.shell:Skip shell extension 'powershell' for command environment: Not usable outside of PowerShell
[1.117s] DEBUG:colcon.colcon_core.shell:Skip shell extension 'dsv' for command environment
[1.122s] INFO:colcon.colcon_ros.task.ament_python.build:Building ROS package in '/home/soda/VLAA/src/omni_controller' with build type 'ament_python'
[1.122s] Level 1:colcon.colcon_core.shell:create_environment_hook('omni_controller', 'ament_prefix_path')
[1.123s] INFO:colcon.colcon_core.shell:Creating environment hook '/home/soda/VLAA/install/omni_controller/share/omni_controller/hook/ament_prefix_path.ps1'
[1.124s] INFO:colcon.colcon_core.shell:Creating environment descriptor '/home/soda/VLAA/install/omni_controller/share/omni_controller/hook/ament_prefix_path.dsv'
[1.124s] INFO:colcon.colcon_core.shell:Creating environment hook '/home/soda/VLAA/install/omni_controller/share/omni_controller/hook/ament_prefix_path.sh'
[1.125s] INFO:colcon.colcon_core.shell:Skip shell extension 'powershell' for command environment: Not usable outside of PowerShell
[1.125s] DEBUG:colcon.colcon_core.shell:Skip shell extension 'dsv' for command environment
[1.131s] INFO:colcon.colcon_ros.task.ament_python.build:Building ROS package in '/home/soda/VLAA/src/vla_node' with build type 'ament_python'
[1.131s] Level 1:colcon.colcon_core.shell:create_environment_hook('vla_node', 'ament_prefix_path')
[1.132s] INFO:colcon.colcon_core.shell:Creating environment hook '/home/soda/VLAA/install/vla_node/share/vla_node/hook/ament_prefix_path.ps1'
[1.133s] INFO:colcon.colcon_core.shell:Creating environment descriptor '/home/soda/VLAA/install/vla_node/share/vla_node/hook/ament_prefix_path.dsv'
[1.133s] INFO:colcon.colcon_core.shell:Creating environment hook '/home/soda/VLAA/install/vla_node/share/vla_node/hook/ament_prefix_path.sh'
[1.134s] INFO:colcon.colcon_core.shell:Skip shell extension 'powershell' for command environment: Not usable outside of PowerShell
[1.134s] DEBUG:colcon.colcon_core.shell:Skip shell extension 'dsv' for command environment
[1.988s] INFO:colcon.colcon_core.task.python.build:Building Python package in '/home/soda/VLAA/src/action_executor_node'
[1.989s] INFO:colcon.colcon_core.shell:Skip shell extension 'powershell' for command environment: Not usable outside of PowerShell
[1.989s] DEBUG:colcon.colcon_core.shell:Skip shell extension 'dsv' for command environment
[2.803s] INFO:colcon.colcon_core.task.python.build:Building Python package in '/home/soda/VLAA/src/camera_pub'
[2.804s] INFO:colcon.colcon_core.shell:Skip shell extension 'powershell' for command environment: Not usable outside of PowerShell
[2.804s] DEBUG:colcon.colcon_core.shell:Skip shell extension 'dsv' for command environment
[3.611s] INFO:colcon.colcon_core.task.python.build:Building Python package in '/home/soda/VLAA/src/omni_controller'
[3.611s] INFO:colcon.colcon_core.shell:Skip shell extension 'powershell' for command environment: Not usable outside of PowerShell
[3.611s] DEBUG:colcon.colcon_core.shell:Skip shell extension 'dsv' for command environment
[4.408s] INFO:colcon.colcon_core.task.python.build:Building Python package in '/home/soda/VLAA/src/vla_node'
[4.409s] INFO:colcon.colcon_core.shell:Skip shell extension 'powershell' for command environment: Not usable outside of PowerShell
[4.409s] DEBUG:colcon.colcon_core.shell:Skip shell extension 'dsv' for command environment
[6.129s] DEBUG:colcon.colcon_core.event_handler.log_command:Invoking command in '/home/soda/VLAA/src/vla_node': CONDA_PROMPT_MODIFIER=(base) PYTHONPATH=/home/soda/VLAA/build/vla_node/prefix_override:/usr/lib/python3/dist-packages/colcon_core/task/python/colcon_distutils_commands:/home/soda/VLAA/install/vla_node/lib/python3.10/site-packages:${PYTHONPATH} /usr/bin/python3 -W ignore:setup.py install is deprecated -W ignore:easy_install command is deprecated setup.py egg_info --egg-base ../../build/vla_node build --build-base /home/soda/VLAA/build/vla_node/build install --record /home/soda/VLAA/build/vla_node/install.log --single-version-externally-managed install_data
[6.138s] DEBUG:colcon.colcon_core.event_handler.log_command:Invoking command in '/home/soda/VLAA/src/camera_pub': CONDA_PROMPT_MODIFIER=(base) PYTHONPATH=/home/soda/VLAA/build/camera_pub/prefix_override:/usr/lib/python3/dist-packages/colcon_core/task/python/colcon_distutils_commands:/home/soda/VLAA/install/camera_pub/lib/python3.10/site-packages:${PYTHONPATH} /usr/bin/python3 -W ignore:setup.py install is deprecated -W ignore:easy_install command is deprecated setup.py egg_info --egg-base ../../build/camera_pub build --build-base /home/soda/VLAA/build/camera_pub/build install --record /home/soda/VLAA/build/camera_pub/install.log --single-version-externally-managed install_data
[6.143s] DEBUG:colcon.colcon_core.event_handler.log_command:Invoking command in '/home/soda/VLAA/src/action_executor_node': CONDA_PROMPT_MODIFIER=(base) PYTHONPATH=/home/soda/VLAA/build/action_executor_node/prefix_override:/usr/lib/python3/dist-packages/colcon_core/task/python/colcon_distutils_commands:/home/soda/VLAA/install/action_executor_node/lib/python3.10/site-packages:${PYTHONPATH} /usr/bin/python3 -W ignore:setup.py install is deprecated -W ignore:easy_install command is deprecated setup.py egg_info --egg-base ../../build/action_executor_node build --build-base /home/soda/VLAA/build/action_executor_node/build install --record /home/soda/VLAA/build/action_executor_node/install.log --single-version-externally-managed install_data
[6.267s] DEBUG:colcon.colcon_core.event_handler.log_command:Invoking command in '/home/soda/VLAA/src/omni_controller': CONDA_PROMPT_MODIFIER=(base) PYTHONPATH=/home/soda/VLAA/build/omni_controller/prefix_override:/usr/lib/python3/dist-packages/colcon_core/task/python/colcon_distutils_commands:/home/soda/VLAA/install/omni_controller/lib/python3.10/site-packages:${PYTHONPATH} /usr/bin/python3 -W ignore:setup.py install is deprecated -W ignore:easy_install command is deprecated setup.py egg_info --egg-base ../../build/omni_controller build --build-base /home/soda/VLAA/build/omni_controller/build install --record /home/soda/VLAA/build/omni_controller/install.log --single-version-externally-managed install_data
[7.539s] DEBUG:colcon.colcon_core.event_handler.log_command:Invoked command in '/home/soda/VLAA/src/camera_pub' returned '0': CONDA_PROMPT_MODIFIER=(base) PYTHONPATH=/home/soda/VLAA/build/camera_pub/prefix_override:/usr/lib/python3/dist-packages/colcon_core/task/python/colcon_distutils_commands:/home/soda/VLAA/install/camera_pub/lib/python3.10/site-packages:${PYTHONPATH} /usr/bin/python3 -W ignore:setup.py install is deprecated -W ignore:easy_install command is deprecated setup.py egg_info --egg-base ../../build/camera_pub build --build-base /home/soda/VLAA/build/camera_pub/build install --record /home/soda/VLAA/build/camera_pub/install.log --single-version-externally-managed install_data
[7.550s] Level 1:colcon.colcon_core.environment:checking '/home/soda/VLAA/install/camera_pub' for CMake module files
[7.551s] Level 1:colcon.colcon_core.environment:checking '/home/soda/VLAA/install/camera_pub' for CMake config files
[7.553s] Level 1:colcon.colcon_core.environment:checking '/home/soda/VLAA/install/camera_pub/lib'
[7.554s] Level 1:colcon.colcon_core.environment:checking '/home/soda/VLAA/install/camera_pub/bin'
[7.554s] Level 1:colcon.colcon_core.environment:checking '/home/soda/VLAA/install/camera_pub/lib/pkgconfig/camera_pub.pc'
[7.554s] Level 1:colcon.colcon_core.environment:checking '/home/soda/VLAA/install/camera_pub/lib/python3.10/site-packages'
[7.554s] Level 1:colcon.colcon_core.shell:create_environment_hook('camera_pub', 'pythonpath')
[7.555s] INFO:colcon.colcon_core.shell:Creating environment hook '/home/soda/VLAA/install/camera_pub/share/camera_pub/hook/pythonpath.ps1'
[7.556s] INFO:colcon.colcon_core.shell:Creating environment descriptor '/home/soda/VLAA/install/camera_pub/share/camera_pub/hook/pythonpath.dsv'
[7.557s] INFO:colcon.colcon_core.shell:Creating environment hook '/home/soda/VLAA/install/camera_pub/share/camera_pub/hook/pythonpath.sh'
[7.558s] Level 1:colcon.colcon_core.environment:checking '/home/soda/VLAA/install/camera_pub/bin'
[7.558s] Level 1:colcon.colcon_core.environment:create_environment_scripts_only(camera_pub)
[7.559s] INFO:colcon.colcon_core.shell:Creating package script '/home/soda/VLAA/install/camera_pub/share/camera_pub/package.ps1'
[7.560s] INFO:colcon.colcon_core.shell:Creating package descriptor '/home/soda/VLAA/install/camera_pub/share/camera_pub/package.dsv'
[7.562s] INFO:colcon.colcon_core.shell:Creating package script '/home/soda/VLAA/install/camera_pub/share/camera_pub/package.sh'
[7.563s] INFO:colcon.colcon_core.shell:Creating package script '/home/soda/VLAA/install/camera_pub/share/camera_pub/package.bash'
[7.565s] INFO:colcon.colcon_core.shell:Creating package script '/home/soda/VLAA/install/camera_pub/share/camera_pub/package.zsh'
[7.566s] Level 1:colcon.colcon_core.environment:create_file_with_runtime_dependencies(/home/soda/VLAA/install/camera_pub/share/colcon-core/packages/camera_pub)
[7.569s] Level 1:colcon.colcon_core.environment:checking '/home/soda/VLAA/install/action_executor_node' for CMake module files
[7.570s] DEBUG:colcon.colcon_core.event_handler.log_command:Invoked command in '/home/soda/VLAA/src/action_executor_node' returned '0': CONDA_PROMPT_MODIFIER=(base) PYTHONPATH=/home/soda/VLAA/build/action_executor_node/prefix_override:/usr/lib/python3/dist-packages/colcon_core/task/python/colcon_distutils_commands:/home/soda/VLAA/install/action_executor_node/lib/python3.10/site-packages:${PYTHONPATH} /usr/bin/python3 -W ignore:setup.py install is deprecated -W ignore:easy_install command is deprecated setup.py egg_info --egg-base ../../build/action_executor_node build --build-base /home/soda/VLAA/build/action_executor_node/build install --record /home/soda/VLAA/build/action_executor_node/install.log --single-version-externally-managed install_data
[7.570s] Level 1:colcon.colcon_core.environment:checking '/home/soda/VLAA/install/action_executor_node' for CMake config files
[7.572s] Level 1:colcon.colcon_core.environment:checking '/home/soda/VLAA/install/action_executor_node/lib'
[7.572s] Level 1:colcon.colcon_core.environment:checking '/home/soda/VLAA/install/action_executor_node/bin'
[7.572s] Level 1:colcon.colcon_core.environment:checking '/home/soda/VLAA/install/action_executor_node/lib/pkgconfig/action_executor_node.pc'
[7.573s] Level 1:colcon.colcon_core.environment:checking '/home/soda/VLAA/install/action_executor_node/lib/python3.10/site-packages'
[7.573s] Level 1:colcon.colcon_core.shell:create_environment_hook('action_executor_node', 'pythonpath')
[7.573s] INFO:colcon.colcon_core.shell:Creating environment hook '/home/soda/VLAA/install/action_executor_node/share/action_executor_node/hook/pythonpath.ps1'
[7.574s] INFO:colcon.colcon_core.shell:Creating environment descriptor '/home/soda/VLAA/install/action_executor_node/share/action_executor_node/hook/pythonpath.dsv'
[7.575s] INFO:colcon.colcon_core.shell:Creating environment hook '/home/soda/VLAA/install/action_executor_node/share/action_executor_node/hook/pythonpath.sh'
[7.576s] Level 1:colcon.colcon_core.environment:checking '/home/soda/VLAA/install/action_executor_node/bin'
[7.576s] Level 1:colcon.colcon_core.environment:create_environment_scripts_only(action_executor_node)
[7.576s] INFO:colcon.colcon_core.shell:Creating package script '/home/soda/VLAA/install/action_executor_node/share/action_executor_node/package.ps1'
[7.577s] INFO:colcon.colcon_core.shell:Creating package descriptor '/home/soda/VLAA/install/action_executor_node/share/action_executor_node/package.dsv'
[7.578s] INFO:colcon.colcon_core.shell:Creating package script '/home/soda/VLAA/install/action_executor_node/share/action_executor_node/package.sh'
[7.579s] INFO:colcon.colcon_core.shell:Creating package script '/home/soda/VLAA/install/action_executor_node/share/action_executor_node/package.bash'
[7.579s] INFO:colcon.colcon_core.shell:Creating package script '/home/soda/VLAA/install/action_executor_node/share/action_executor_node/package.zsh'
[7.580s] Level 1:colcon.colcon_core.environment:create_file_with_runtime_dependencies(/home/soda/VLAA/install/action_executor_node/share/colcon-core/packages/action_executor_node)
[7.582s] Level 1:colcon.colcon_core.environment:checking '/home/soda/VLAA/install/vla_node' for CMake module files
[7.583s] DEBUG:colcon.colcon_core.event_handler.log_command:Invoked command in '/home/soda/VLAA/src/vla_node' returned '0': CONDA_PROMPT_MODIFIER=(base) PYTHONPATH=/home/soda/VLAA/build/vla_node/prefix_override:/usr/lib/python3/dist-packages/colcon_core/task/python/colcon_distutils_commands:/home/soda/VLAA/install/vla_node/lib/python3.10/site-packages:${PYTHONPATH} /usr/bin/python3 -W ignore:setup.py install is deprecated -W ignore:easy_install command is deprecated setup.py egg_info --egg-base ../../build/vla_node build --build-base /home/soda/VLAA/build/vla_node/build install --record /home/soda/VLAA/build/vla_node/install.log --single-version-externally-managed install_data
[7.583s] Level 1:colcon.colcon_core.environment:checking '/home/soda/VLAA/install/vla_node' for CMake config files
[7.586s] Level 1:colcon.colcon_core.environment:checking '/home/soda/VLAA/install/vla_node/lib'
[7.587s] Level 1:colcon.colcon_core.environment:checking '/home/soda/VLAA/install/vla_node/bin'
[7.587s] Level 1:colcon.colcon_core.environment:checking '/home/soda/VLAA/install/vla_node/lib/pkgconfig/vla_node.pc'
[7.587s] Level 1:colcon.colcon_core.environment:checking '/home/soda/VLAA/install/vla_node/lib/python3.10/site-packages'
[7.587s] Level 1:colcon.colcon_core.shell:create_environment_hook('vla_node', 'pythonpath')
[7.588s] INFO:colcon.colcon_core.shell:Creating environment hook '/home/soda/VLAA/install/vla_node/share/vla_node/hook/pythonpath.ps1'
[7.588s] INFO:colcon.colcon_core.shell:Creating environment descriptor '/home/soda/VLAA/install/vla_node/share/vla_node/hook/pythonpath.dsv'
[7.589s] INFO:colcon.colcon_core.shell:Creating environment hook '/home/soda/VLAA/install/vla_node/share/vla_node/hook/pythonpath.sh'
[7.590s] Level 1:colcon.colcon_core.environment:checking '/home/soda/VLAA/install/vla_node/bin'
[7.590s] Level 1:colcon.colcon_core.environment:create_environment_scripts_only(vla_node)
[7.591s] INFO:colcon.colcon_core.shell:Creating package script '/home/soda/VLAA/install/vla_node/share/vla_node/package.ps1'
[7.591s] INFO:colcon.colcon_core.shell:Creating package descriptor '/home/soda/VLAA/install/vla_node/share/vla_node/package.dsv'
[7.592s] INFO:colcon.colcon_core.shell:Creating package script '/home/soda/VLAA/install/vla_node/share/vla_node/package.sh'
[7.593s] INFO:colcon.colcon_core.shell:Creating package script '/home/soda/VLAA/install/vla_node/share/vla_node/package.bash'
[7.593s] INFO:colcon.colcon_core.shell:Creating package script '/home/soda/VLAA/install/vla_node/share/vla_node/package.zsh'
[7.594s] Level 1:colcon.colcon_core.environment:create_file_with_runtime_dependencies(/home/soda/VLAA/install/vla_node/share/colcon-core/packages/vla_node)
[7.806s] Level 1:colcon.colcon_core.environment:checking '/home/soda/VLAA/install/omni_controller' for CMake module files
[7.807s] DEBUG:colcon.colcon_core.event_handler.log_command:Invoked command in '/home/soda/VLAA/src/omni_controller' returned '0': CONDA_PROMPT_MODIFIER=(base) PYTHONPATH=/home/soda/VLAA/build/omni_controller/prefix_override:/usr/lib/python3/dist-packages/colcon_core/task/python/colcon_distutils_commands:/home/soda/VLAA/install/omni_controller/lib/python3.10/site-packages:${PYTHONPATH} /usr/bin/python3 -W ignore:setup.py install is deprecated -W ignore:easy_install command is deprecated setup.py egg_info --egg-base ../../build/omni_controller build --build-base /home/soda/VLAA/build/omni_controller/build install --record /home/soda/VLAA/build/omni_controller/install.log --single-version-externally-managed install_data
[7.808s] Level 1:colcon.colcon_core.environment:checking '/home/soda/VLAA/install/omni_controller' for CMake config files
[7.809s] Level 1:colcon.colcon_core.environment:checking '/home/soda/VLAA/install/omni_controller/lib'
[7.810s] Level 1:colcon.colcon_core.environment:checking '/home/soda/VLAA/install/omni_controller/bin'
[7.810s] Level 1:colcon.colcon_core.environment:checking '/home/soda/VLAA/install/omni_controller/lib/pkgconfig/omni_controller.pc'
[7.810s] Level 1:colcon.colcon_core.environment:checking '/home/soda/VLAA/install/omni_controller/lib/python3.10/site-packages'
[7.810s] Level 1:colcon.colcon_core.shell:create_environment_hook('omni_controller', 'pythonpath')
[7.811s] INFO:colcon.colcon_core.shell:Creating environment hook '/home/soda/VLAA/install/omni_controller/share/omni_controller/hook/pythonpath.ps1'
[7.812s] INFO:colcon.colcon_core.shell:Creating environment descriptor '/home/soda/VLAA/install/omni_controller/share/omni_controller/hook/pythonpath.dsv'
[7.812s] INFO:colcon.colcon_core.shell:Creating environment hook '/home/soda/VLAA/install/omni_controller/share/omni_controller/hook/pythonpath.sh'
[7.813s] Level 1:colcon.colcon_core.environment:checking '/home/soda/VLAA/install/omni_controller/bin'
[7.813s] Level 1:colcon.colcon_core.environment:create_environment_scripts_only(omni_controller)
[7.814s] INFO:colcon.colcon_core.shell:Creating package script '/home/soda/VLAA/install/omni_controller/share/omni_controller/package.ps1'
[7.815s] INFO:colcon.colcon_core.shell:Creating package descriptor '/home/soda/VLAA/install/omni_controller/share/omni_controller/package.dsv'
[7.816s] INFO:colcon.colcon_core.shell:Creating package script '/home/soda/VLAA/install/omni_controller/share/omni_controller/package.sh'
[7.816s] INFO:colcon.colcon_core.shell:Creating package script '/home/soda/VLAA/install/omni_controller/share/omni_controller/package.bash'
[7.817s] INFO:colcon.colcon_core.shell:Creating package script '/home/soda/VLAA/install/omni_controller/share/omni_controller/package.zsh'
[7.817s] Level 1:colcon.colcon_core.environment:create_file_with_runtime_dependencies(/home/soda/VLAA/install/omni_controller/share/colcon-core/packages/omni_controller)
[7.818s] DEBUG:colcon.colcon_parallel_executor.executor.parallel:closing loop
[7.818s] DEBUG:colcon.colcon_parallel_executor.executor.parallel:loop closed
[7.819s] DEBUG:colcon.colcon_parallel_executor.executor.parallel:run_until_complete finished with '0'
[7.819s] DEBUG:colcon.colcon_core.event_reactor:joining thread
[7.832s] INFO:colcon.colcon_core.plugin_system:Skipping extension 'colcon_notification.desktop_notification.terminal_notifier': Not used on non-Darwin systems
[7.832s] INFO:colcon.colcon_core.plugin_system:Skipping extension 'colcon_notification.desktop_notification.win32': Not used on non-Windows systems
[7.833s] INFO:colcon.colcon_notification.desktop_notification:Sending desktop notification using 'notify2'
[7.956s] DEBUG:colcon.colcon_core.event_reactor:joined thread
[7.957s] INFO:colcon.colcon_core.shell:Creating prefix script '/home/soda/VLAA/install/local_setup.ps1'
[7.959s] INFO:colcon.colcon_core.shell:Creating prefix util module '/home/soda/VLAA/install/_local_setup_util_ps1.py'
[7.961s] INFO:colcon.colcon_core.shell:Creating prefix chain script '/home/soda/VLAA/install/setup.ps1'
[7.963s] INFO:colcon.colcon_core.shell:Creating prefix script '/home/soda/VLAA/install/local_setup.sh'
[7.964s] INFO:colcon.colcon_core.shell:Creating prefix util module '/home/soda/VLAA/install/_local_setup_util_sh.py'
[7.965s] INFO:colcon.colcon_core.shell:Creating prefix chain script '/home/soda/VLAA/install/setup.sh'
[7.968s] INFO:colcon.colcon_core.shell:Creating prefix script '/home/soda/VLAA/install/local_setup.bash'
[7.969s] INFO:colcon.colcon_core.shell:Creating prefix chain script '/home/soda/VLAA/install/setup.bash'
[7.971s] INFO:colcon.colcon_core.shell:Creating prefix script '/home/soda/VLAA/install/local_setup.zsh'
[7.972s] INFO:colcon.colcon_core.shell:Creating prefix chain script '/home/soda/VLAA/install/setup.zsh'
