[5.183s] Invoking command in '/home/soda/VLAA/src/action_executor_node': CONDA_PROMPT_MODIFIER=(base) PYTHONPATH=/home/soda/VLAA/build/action_executor_node/prefix_override:/usr/lib/python3/dist-packages/colcon_core/task/python/colcon_distutils_commands:/home/soda/VLAA/install/action_executor_node/lib/python3.10/site-packages:${PYTHONPATH} /usr/bin/python3 -W ignore:setup.py install is deprecated -W ignore:easy_install command is deprecated setup.py egg_info --egg-base ../../build/action_executor_node build --build-base /home/soda/VLAA/build/action_executor_node/build install --record /home/soda/VLAA/build/action_executor_node/install.log --single-version-externally-managed install_data
[6.125s] running egg_info
[6.169s] writing ../../build/action_executor_node/action_executor_node.egg-info/PKG-INFO
[6.170s] writing dependency_links to ../../build/action_executor_node/action_executor_node.egg-info/dependency_links.txt
[6.170s] writing entry points to ../../build/action_executor_node/action_executor_node.egg-info/entry_points.txt
[6.170s] writing requirements to ../../build/action_executor_node/action_executor_node.egg-info/requires.txt
[6.171s] writing top-level names to ../../build/action_executor_node/action_executor_node.egg-info/top_level.txt
[6.252s] reading manifest file '../../build/action_executor_node/action_executor_node.egg-info/SOURCES.txt'
[6.254s] writing manifest file '../../build/action_executor_node/action_executor_node.egg-info/SOURCES.txt'
[6.254s] running build
[6.254s] running build_py
[6.255s] running install
[6.264s] running install_lib
[6.305s] running install_data
[6.306s] running install_egg_info
[6.349s] removing '/home/soda/VLAA/install/action_executor_node/lib/python3.10/site-packages/action_executor_node-0.0.0-py3.10.egg-info' (and everything under it)
[6.350s] Copying ../../build/action_executor_node/action_executor_node.egg-info to /home/soda/VLAA/install/action_executor_node/lib/python3.10/site-packages/action_executor_node-0.0.0-py3.10.egg-info
[6.351s] running install_scripts
[6.505s] Installing action_executor_node script to /home/soda/VLAA/install/action_executor_node/lib/action_executor_node
[6.506s] writing list of installed files to '/home/soda/VLAA/build/action_executor_node/install.log'
[6.643s] Invoked command in '/home/soda/VLAA/src/action_executor_node' returned '0': CONDA_PROMPT_MODIFIER=(base) PYTHONPATH=/home/soda/VLAA/build/action_executor_node/prefix_override:/usr/lib/python3/dist-packages/colcon_core/task/python/colcon_distutils_commands:/home/soda/VLAA/install/action_executor_node/lib/python3.10/site-packages:${PYTHONPATH} /usr/bin/python3 -W ignore:setup.py install is deprecated -W ignore:easy_install command is deprecated setup.py egg_info --egg-base ../../build/action_executor_node build --build-base /home/soda/VLAA/build/action_executor_node/build install --record /home/soda/VLAA/build/action_executor_node/install.log --single-version-externally-managed install_data
