[0.207s] DEBUG:colcon:Command line arguments: ['/usr/bin/colcon', 'build']
[0.207s] DEBUG:colcon:Parsed command line arguments: Namespace(log_base=None, log_level=None, verb_name='build', build_base='build', install_base='install', merge_install=False, symlink_install=False, test_result_base=None, continue_on_error=False, executor='parallel', parallel_workers=8, event_handlers=None, ignore_user_meta=False, metas=['./colcon.meta'], base_paths=['.'], packages_ignore=None, packages_ignore_regex=None, paths=None, packages_up_to=None, packages_up_to_regex=None, packages_above=None, packages_above_and_dependencies=None, packages_above_depth=None, packages_select_by_dep=None, packages_skip_by_dep=None, packages_skip_up_to=None, packages_select_build_failed=False, packages_skip_build_finished=False, packages_select_test_failures=False, packages_skip_test_passed=False, packages_select=None, packages_skip=None, packages_select_regex=None, packages_skip_regex=None, packages_start=None, packages_end=None, allow_overriding=[], cmake_args=None, cmake_target=None, cmake_target_skip_unavailable=False, cmake_clean_cache=False, cmake_clean_first=False, cmake_force_configure=False, ament_cmake_args=None, catkin_cmake_args=None, catkin_skip_building_tests=False, mixin_files=None, mixin=None, verb_parser=<colcon_mixin.mixin.mixin_argument.MixinArgumentDecorator object at 0xffffb3a68610>, verb_extension=<colcon_core.verb.build.BuildVerb object at 0xffffb3a68040>, main=<bound method BuildVerb.main of <colcon_core.verb.build.BuildVerb object at 0xffffb3a68040>>, mixin_verb=('build',))
[0.729s] Level 1:colcon.colcon_core.package_discovery:discover_packages(colcon_meta) check parameters
[0.729s] Level 1:colcon.colcon_core.package_discovery:discover_packages(recursive) check parameters
[0.730s] Level 1:colcon.colcon_core.package_discovery:discover_packages(ignore) check parameters
[0.730s] Level 1:colcon.colcon_core.package_discovery:discover_packages(path) check parameters
[0.730s] Level 1:colcon.colcon_core.package_discovery:discover_packages(colcon_meta) discover
[0.730s] Level 1:colcon.colcon_core.package_discovery:discover_packages(recursive) discover
[0.730s] INFO:colcon.colcon_core.package_discovery:Crawling recursively for packages in '/home/soda/VLAA'
[0.730s] Level 1:colcon.colcon_core.package_identification:_identify(.) by extensions ['ignore', 'ignore_ament_install']
[0.730s] Level 1:colcon.colcon_core.package_identification:_identify(.) by extension 'ignore'
[0.731s] Level 1:colcon.colcon_core.package_identification:_identify(.) by extension 'ignore_ament_install'
[0.731s] Level 1:colcon.colcon_core.package_identification:_identify(.) by extensions ['colcon_pkg']
[0.731s] Level 1:colcon.colcon_core.package_identification:_identify(.) by extension 'colcon_pkg'
[0.731s] Level 1:colcon.colcon_core.package_identification:_identify(.) by extensions ['colcon_meta']
[0.731s] Level 1:colcon.colcon_core.package_identification:_identify(.) by extension 'colcon_meta'
[0.731s] Level 1:colcon.colcon_core.package_identification:_identify(.) by extensions ['ros']
[0.731s] Level 1:colcon.colcon_core.package_identification:_identify(.) by extension 'ros'
[0.753s] Level 1:colcon.colcon_core.package_identification:_identify(.) by extensions ['cmake', 'python']
[0.753s] Level 1:colcon.colcon_core.package_identification:_identify(.) by extension 'cmake'
[0.754s] Level 1:colcon.colcon_core.package_identification:_identify(.) by extension 'python'
[0.754s] Level 1:colcon.colcon_core.package_identification:_identify(.) by extensions ['python_setup_py']
[0.754s] Level 1:colcon.colcon_core.package_identification:_identify(.) by extension 'python_setup_py'
[0.754s] Level 1:colcon.colcon_core.package_identification:_identify(build) by extensions ['ignore', 'ignore_ament_install']
[0.754s] Level 1:colcon.colcon_core.package_identification:_identify(build) by extension 'ignore'
[0.754s] Level 1:colcon.colcon_core.package_identification:_identify(build) ignored
[0.755s] Level 1:colcon.colcon_core.package_identification:_identify(install) by extensions ['ignore', 'ignore_ament_install']
[0.755s] Level 1:colcon.colcon_core.package_identification:_identify(install) by extension 'ignore'
[0.755s] Level 1:colcon.colcon_core.package_identification:_identify(install) ignored
[0.755s] Level 1:colcon.colcon_core.package_identification:_identify(log) by extensions ['ignore', 'ignore_ament_install']
[0.755s] Level 1:colcon.colcon_core.package_identification:_identify(log) by extension 'ignore'
[0.755s] Level 1:colcon.colcon_core.package_identification:_identify(log) ignored
[0.755s] Level 1:colcon.colcon_core.package_identification:_identify(src) by extensions ['ignore', 'ignore_ament_install']
[0.756s] Level 1:colcon.colcon_core.package_identification:_identify(src) by extension 'ignore'
[0.756s] Level 1:colcon.colcon_core.package_identification:_identify(src) by extension 'ignore_ament_install'
[0.756s] Level 1:colcon.colcon_core.package_identification:_identify(src) by extensions ['colcon_pkg']
[0.756s] Level 1:colcon.colcon_core.package_identification:_identify(src) by extension 'colcon_pkg'
[0.756s] Level 1:colcon.colcon_core.package_identification:_identify(src) by extensions ['colcon_meta']
[0.756s] Level 1:colcon.colcon_core.package_identification:_identify(src) by extension 'colcon_meta'
[0.756s] Level 1:colcon.colcon_core.package_identification:_identify(src) by extensions ['ros']
[0.756s] Level 1:colcon.colcon_core.package_identification:_identify(src) by extension 'ros'
[0.756s] Level 1:colcon.colcon_core.package_identification:_identify(src) by extensions ['cmake', 'python']
[0.756s] Level 1:colcon.colcon_core.package_identification:_identify(src) by extension 'cmake'
[0.756s] Level 1:colcon.colcon_core.package_identification:_identify(src) by extension 'python'
[0.756s] Level 1:colcon.colcon_core.package_identification:_identify(src) by extensions ['python_setup_py']
[0.756s] Level 1:colcon.colcon_core.package_identification:_identify(src) by extension 'python_setup_py'
[0.757s] Level 1:colcon.colcon_core.package_identification:_identify(src/action_executor_node) by extensions ['ignore', 'ignore_ament_install']
[0.757s] Level 1:colcon.colcon_core.package_identification:_identify(src/action_executor_node) by extension 'ignore'
[0.757s] Level 1:colcon.colcon_core.package_identification:_identify(src/action_executor_node) by extension 'ignore_ament_install'
[0.757s] Level 1:colcon.colcon_core.package_identification:_identify(src/action_executor_node) by extensions ['colcon_pkg']
[0.757s] Level 1:colcon.colcon_core.package_identification:_identify(src/action_executor_node) by extension 'colcon_pkg'
[0.757s] Level 1:colcon.colcon_core.package_identification:_identify(src/action_executor_node) by extensions ['colcon_meta']
[0.757s] Level 1:colcon.colcon_core.package_identification:_identify(src/action_executor_node) by extension 'colcon_meta'
[0.757s] Level 1:colcon.colcon_core.package_identification:_identify(src/action_executor_node) by extensions ['ros']
[0.757s] Level 1:colcon.colcon_core.package_identification:_identify(src/action_executor_node) by extension 'ros'
[0.764s] DEBUG:colcon.colcon_core.package_identification:Package 'src/action_executor_node' with type 'ros.ament_python' and name 'action_executor_node'
[0.764s] Level 1:colcon.colcon_core.package_identification:_identify(src/action_launch) by extensions ['ignore', 'ignore_ament_install']
[0.765s] Level 1:colcon.colcon_core.package_identification:_identify(src/action_launch) by extension 'ignore'
[0.765s] Level 1:colcon.colcon_core.package_identification:_identify(src/action_launch) by extension 'ignore_ament_install'
[0.765s] Level 1:colcon.colcon_core.package_identification:_identify(src/action_launch) by extensions ['colcon_pkg']
[0.765s] Level 1:colcon.colcon_core.package_identification:_identify(src/action_launch) by extension 'colcon_pkg'
[0.765s] Level 1:colcon.colcon_core.package_identification:_identify(src/action_launch) by extensions ['colcon_meta']
[0.765s] Level 1:colcon.colcon_core.package_identification:_identify(src/action_launch) by extension 'colcon_meta'
[0.765s] Level 1:colcon.colcon_core.package_identification:_identify(src/action_launch) by extensions ['ros']
[0.765s] Level 1:colcon.colcon_core.package_identification:_identify(src/action_launch) by extension 'ros'
[0.766s] Level 1:colcon.colcon_core.package_identification:_identify(src/action_launch) by extensions ['cmake', 'python']
[0.766s] Level 1:colcon.colcon_core.package_identification:_identify(src/action_launch) by extension 'cmake'
[0.766s] Level 1:colcon.colcon_core.package_identification:_identify(src/action_launch) by extension 'python'
[0.766s] Level 1:colcon.colcon_core.package_identification:_identify(src/action_launch) by extensions ['python_setup_py']
[0.766s] Level 1:colcon.colcon_core.package_identification:_identify(src/action_launch) by extension 'python_setup_py'
[0.766s] Level 1:colcon.colcon_core.package_identification:_identify(src/action_launch/launch) by extensions ['ignore', 'ignore_ament_install']
[0.766s] Level 1:colcon.colcon_core.package_identification:_identify(src/action_launch/launch) by extension 'ignore'
[0.766s] Level 1:colcon.colcon_core.package_identification:_identify(src/action_launch/launch) by extension 'ignore_ament_install'
[0.766s] Level 1:colcon.colcon_core.package_identification:_identify(src/action_launch/launch) by extensions ['colcon_pkg']
[0.767s] Level 1:colcon.colcon_core.package_identification:_identify(src/action_launch/launch) by extension 'colcon_pkg'
[0.767s] Level 1:colcon.colcon_core.package_identification:_identify(src/action_launch/launch) by extensions ['colcon_meta']
[0.767s] Level 1:colcon.colcon_core.package_identification:_identify(src/action_launch/launch) by extension 'colcon_meta'
[0.767s] Level 1:colcon.colcon_core.package_identification:_identify(src/action_launch/launch) by extensions ['ros']
[0.767s] Level 1:colcon.colcon_core.package_identification:_identify(src/action_launch/launch) by extension 'ros'
[0.767s] Level 1:colcon.colcon_core.package_identification:_identify(src/action_launch/launch) by extensions ['cmake', 'python']
[0.767s] Level 1:colcon.colcon_core.package_identification:_identify(src/action_launch/launch) by extension 'cmake'
[0.767s] Level 1:colcon.colcon_core.package_identification:_identify(src/action_launch/launch) by extension 'python'
[0.767s] Level 1:colcon.colcon_core.package_identification:_identify(src/action_launch/launch) by extensions ['python_setup_py']
[0.767s] Level 1:colcon.colcon_core.package_identification:_identify(src/action_launch/launch) by extension 'python_setup_py'
[0.767s] Level 1:colcon.colcon_core.package_identification:_identify(src/camera_pub) by extensions ['ignore', 'ignore_ament_install']
[0.768s] Level 1:colcon.colcon_core.package_identification:_identify(src/camera_pub) by extension 'ignore'
[0.768s] Level 1:colcon.colcon_core.package_identification:_identify(src/camera_pub) by extension 'ignore_ament_install'
[0.768s] Level 1:colcon.colcon_core.package_identification:_identify(src/camera_pub) by extensions ['colcon_pkg']
[0.768s] Level 1:colcon.colcon_core.package_identification:_identify(src/camera_pub) by extension 'colcon_pkg'
[0.768s] Level 1:colcon.colcon_core.package_identification:_identify(src/camera_pub) by extensions ['colcon_meta']
[0.768s] Level 1:colcon.colcon_core.package_identification:_identify(src/camera_pub) by extension 'colcon_meta'
[0.768s] Level 1:colcon.colcon_core.package_identification:_identify(src/camera_pub) by extensions ['ros']
[0.768s] Level 1:colcon.colcon_core.package_identification:_identify(src/camera_pub) by extension 'ros'
[0.770s] DEBUG:colcon.colcon_core.package_identification:Package 'src/camera_pub' with type 'ros.ament_python' and name 'camera_pub'
[0.770s] Level 1:colcon.colcon_core.package_identification:_identify(src/omni_controller) by extensions ['ignore', 'ignore_ament_install']
[0.770s] Level 1:colcon.colcon_core.package_identification:_identify(src/omni_controller) by extension 'ignore'
[0.770s] Level 1:colcon.colcon_core.package_identification:_identify(src/omni_controller) by extension 'ignore_ament_install'
[0.770s] Level 1:colcon.colcon_core.package_identification:_identify(src/omni_controller) by extensions ['colcon_pkg']
[0.770s] Level 1:colcon.colcon_core.package_identification:_identify(src/omni_controller) by extension 'colcon_pkg'
[0.770s] Level 1:colcon.colcon_core.package_identification:_identify(src/omni_controller) by extensions ['colcon_meta']
[0.770s] Level 1:colcon.colcon_core.package_identification:_identify(src/omni_controller) by extension 'colcon_meta'
[0.770s] Level 1:colcon.colcon_core.package_identification:_identify(src/omni_controller) by extensions ['ros']
[0.771s] Level 1:colcon.colcon_core.package_identification:_identify(src/omni_controller) by extension 'ros'
[0.772s] DEBUG:colcon.colcon_core.package_identification:Package 'src/omni_controller' with type 'ros.ament_python' and name 'omni_controller'
[0.772s] Level 1:colcon.colcon_core.package_identification:_identify(src/vla_node) by extensions ['ignore', 'ignore_ament_install']
[0.772s] Level 1:colcon.colcon_core.package_identification:_identify(src/vla_node) by extension 'ignore'
[0.773s] Level 1:colcon.colcon_core.package_identification:_identify(src/vla_node) by extension 'ignore_ament_install'
[0.773s] Level 1:colcon.colcon_core.package_identification:_identify(src/vla_node) by extensions ['colcon_pkg']
[0.773s] Level 1:colcon.colcon_core.package_identification:_identify(src/vla_node) by extension 'colcon_pkg'
[0.773s] Level 1:colcon.colcon_core.package_identification:_identify(src/vla_node) by extensions ['colcon_meta']
[0.773s] Level 1:colcon.colcon_core.package_identification:_identify(src/vla_node) by extension 'colcon_meta'
[0.773s] Level 1:colcon.colcon_core.package_identification:_identify(src/vla_node) by extensions ['ros']
[0.773s] Level 1:colcon.colcon_core.package_identification:_identify(src/vla_node) by extension 'ros'
[0.775s] DEBUG:colcon.colcon_core.package_identification:Package 'src/vla_node' with type 'ros.ament_python' and name 'vla_node'
[0.775s] Level 1:colcon.colcon_core.package_discovery:discover_packages(recursive) using defaults
[0.775s] Level 1:colcon.colcon_core.package_discovery:discover_packages(ignore) discover
[0.775s] Level 1:colcon.colcon_core.package_discovery:discover_packages(ignore) using defaults
[0.775s] Level 1:colcon.colcon_core.package_discovery:discover_packages(path) discover
[0.775s] Level 1:colcon.colcon_core.package_discovery:discover_packages(path) using defaults
[0.810s] Level 1:colcon.colcon_core.package_discovery:discover_packages(prefix_path) check parameters
[0.810s] Level 1:colcon.colcon_core.package_discovery:discover_packages(prefix_path) discover
[0.814s] DEBUG:colcon.colcon_installed_package_information.package_discovery:Found 4 installed packages in /home/soda/VLAA/install
[0.815s] DEBUG:colcon.colcon_installed_package_information.package_discovery:Found 3 installed packages in /home/soda/ros2_ws/install
[0.817s] DEBUG:colcon.colcon_installed_package_information.package_discovery:Found 283 installed packages in /opt/ros/humble
[0.819s] Level 1:colcon.colcon_core.package_discovery:discover_packages(prefix_path) using defaults
[0.883s] Level 5:colcon.colcon_core.verb:set package 'action_executor_node' build argument 'cmake_args' from command line to 'None'
[0.884s] Level 5:colcon.colcon_core.verb:set package 'action_executor_node' build argument 'cmake_target' from command line to 'None'
[0.884s] Level 5:colcon.colcon_core.verb:set package 'action_executor_node' build argument 'cmake_target_skip_unavailable' from command line to 'False'
[0.884s] Level 5:colcon.colcon_core.verb:set package 'action_executor_node' build argument 'cmake_clean_cache' from command line to 'False'
[0.884s] Level 5:colcon.colcon_core.verb:set package 'action_executor_node' build argument 'cmake_clean_first' from command line to 'False'
[0.884s] Level 5:colcon.colcon_core.verb:set package 'action_executor_node' build argument 'cmake_force_configure' from command line to 'False'
[0.884s] Level 5:colcon.colcon_core.verb:set package 'action_executor_node' build argument 'ament_cmake_args' from command line to 'None'
[0.884s] Level 5:colcon.colcon_core.verb:set package 'action_executor_node' build argument 'catkin_cmake_args' from command line to 'None'
[0.884s] Level 5:colcon.colcon_core.verb:set package 'action_executor_node' build argument 'catkin_skip_building_tests' from command line to 'False'
[0.884s] DEBUG:colcon.colcon_core.verb:Building package 'action_executor_node' with the following arguments: {'ament_cmake_args': None, 'build_base': '/home/soda/VLAA/build/action_executor_node', 'catkin_cmake_args': None, 'catkin_skip_building_tests': False, 'cmake_args': None, 'cmake_clean_cache': False, 'cmake_clean_first': False, 'cmake_force_configure': False, 'cmake_target': None, 'cmake_target_skip_unavailable': False, 'install_base': '/home/soda/VLAA/install/action_executor_node', 'merge_install': False, 'path': '/home/soda/VLAA/src/action_executor_node', 'symlink_install': False, 'test_result_base': None}
[0.885s] Level 5:colcon.colcon_core.verb:set package 'camera_pub' build argument 'cmake_args' from command line to 'None'
[0.885s] Level 5:colcon.colcon_core.verb:set package 'camera_pub' build argument 'cmake_target' from command line to 'None'
[0.885s] Level 5:colcon.colcon_core.verb:set package 'camera_pub' build argument 'cmake_target_skip_unavailable' from command line to 'False'
[0.885s] Level 5:colcon.colcon_core.verb:set package 'camera_pub' build argument 'cmake_clean_cache' from command line to 'False'
[0.885s] Level 5:colcon.colcon_core.verb:set package 'camera_pub' build argument 'cmake_clean_first' from command line to 'False'
[0.885s] Level 5:colcon.colcon_core.verb:set package 'camera_pub' build argument 'cmake_force_configure' from command line to 'False'
[0.885s] Level 5:colcon.colcon_core.verb:set package 'camera_pub' build argument 'ament_cmake_args' from command line to 'None'
[0.885s] Level 5:colcon.colcon_core.verb:set package 'camera_pub' build argument 'catkin_cmake_args' from command line to 'None'
[0.885s] Level 5:colcon.colcon_core.verb:set package 'camera_pub' build argument 'catkin_skip_building_tests' from command line to 'False'
[0.885s] DEBUG:colcon.colcon_core.verb:Building package 'camera_pub' with the following arguments: {'ament_cmake_args': None, 'build_base': '/home/soda/VLAA/build/camera_pub', 'catkin_cmake_args': None, 'catkin_skip_building_tests': False, 'cmake_args': None, 'cmake_clean_cache': False, 'cmake_clean_first': False, 'cmake_force_configure': False, 'cmake_target': None, 'cmake_target_skip_unavailable': False, 'install_base': '/home/soda/VLAA/install/camera_pub', 'merge_install': False, 'path': '/home/soda/VLAA/src/camera_pub', 'symlink_install': False, 'test_result_base': None}
[0.886s] Level 5:colcon.colcon_core.verb:set package 'omni_controller' build argument 'cmake_args' from command line to 'None'
[0.886s] Level 5:colcon.colcon_core.verb:set package 'omni_controller' build argument 'cmake_target' from command line to 'None'
[0.886s] Level 5:colcon.colcon_core.verb:set package 'omni_controller' build argument 'cmake_target_skip_unavailable' from command line to 'False'
[0.886s] Level 5:colcon.colcon_core.verb:set package 'omni_controller' build argument 'cmake_clean_cache' from command line to 'False'
[0.886s] Level 5:colcon.colcon_core.verb:set package 'omni_controller' build argument 'cmake_clean_first' from command line to 'False'
[0.886s] Level 5:colcon.colcon_core.verb:set package 'omni_controller' build argument 'cmake_force_configure' from command line to 'False'
[0.886s] Level 5:colcon.colcon_core.verb:set package 'omni_controller' build argument 'ament_cmake_args' from command line to 'None'
[0.886s] Level 5:colcon.colcon_core.verb:set package 'omni_controller' build argument 'catkin_cmake_args' from command line to 'None'
[0.886s] Level 5:colcon.colcon_core.verb:set package 'omni_controller' build argument 'catkin_skip_building_tests' from command line to 'False'
[0.886s] DEBUG:colcon.colcon_core.verb:Building package 'omni_controller' with the following arguments: {'ament_cmake_args': None, 'build_base': '/home/soda/VLAA/build/omni_controller', 'catkin_cmake_args': None, 'catkin_skip_building_tests': False, 'cmake_args': None, 'cmake_clean_cache': False, 'cmake_clean_first': False, 'cmake_force_configure': False, 'cmake_target': None, 'cmake_target_skip_unavailable': False, 'install_base': '/home/soda/VLAA/install/omni_controller', 'merge_install': False, 'path': '/home/soda/VLAA/src/omni_controller', 'symlink_install': False, 'test_result_base': None}
[0.887s] Level 5:colcon.colcon_core.verb:set package 'vla_node' build argument 'cmake_args' from command line to 'None'
[0.887s] Level 5:colcon.colcon_core.verb:set package 'vla_node' build argument 'cmake_target' from command line to 'None'
[0.887s] Level 5:colcon.colcon_core.verb:set package 'vla_node' build argument 'cmake_target_skip_unavailable' from command line to 'False'
[0.887s] Level 5:colcon.colcon_core.verb:set package 'vla_node' build argument 'cmake_clean_cache' from command line to 'False'
[0.887s] Level 5:colcon.colcon_core.verb:set package 'vla_node' build argument 'cmake_clean_first' from command line to 'False'
[0.887s] Level 5:colcon.colcon_core.verb:set package 'vla_node' build argument 'cmake_force_configure' from command line to 'False'
[0.887s] Level 5:colcon.colcon_core.verb:set package 'vla_node' build argument 'ament_cmake_args' from command line to 'None'
[0.887s] Level 5:colcon.colcon_core.verb:set package 'vla_node' build argument 'catkin_cmake_args' from command line to 'None'
[0.887s] Level 5:colcon.colcon_core.verb:set package 'vla_node' build argument 'catkin_skip_building_tests' from command line to 'False'
[0.887s] DEBUG:colcon.colcon_core.verb:Building package 'vla_node' with the following arguments: {'ament_cmake_args': None, 'build_base': '/home/soda/VLAA/build/vla_node', 'catkin_cmake_args': None, 'catkin_skip_building_tests': False, 'cmake_args': None, 'cmake_clean_cache': False, 'cmake_clean_first': False, 'cmake_force_configure': False, 'cmake_target': None, 'cmake_target_skip_unavailable': False, 'install_base': '/home/soda/VLAA/install/vla_node', 'merge_install': False, 'path': '/home/soda/VLAA/src/vla_node', 'symlink_install': False, 'test_result_base': None}
[0.887s] INFO:colcon.colcon_core.executor:Executing jobs using 'parallel' executor
[0.889s] DEBUG:colcon.colcon_parallel_executor.executor.parallel:run_until_complete
[0.890s] INFO:colcon.colcon_ros.task.ament_python.build:Building ROS package in '/home/soda/VLAA/src/action_executor_node' with build type 'ament_python'
[0.890s] Level 1:colcon.colcon_core.shell:create_environment_hook('action_executor_node', 'ament_prefix_path')
[0.894s] INFO:colcon.colcon_core.plugin_system:Skipping extension 'colcon_core.shell.bat': Not used on non-Windows systems
[0.894s] INFO:colcon.colcon_core.shell:Creating environment hook '/home/soda/VLAA/install/action_executor_node/share/action_executor_node/hook/ament_prefix_path.ps1'
[0.896s] INFO:colcon.colcon_core.shell:Creating environment descriptor '/home/soda/VLAA/install/action_executor_node/share/action_executor_node/hook/ament_prefix_path.dsv'
[0.897s] INFO:colcon.colcon_core.shell:Creating environment hook '/home/soda/VLAA/install/action_executor_node/share/action_executor_node/hook/ament_prefix_path.sh'
[0.899s] INFO:colcon.colcon_core.shell:Skip shell extension 'powershell' for command environment: Not usable outside of PowerShell
[0.899s] DEBUG:colcon.colcon_core.shell:Skip shell extension 'dsv' for command environment
[0.906s] INFO:colcon.colcon_ros.task.ament_python.build:Building ROS package in '/home/soda/VLAA/src/camera_pub' with build type 'ament_python'
[0.906s] Level 1:colcon.colcon_core.shell:create_environment_hook('camera_pub', 'ament_prefix_path')
[0.907s] INFO:colcon.colcon_core.shell:Creating environment hook '/home/soda/VLAA/install/camera_pub/share/camera_pub/hook/ament_prefix_path.ps1'
[0.908s] INFO:colcon.colcon_core.shell:Creating environment descriptor '/home/soda/VLAA/install/camera_pub/share/camera_pub/hook/ament_prefix_path.dsv'
[0.909s] INFO:colcon.colcon_core.shell:Creating environment hook '/home/soda/VLAA/install/camera_pub/share/camera_pub/hook/ament_prefix_path.sh'
[0.911s] INFO:colcon.colcon_core.shell:Skip shell extension 'powershell' for command environment: Not usable outside of PowerShell
[0.911s] DEBUG:colcon.colcon_core.shell:Skip shell extension 'dsv' for command environment
[0.918s] INFO:colcon.colcon_ros.task.ament_python.build:Building ROS package in '/home/soda/VLAA/src/omni_controller' with build type 'ament_python'
[0.918s] Level 1:colcon.colcon_core.shell:create_environment_hook('omni_controller', 'ament_prefix_path')
[0.919s] INFO:colcon.colcon_core.shell:Creating environment hook '/home/soda/VLAA/install/omni_controller/share/omni_controller/hook/ament_prefix_path.ps1'
[0.920s] INFO:colcon.colcon_core.shell:Creating environment descriptor '/home/soda/VLAA/install/omni_controller/share/omni_controller/hook/ament_prefix_path.dsv'
[0.921s] INFO:colcon.colcon_core.shell:Creating environment hook '/home/soda/VLAA/install/omni_controller/share/omni_controller/hook/ament_prefix_path.sh'
[0.922s] INFO:colcon.colcon_core.shell:Skip shell extension 'powershell' for command environment: Not usable outside of PowerShell
[0.922s] DEBUG:colcon.colcon_core.shell:Skip shell extension 'dsv' for command environment
[0.928s] INFO:colcon.colcon_ros.task.ament_python.build:Building ROS package in '/home/soda/VLAA/src/vla_node' with build type 'ament_python'
[0.928s] Level 1:colcon.colcon_core.shell:create_environment_hook('vla_node', 'ament_prefix_path')
[0.929s] INFO:colcon.colcon_core.shell:Creating environment hook '/home/soda/VLAA/install/vla_node/share/vla_node/hook/ament_prefix_path.ps1'
[0.930s] INFO:colcon.colcon_core.shell:Creating environment descriptor '/home/soda/VLAA/install/vla_node/share/vla_node/hook/ament_prefix_path.dsv'
[0.931s] INFO:colcon.colcon_core.shell:Creating environment hook '/home/soda/VLAA/install/vla_node/share/vla_node/hook/ament_prefix_path.sh'
[0.932s] INFO:colcon.colcon_core.shell:Skip shell extension 'powershell' for command environment: Not usable outside of PowerShell
[0.932s] DEBUG:colcon.colcon_core.shell:Skip shell extension 'dsv' for command environment
[1.792s] INFO:colcon.colcon_core.task.python.build:Building Python package in '/home/soda/VLAA/src/action_executor_node'
[1.793s] INFO:colcon.colcon_core.shell:Skip shell extension 'powershell' for command environment: Not usable outside of PowerShell
[1.793s] DEBUG:colcon.colcon_core.shell:Skip shell extension 'dsv' for command environment
[2.609s] INFO:colcon.colcon_core.task.python.build:Building Python package in '/home/soda/VLAA/src/camera_pub'
[2.610s] INFO:colcon.colcon_core.shell:Skip shell extension 'powershell' for command environment: Not usable outside of PowerShell
[2.610s] DEBUG:colcon.colcon_core.shell:Skip shell extension 'dsv' for command environment
[3.373s] INFO:colcon.colcon_core.task.python.build:Building Python package in '/home/soda/VLAA/src/omni_controller'
[3.374s] INFO:colcon.colcon_core.shell:Skip shell extension 'powershell' for command environment: Not usable outside of PowerShell
[3.374s] DEBUG:colcon.colcon_core.shell:Skip shell extension 'dsv' for command environment
[4.199s] INFO:colcon.colcon_core.task.python.build:Building Python package in '/home/soda/VLAA/src/vla_node'
[4.200s] INFO:colcon.colcon_core.shell:Skip shell extension 'powershell' for command environment: Not usable outside of PowerShell
[4.200s] DEBUG:colcon.colcon_core.shell:Skip shell extension 'dsv' for command environment
[5.789s] DEBUG:colcon.colcon_core.event_handler.log_command:Invoking command in '/home/soda/VLAA/src/camera_pub': PYTHONPATH=/home/soda/VLAA/build/camera_pub/prefix_override:/usr/lib/python3/dist-packages/colcon_core/task/python/colcon_distutils_commands:/home/soda/VLAA/install/camera_pub/lib/python3.10/site-packages:${PYTHONPATH} /usr/bin/python3 -W ignore:setup.py install is deprecated -W ignore:easy_install command is deprecated setup.py egg_info --egg-base ../../build/camera_pub build --build-base /home/soda/VLAA/build/camera_pub/build install --record /home/soda/VLAA/build/camera_pub/install.log --single-version-externally-managed install_data
[5.798s] DEBUG:colcon.colcon_core.event_handler.log_command:Invoking command in '/home/soda/VLAA/src/omni_controller': PYTHONPATH=/home/soda/VLAA/build/omni_controller/prefix_override:/usr/lib/python3/dist-packages/colcon_core/task/python/colcon_distutils_commands:/home/soda/VLAA/install/omni_controller/lib/python3.10/site-packages:${PYTHONPATH} /usr/bin/python3 -W ignore:setup.py install is deprecated -W ignore:easy_install command is deprecated setup.py egg_info --egg-base ../../build/omni_controller build --build-base /home/soda/VLAA/build/omni_controller/build install --record /home/soda/VLAA/build/omni_controller/install.log --single-version-externally-managed install_data
[5.845s] DEBUG:colcon.colcon_core.event_handler.log_command:Invoking command in '/home/soda/VLAA/src/action_executor_node': PYTHONPATH=/home/soda/VLAA/build/action_executor_node/prefix_override:/usr/lib/python3/dist-packages/colcon_core/task/python/colcon_distutils_commands:/home/soda/VLAA/install/action_executor_node/lib/python3.10/site-packages:${PYTHONPATH} /usr/bin/python3 -W ignore:setup.py install is deprecated -W ignore:easy_install command is deprecated setup.py egg_info --egg-base ../../build/action_executor_node build --build-base /home/soda/VLAA/build/action_executor_node/build install --record /home/soda/VLAA/build/action_executor_node/install.log --single-version-externally-managed install_data
[5.851s] DEBUG:colcon.colcon_core.event_handler.log_command:Invoking command in '/home/soda/VLAA/src/vla_node': PYTHONPATH=/home/soda/VLAA/build/vla_node/prefix_override:/usr/lib/python3/dist-packages/colcon_core/task/python/colcon_distutils_commands:/home/soda/VLAA/install/vla_node/lib/python3.10/site-packages:${PYTHONPATH} /usr/bin/python3 -W ignore:setup.py install is deprecated -W ignore:easy_install command is deprecated setup.py egg_info --egg-base ../../build/vla_node build --build-base /home/soda/VLAA/build/vla_node/build install --record /home/soda/VLAA/build/vla_node/install.log --single-version-externally-managed install_data
[7.244s] DEBUG:colcon.colcon_core.event_handler.log_command:Invoked command in '/home/soda/VLAA/src/camera_pub' returned '0': PYTHONPATH=/home/soda/VLAA/build/camera_pub/prefix_override:/usr/lib/python3/dist-packages/colcon_core/task/python/colcon_distutils_commands:/home/soda/VLAA/install/camera_pub/lib/python3.10/site-packages:${PYTHONPATH} /usr/bin/python3 -W ignore:setup.py install is deprecated -W ignore:easy_install command is deprecated setup.py egg_info --egg-base ../../build/camera_pub build --build-base /home/soda/VLAA/build/camera_pub/build install --record /home/soda/VLAA/build/camera_pub/install.log --single-version-externally-managed install_data
[7.248s] Level 1:colcon.colcon_core.environment:checking '/home/soda/VLAA/install/camera_pub' for CMake module files
[7.249s] Level 1:colcon.colcon_core.environment:checking '/home/soda/VLAA/install/camera_pub' for CMake config files
[7.250s] Level 1:colcon.colcon_core.environment:checking '/home/soda/VLAA/install/camera_pub/lib'
[7.251s] Level 1:colcon.colcon_core.environment:checking '/home/soda/VLAA/install/camera_pub/bin'
[7.251s] Level 1:colcon.colcon_core.environment:checking '/home/soda/VLAA/install/camera_pub/lib/pkgconfig/camera_pub.pc'
[7.251s] Level 1:colcon.colcon_core.environment:checking '/home/soda/VLAA/install/camera_pub/lib/python3.10/site-packages'
[7.251s] Level 1:colcon.colcon_core.shell:create_environment_hook('camera_pub', 'pythonpath')
[7.252s] INFO:colcon.colcon_core.shell:Creating environment hook '/home/soda/VLAA/install/camera_pub/share/camera_pub/hook/pythonpath.ps1'
[7.253s] INFO:colcon.colcon_core.shell:Creating environment descriptor '/home/soda/VLAA/install/camera_pub/share/camera_pub/hook/pythonpath.dsv'
[7.253s] INFO:colcon.colcon_core.shell:Creating environment hook '/home/soda/VLAA/install/camera_pub/share/camera_pub/hook/pythonpath.sh'
[7.254s] Level 1:colcon.colcon_core.environment:checking '/home/soda/VLAA/install/camera_pub/bin'
[7.255s] Level 1:colcon.colcon_core.environment:create_environment_scripts_only(camera_pub)
[7.255s] INFO:colcon.colcon_core.shell:Creating package script '/home/soda/VLAA/install/camera_pub/share/camera_pub/package.ps1'
[7.257s] INFO:colcon.colcon_core.shell:Creating package descriptor '/home/soda/VLAA/install/camera_pub/share/camera_pub/package.dsv'
[7.258s] INFO:colcon.colcon_core.shell:Creating package script '/home/soda/VLAA/install/camera_pub/share/camera_pub/package.sh'
[7.259s] INFO:colcon.colcon_core.shell:Creating package script '/home/soda/VLAA/install/camera_pub/share/camera_pub/package.bash'
[7.260s] INFO:colcon.colcon_core.shell:Creating package script '/home/soda/VLAA/install/camera_pub/share/camera_pub/package.zsh'
[7.262s] Level 1:colcon.colcon_core.environment:create_file_with_runtime_dependencies(/home/soda/VLAA/install/camera_pub/share/colcon-core/packages/camera_pub)
[7.264s] Level 1:colcon.colcon_core.environment:checking '/home/soda/VLAA/install/action_executor_node' for CMake module files
[7.265s] DEBUG:colcon.colcon_core.event_handler.log_command:Invoked command in '/home/soda/VLAA/src/action_executor_node' returned '0': PYTHONPATH=/home/soda/VLAA/build/action_executor_node/prefix_override:/usr/lib/python3/dist-packages/colcon_core/task/python/colcon_distutils_commands:/home/soda/VLAA/install/action_executor_node/lib/python3.10/site-packages:${PYTHONPATH} /usr/bin/python3 -W ignore:setup.py install is deprecated -W ignore:easy_install command is deprecated setup.py egg_info --egg-base ../../build/action_executor_node build --build-base /home/soda/VLAA/build/action_executor_node/build install --record /home/soda/VLAA/build/action_executor_node/install.log --single-version-externally-managed install_data
[7.266s] Level 1:colcon.colcon_core.environment:checking '/home/soda/VLAA/install/action_executor_node' for CMake config files
[7.267s] Level 1:colcon.colcon_core.environment:checking '/home/soda/VLAA/install/action_executor_node/lib'
[7.267s] Level 1:colcon.colcon_core.environment:checking '/home/soda/VLAA/install/action_executor_node/bin'
[7.267s] Level 1:colcon.colcon_core.environment:checking '/home/soda/VLAA/install/action_executor_node/lib/pkgconfig/action_executor_node.pc'
[7.268s] Level 1:colcon.colcon_core.environment:checking '/home/soda/VLAA/install/action_executor_node/lib/python3.10/site-packages'
[7.268s] Level 1:colcon.colcon_core.shell:create_environment_hook('action_executor_node', 'pythonpath')
[7.268s] INFO:colcon.colcon_core.shell:Creating environment hook '/home/soda/VLAA/install/action_executor_node/share/action_executor_node/hook/pythonpath.ps1'
[7.269s] INFO:colcon.colcon_core.shell:Creating environment descriptor '/home/soda/VLAA/install/action_executor_node/share/action_executor_node/hook/pythonpath.dsv'
[7.270s] INFO:colcon.colcon_core.shell:Creating environment hook '/home/soda/VLAA/install/action_executor_node/share/action_executor_node/hook/pythonpath.sh'
[7.271s] Level 1:colcon.colcon_core.environment:checking '/home/soda/VLAA/install/action_executor_node/bin'
[7.271s] Level 1:colcon.colcon_core.environment:create_environment_scripts_only(action_executor_node)
[7.272s] INFO:colcon.colcon_core.shell:Creating package script '/home/soda/VLAA/install/action_executor_node/share/action_executor_node/package.ps1'
[7.273s] INFO:colcon.colcon_core.shell:Creating package descriptor '/home/soda/VLAA/install/action_executor_node/share/action_executor_node/package.dsv'
[7.273s] INFO:colcon.colcon_core.shell:Creating package script '/home/soda/VLAA/install/action_executor_node/share/action_executor_node/package.sh'
[7.274s] INFO:colcon.colcon_core.shell:Creating package script '/home/soda/VLAA/install/action_executor_node/share/action_executor_node/package.bash'
[7.275s] INFO:colcon.colcon_core.shell:Creating package script '/home/soda/VLAA/install/action_executor_node/share/action_executor_node/package.zsh'
[7.275s] Level 1:colcon.colcon_core.environment:create_file_with_runtime_dependencies(/home/soda/VLAA/install/action_executor_node/share/colcon-core/packages/action_executor_node)
[7.278s] Level 1:colcon.colcon_core.environment:checking '/home/soda/VLAA/install/omni_controller' for CMake module files
[7.279s] DEBUG:colcon.colcon_core.event_handler.log_command:Invoked command in '/home/soda/VLAA/src/omni_controller' returned '0': PYTHONPATH=/home/soda/VLAA/build/omni_controller/prefix_override:/usr/lib/python3/dist-packages/colcon_core/task/python/colcon_distutils_commands:/home/soda/VLAA/install/omni_controller/lib/python3.10/site-packages:${PYTHONPATH} /usr/bin/python3 -W ignore:setup.py install is deprecated -W ignore:easy_install command is deprecated setup.py egg_info --egg-base ../../build/omni_controller build --build-base /home/soda/VLAA/build/omni_controller/build install --record /home/soda/VLAA/build/omni_controller/install.log --single-version-externally-managed install_data
[7.279s] Level 1:colcon.colcon_core.environment:checking '/home/soda/VLAA/install/omni_controller' for CMake config files
[7.280s] Level 1:colcon.colcon_core.environment:checking '/home/soda/VLAA/install/omni_controller/lib'
[7.280s] Level 1:colcon.colcon_core.environment:checking '/home/soda/VLAA/install/omni_controller/bin'
[7.280s] Level 1:colcon.colcon_core.environment:checking '/home/soda/VLAA/install/omni_controller/lib/pkgconfig/omni_controller.pc'
[7.281s] Level 1:colcon.colcon_core.environment:checking '/home/soda/VLAA/install/omni_controller/lib/python3.10/site-packages'
[7.281s] Level 1:colcon.colcon_core.shell:create_environment_hook('omni_controller', 'pythonpath')
[7.281s] INFO:colcon.colcon_core.shell:Creating environment hook '/home/soda/VLAA/install/omni_controller/share/omni_controller/hook/pythonpath.ps1'
[7.282s] INFO:colcon.colcon_core.shell:Creating environment descriptor '/home/soda/VLAA/install/omni_controller/share/omni_controller/hook/pythonpath.dsv'
[7.283s] INFO:colcon.colcon_core.shell:Creating environment hook '/home/soda/VLAA/install/omni_controller/share/omni_controller/hook/pythonpath.sh'
[7.284s] Level 1:colcon.colcon_core.environment:checking '/home/soda/VLAA/install/omni_controller/bin'
[7.284s] Level 1:colcon.colcon_core.environment:create_environment_scripts_only(omni_controller)
[7.284s] INFO:colcon.colcon_core.shell:Creating package script '/home/soda/VLAA/install/omni_controller/share/omni_controller/package.ps1'
[7.285s] INFO:colcon.colcon_core.shell:Creating package descriptor '/home/soda/VLAA/install/omni_controller/share/omni_controller/package.dsv'
[7.286s] INFO:colcon.colcon_core.shell:Creating package script '/home/soda/VLAA/install/omni_controller/share/omni_controller/package.sh'
[7.287s] INFO:colcon.colcon_core.shell:Creating package script '/home/soda/VLAA/install/omni_controller/share/omni_controller/package.bash'
[7.287s] INFO:colcon.colcon_core.shell:Creating package script '/home/soda/VLAA/install/omni_controller/share/omni_controller/package.zsh'
[7.288s] Level 1:colcon.colcon_core.environment:create_file_with_runtime_dependencies(/home/soda/VLAA/install/omni_controller/share/colcon-core/packages/omni_controller)
[7.301s] Level 1:colcon.colcon_core.environment:checking '/home/soda/VLAA/install/vla_node' for CMake module files
[7.302s] DEBUG:colcon.colcon_core.event_handler.log_command:Invoked command in '/home/soda/VLAA/src/vla_node' returned '0': PYTHONPATH=/home/soda/VLAA/build/vla_node/prefix_override:/usr/lib/python3/dist-packages/colcon_core/task/python/colcon_distutils_commands:/home/soda/VLAA/install/vla_node/lib/python3.10/site-packages:${PYTHONPATH} /usr/bin/python3 -W ignore:setup.py install is deprecated -W ignore:easy_install command is deprecated setup.py egg_info --egg-base ../../build/vla_node build --build-base /home/soda/VLAA/build/vla_node/build install --record /home/soda/VLAA/build/vla_node/install.log --single-version-externally-managed install_data
[7.303s] Level 1:colcon.colcon_core.environment:checking '/home/soda/VLAA/install/vla_node' for CMake config files
[7.304s] Level 1:colcon.colcon_core.environment:checking '/home/soda/VLAA/install/vla_node/lib'
[7.304s] Level 1:colcon.colcon_core.environment:checking '/home/soda/VLAA/install/vla_node/bin'
[7.304s] Level 1:colcon.colcon_core.environment:checking '/home/soda/VLAA/install/vla_node/lib/pkgconfig/vla_node.pc'
[7.304s] Level 1:colcon.colcon_core.environment:checking '/home/soda/VLAA/install/vla_node/lib/python3.10/site-packages'
[7.304s] Level 1:colcon.colcon_core.shell:create_environment_hook('vla_node', 'pythonpath')
[7.305s] INFO:colcon.colcon_core.shell:Creating environment hook '/home/soda/VLAA/install/vla_node/share/vla_node/hook/pythonpath.ps1'
[7.306s] INFO:colcon.colcon_core.shell:Creating environment descriptor '/home/soda/VLAA/install/vla_node/share/vla_node/hook/pythonpath.dsv'
[7.306s] INFO:colcon.colcon_core.shell:Creating environment hook '/home/soda/VLAA/install/vla_node/share/vla_node/hook/pythonpath.sh'
[7.307s] Level 1:colcon.colcon_core.environment:checking '/home/soda/VLAA/install/vla_node/bin'
[7.307s] Level 1:colcon.colcon_core.environment:create_environment_scripts_only(vla_node)
[7.308s] INFO:colcon.colcon_core.shell:Creating package script '/home/soda/VLAA/install/vla_node/share/vla_node/package.ps1'
[7.309s] INFO:colcon.colcon_core.shell:Creating package descriptor '/home/soda/VLAA/install/vla_node/share/vla_node/package.dsv'
[7.309s] INFO:colcon.colcon_core.shell:Creating package script '/home/soda/VLAA/install/vla_node/share/vla_node/package.sh'
[7.310s] INFO:colcon.colcon_core.shell:Creating package script '/home/soda/VLAA/install/vla_node/share/vla_node/package.bash'
[7.310s] INFO:colcon.colcon_core.shell:Creating package script '/home/soda/VLAA/install/vla_node/share/vla_node/package.zsh'
[7.311s] Level 1:colcon.colcon_core.environment:create_file_with_runtime_dependencies(/home/soda/VLAA/install/vla_node/share/colcon-core/packages/vla_node)
[7.311s] DEBUG:colcon.colcon_parallel_executor.executor.parallel:closing loop
[7.312s] DEBUG:colcon.colcon_parallel_executor.executor.parallel:loop closed
[7.312s] DEBUG:colcon.colcon_parallel_executor.executor.parallel:run_until_complete finished with '0'
[7.312s] DEBUG:colcon.colcon_core.event_reactor:joining thread
[7.323s] INFO:colcon.colcon_core.plugin_system:Skipping extension 'colcon_notification.desktop_notification.terminal_notifier': Not used on non-Darwin systems
[7.323s] INFO:colcon.colcon_core.plugin_system:Skipping extension 'colcon_notification.desktop_notification.win32': Not used on non-Windows systems
[7.323s] INFO:colcon.colcon_notification.desktop_notification:Sending desktop notification using 'notify2'
[7.413s] DEBUG:colcon.colcon_core.event_reactor:joined thread
[7.414s] INFO:colcon.colcon_core.shell:Creating prefix script '/home/soda/VLAA/install/local_setup.ps1'
[7.416s] INFO:colcon.colcon_core.shell:Creating prefix util module '/home/soda/VLAA/install/_local_setup_util_ps1.py'
[7.418s] INFO:colcon.colcon_core.shell:Creating prefix chain script '/home/soda/VLAA/install/setup.ps1'
[7.420s] INFO:colcon.colcon_core.shell:Creating prefix script '/home/soda/VLAA/install/local_setup.sh'
[7.421s] INFO:colcon.colcon_core.shell:Creating prefix util module '/home/soda/VLAA/install/_local_setup_util_sh.py'
[7.422s] INFO:colcon.colcon_core.shell:Creating prefix chain script '/home/soda/VLAA/install/setup.sh'
[7.424s] INFO:colcon.colcon_core.shell:Creating prefix script '/home/soda/VLAA/install/local_setup.bash'
[7.425s] INFO:colcon.colcon_core.shell:Creating prefix chain script '/home/soda/VLAA/install/setup.bash'
[7.427s] INFO:colcon.colcon_core.shell:Creating prefix script '/home/soda/VLAA/install/local_setup.zsh'
[7.427s] INFO:colcon.colcon_core.shell:Creating prefix chain script '/home/soda/VLAA/install/setup.zsh'
