[6.364s] Invoking command in '/home/soda/VLAA/src/camera_pub': PYTHONPATH=/home/soda/VLAA/build/camera_pub/prefix_override:/usr/lib/python3/dist-packages/colcon_core/task/python/colcon_distutils_commands:/home/soda/VLAA/install/camera_pub/lib/python3.10/site-packages:${PYTHONPATH} /usr/bin/python3 -W ignore:setup.py install is deprecated -W ignore:easy_install command is deprecated setup.py egg_info --egg-base ../../build/camera_pub build --build-base /home/soda/VLAA/build/camera_pub/build install --record /home/soda/VLAA/build/camera_pub/install.log --single-version-externally-managed install_data
[7.232s] running egg_info
[7.458s] writing ../../build/camera_pub/camera_pub.egg-info/PKG-INFO
[7.458s] writing dependency_links to ../../build/camera_pub/camera_pub.egg-info/dependency_links.txt
[7.460s] writing entry points to ../../build/camera_pub/camera_pub.egg-info/entry_points.txt
[7.460s] writing requirements to ../../build/camera_pub/camera_pub.egg-info/requires.txt
[7.460s] writing top-level names to ../../build/camera_pub/camera_pub.egg-info/top_level.txt
[7.544s] reading manifest file '../../build/camera_pub/camera_pub.egg-info/SOURCES.txt'
[7.547s] writing manifest file '../../build/camera_pub/camera_pub.egg-info/SOURCES.txt'
[7.547s] running build
[7.548s] running build_py
[7.548s] running install
[7.559s] running install_lib
[7.780s] running install_data
[7.780s] running install_egg_info
[7.826s] removing '/home/soda/VLAA/install/camera_pub/lib/python3.10/site-packages/camera_pub-0.0.0-py3.10.egg-info' (and everything under it)
[7.826s] Copying ../../build/camera_pub/camera_pub.egg-info to /home/soda/VLAA/install/camera_pub/lib/python3.10/site-packages/camera_pub-0.0.0-py3.10.egg-info
[7.827s] running install_scripts
[7.976s] Installing camera_publisher_node script to /home/soda/VLAA/install/camera_pub/lib/camera_pub
[7.977s] writing list of installed files to '/home/soda/VLAA/build/camera_pub/install.log'
[8.151s] Invoked command in '/home/soda/VLAA/src/camera_pub' returned '0': PYTHONPATH=/home/soda/VLAA/build/camera_pub/prefix_override:/usr/lib/python3/dist-packages/colcon_core/task/python/colcon_distutils_commands:/home/soda/VLAA/install/camera_pub/lib/python3.10/site-packages:${PYTHONPATH} /usr/bin/python3 -W ignore:setup.py install is deprecated -W ignore:easy_install command is deprecated setup.py egg_info --egg-base ../../build/camera_pub build --build-base /home/soda/VLAA/build/camera_pub/build install --record /home/soda/VLAA/build/camera_pub/install.log --single-version-externally-managed install_data
