[5.912s] Invoking command in '/home/soda/VLAA/src/camera_pub': PYTHONPATH=/home/soda/VLAA/build/camera_pub/prefix_override:/usr/lib/python3/dist-packages/colcon_core/task/python/colcon_distutils_commands:/home/soda/VLAA/install/camera_pub/lib/python3.10/site-packages:${PYTHONPATH} /usr/bin/python3 -W ignore:setup.py install is deprecated -W ignore:easy_install command is deprecated setup.py egg_info --egg-base ../../build/camera_pub build --build-base /home/soda/VLAA/build/camera_pub/build install --record /home/soda/VLAA/build/camera_pub/install.log --single-version-externally-managed install_data
[6.800s] running egg_info
[6.846s] writing ../../build/camera_pub/camera_pub.egg-info/PKG-INFO
[6.847s] writing dependency_links to ../../build/camera_pub/camera_pub.egg-info/dependency_links.txt
[6.847s] writing entry points to ../../build/camera_pub/camera_pub.egg-info/entry_points.txt
[6.848s] writing requirements to ../../build/camera_pub/camera_pub.egg-info/requires.txt
[6.848s] writing top-level names to ../../build/camera_pub/camera_pub.egg-info/top_level.txt
[6.926s] reading manifest file '../../build/camera_pub/camera_pub.egg-info/SOURCES.txt'
[6.929s] writing manifest file '../../build/camera_pub/camera_pub.egg-info/SOURCES.txt'
[6.930s] running build
[6.930s] running build_py
[6.931s] running install
[6.938s] running install_lib
[6.980s] running install_data
[6.980s] running install_egg_info
[7.020s] removing '/home/soda/VLAA/install/camera_pub/lib/python3.10/site-packages/camera_pub-0.0.0-py3.10.egg-info' (and everything under it)
[7.021s] Copying ../../build/camera_pub/camera_pub.egg-info to /home/soda/VLAA/install/camera_pub/lib/python3.10/site-packages/camera_pub-0.0.0-py3.10.egg-info
[7.022s] running install_scripts
[7.169s] Installing camera_publisher_node script to /home/soda/VLAA/install/camera_pub/lib/camera_pub
[7.169s] writing list of installed files to '/home/soda/VLAA/build/camera_pub/install.log'
[7.342s] Invoked command in '/home/soda/VLAA/src/camera_pub' returned '0': PYTHONPATH=/home/soda/VLAA/build/camera_pub/prefix_override:/usr/lib/python3/dist-packages/colcon_core/task/python/colcon_distutils_commands:/home/soda/VLAA/install/camera_pub/lib/python3.10/site-packages:${PYTHONPATH} /usr/bin/python3 -W ignore:setup.py install is deprecated -W ignore:easy_install command is deprecated setup.py egg_info --egg-base ../../build/camera_pub build --build-base /home/soda/VLAA/build/camera_pub/build install --record /home/soda/VLAA/build/camera_pub/install.log --single-version-externally-managed install_data
