[0.396s] DEBUG:colcon:Command line arguments: ['/usr/bin/colcon', 'build']
[0.396s] DEBUG:colcon:Parsed command line arguments: Namespace(log_base=None, log_level=None, verb_name='build', build_base='build', install_base='install', merge_install=False, symlink_install=False, test_result_base=None, continue_on_error=False, executor='parallel', parallel_workers=8, event_handlers=None, ignore_user_meta=False, metas=['./colcon.meta'], base_paths=['.'], packages_ignore=None, packages_ignore_regex=None, paths=None, packages_up_to=None, packages_up_to_regex=None, packages_above=None, packages_above_and_dependencies=None, packages_above_depth=None, packages_select_by_dep=None, packages_skip_by_dep=None, packages_skip_up_to=None, packages_select_build_failed=False, packages_skip_build_finished=False, packages_select_test_failures=False, packages_skip_test_passed=False, packages_select=None, packages_skip=None, packages_select_regex=None, packages_skip_regex=None, packages_start=None, packages_end=None, allow_overriding=[], cmake_args=None, cmake_target=None, cmake_target_skip_unavailable=False, cmake_clean_cache=False, cmake_clean_first=False, cmake_force_configure=False, ament_cmake_args=None, catkin_cmake_args=None, catkin_skip_building_tests=False, mixin_files=None, mixin=None, verb_parser=<colcon_mixin.mixin.mixin_argument.MixinArgumentDecorator object at 0xffffa4c5bb20>, verb_extension=<colcon_core.verb.build.BuildVerb object at 0xffffa4c5b310>, main=<bound method BuildVerb.main of <colcon_core.verb.build.BuildVerb object at 0xffffa4c5b310>>, mixin_verb=('build',))
[1.004s] Level 1:colcon.colcon_core.package_discovery:discover_packages(colcon_meta) check parameters
[1.004s] Level 1:colcon.colcon_core.package_discovery:discover_packages(recursive) check parameters
[1.004s] Level 1:colcon.colcon_core.package_discovery:discover_packages(ignore) check parameters
[1.004s] Level 1:colcon.colcon_core.package_discovery:discover_packages(path) check parameters
[1.004s] Level 1:colcon.colcon_core.package_discovery:discover_packages(colcon_meta) discover
[1.005s] Level 1:colcon.colcon_core.package_discovery:discover_packages(recursive) discover
[1.005s] INFO:colcon.colcon_core.package_discovery:Crawling recursively for packages in '/home/soda/VLAA'
[1.005s] Level 1:colcon.colcon_core.package_identification:_identify(.) by extensions ['ignore', 'ignore_ament_install']
[1.005s] Level 1:colcon.colcon_core.package_identification:_identify(.) by extension 'ignore'
[1.005s] Level 1:colcon.colcon_core.package_identification:_identify(.) by extension 'ignore_ament_install'
[1.005s] Level 1:colcon.colcon_core.package_identification:_identify(.) by extensions ['colcon_pkg']
[1.005s] Level 1:colcon.colcon_core.package_identification:_identify(.) by extension 'colcon_pkg'
[1.006s] Level 1:colcon.colcon_core.package_identification:_identify(.) by extensions ['colcon_meta']
[1.006s] Level 1:colcon.colcon_core.package_identification:_identify(.) by extension 'colcon_meta'
[1.006s] Level 1:colcon.colcon_core.package_identification:_identify(.) by extensions ['ros']
[1.006s] Level 1:colcon.colcon_core.package_identification:_identify(.) by extension 'ros'
[1.031s] Level 1:colcon.colcon_core.package_identification:_identify(.) by extensions ['cmake', 'python']
[1.031s] Level 1:colcon.colcon_core.package_identification:_identify(.) by extension 'cmake'
[1.031s] Level 1:colcon.colcon_core.package_identification:_identify(.) by extension 'python'
[1.031s] Level 1:colcon.colcon_core.package_identification:_identify(.) by extensions ['python_setup_py']
[1.031s] Level 1:colcon.colcon_core.package_identification:_identify(.) by extension 'python_setup_py'
[1.031s] Level 1:colcon.colcon_core.package_identification:_identify(build) by extensions ['ignore', 'ignore_ament_install']
[1.032s] Level 1:colcon.colcon_core.package_identification:_identify(build) by extension 'ignore'
[1.032s] Level 1:colcon.colcon_core.package_identification:_identify(build) ignored
[1.032s] Level 1:colcon.colcon_core.package_identification:_identify(install) by extensions ['ignore', 'ignore_ament_install']
[1.032s] Level 1:colcon.colcon_core.package_identification:_identify(install) by extension 'ignore'
[1.032s] Level 1:colcon.colcon_core.package_identification:_identify(install) ignored
[1.032s] Level 1:colcon.colcon_core.package_identification:_identify(log) by extensions ['ignore', 'ignore_ament_install']
[1.033s] Level 1:colcon.colcon_core.package_identification:_identify(log) by extension 'ignore'
[1.033s] Level 1:colcon.colcon_core.package_identification:_identify(log) ignored
[1.033s] Level 1:colcon.colcon_core.package_identification:_identify(src) by extensions ['ignore', 'ignore_ament_install']
[1.033s] Level 1:colcon.colcon_core.package_identification:_identify(src) by extension 'ignore'
[1.033s] Level 1:colcon.colcon_core.package_identification:_identify(src) by extension 'ignore_ament_install'
[1.033s] Level 1:colcon.colcon_core.package_identification:_identify(src) by extensions ['colcon_pkg']
[1.033s] Level 1:colcon.colcon_core.package_identification:_identify(src) by extension 'colcon_pkg'
[1.033s] Level 1:colcon.colcon_core.package_identification:_identify(src) by extensions ['colcon_meta']
[1.034s] Level 1:colcon.colcon_core.package_identification:_identify(src) by extension 'colcon_meta'
[1.034s] Level 1:colcon.colcon_core.package_identification:_identify(src) by extensions ['ros']
[1.034s] Level 1:colcon.colcon_core.package_identification:_identify(src) by extension 'ros'
[1.034s] Level 1:colcon.colcon_core.package_identification:_identify(src) by extensions ['cmake', 'python']
[1.034s] Level 1:colcon.colcon_core.package_identification:_identify(src) by extension 'cmake'
[1.034s] Level 1:colcon.colcon_core.package_identification:_identify(src) by extension 'python'
[1.034s] Level 1:colcon.colcon_core.package_identification:_identify(src) by extensions ['python_setup_py']
[1.034s] Level 1:colcon.colcon_core.package_identification:_identify(src) by extension 'python_setup_py'
[1.034s] Level 1:colcon.colcon_core.package_identification:_identify(src/action_executor_node) by extensions ['ignore', 'ignore_ament_install']
[1.035s] Level 1:colcon.colcon_core.package_identification:_identify(src/action_executor_node) by extension 'ignore'
[1.035s] Level 1:colcon.colcon_core.package_identification:_identify(src/action_executor_node) by extension 'ignore_ament_install'
[1.035s] Level 1:colcon.colcon_core.package_identification:_identify(src/action_executor_node) by extensions ['colcon_pkg']
[1.035s] Level 1:colcon.colcon_core.package_identification:_identify(src/action_executor_node) by extension 'colcon_pkg'
[1.035s] Level 1:colcon.colcon_core.package_identification:_identify(src/action_executor_node) by extensions ['colcon_meta']
[1.035s] Level 1:colcon.colcon_core.package_identification:_identify(src/action_executor_node) by extension 'colcon_meta'
[1.035s] Level 1:colcon.colcon_core.package_identification:_identify(src/action_executor_node) by extensions ['ros']
[1.035s] Level 1:colcon.colcon_core.package_identification:_identify(src/action_executor_node) by extension 'ros'
[1.043s] DEBUG:colcon.colcon_core.package_identification:Package 'src/action_executor_node' with type 'ros.ament_python' and name 'action_executor_node'
[1.043s] Level 1:colcon.colcon_core.package_identification:_identify(src/action_launch) by extensions ['ignore', 'ignore_ament_install']
[1.043s] Level 1:colcon.colcon_core.package_identification:_identify(src/action_launch) by extension 'ignore'
[1.044s] Level 1:colcon.colcon_core.package_identification:_identify(src/action_launch) by extension 'ignore_ament_install'
[1.044s] Level 1:colcon.colcon_core.package_identification:_identify(src/action_launch) by extensions ['colcon_pkg']
[1.044s] Level 1:colcon.colcon_core.package_identification:_identify(src/action_launch) by extension 'colcon_pkg'
[1.044s] Level 1:colcon.colcon_core.package_identification:_identify(src/action_launch) by extensions ['colcon_meta']
[1.044s] Level 1:colcon.colcon_core.package_identification:_identify(src/action_launch) by extension 'colcon_meta'
[1.044s] Level 1:colcon.colcon_core.package_identification:_identify(src/action_launch) by extensions ['ros']
[1.044s] Level 1:colcon.colcon_core.package_identification:_identify(src/action_launch) by extension 'ros'
[1.044s] Level 1:colcon.colcon_core.package_identification:_identify(src/action_launch) by extensions ['cmake', 'python']
[1.044s] Level 1:colcon.colcon_core.package_identification:_identify(src/action_launch) by extension 'cmake'
[1.045s] Level 1:colcon.colcon_core.package_identification:_identify(src/action_launch) by extension 'python'
[1.045s] Level 1:colcon.colcon_core.package_identification:_identify(src/action_launch) by extensions ['python_setup_py']
[1.045s] Level 1:colcon.colcon_core.package_identification:_identify(src/action_launch) by extension 'python_setup_py'
[1.045s] Level 1:colcon.colcon_core.package_identification:_identify(src/action_launch/launch) by extensions ['ignore', 'ignore_ament_install']
[1.045s] Level 1:colcon.colcon_core.package_identification:_identify(src/action_launch/launch) by extension 'ignore'
[1.045s] Level 1:colcon.colcon_core.package_identification:_identify(src/action_launch/launch) by extension 'ignore_ament_install'
[1.045s] Level 1:colcon.colcon_core.package_identification:_identify(src/action_launch/launch) by extensions ['colcon_pkg']
[1.045s] Level 1:colcon.colcon_core.package_identification:_identify(src/action_launch/launch) by extension 'colcon_pkg'
[1.045s] Level 1:colcon.colcon_core.package_identification:_identify(src/action_launch/launch) by extensions ['colcon_meta']
[1.046s] Level 1:colcon.colcon_core.package_identification:_identify(src/action_launch/launch) by extension 'colcon_meta'
[1.046s] Level 1:colcon.colcon_core.package_identification:_identify(src/action_launch/launch) by extensions ['ros']
[1.046s] Level 1:colcon.colcon_core.package_identification:_identify(src/action_launch/launch) by extension 'ros'
[1.046s] Level 1:colcon.colcon_core.package_identification:_identify(src/action_launch/launch) by extensions ['cmake', 'python']
[1.046s] Level 1:colcon.colcon_core.package_identification:_identify(src/action_launch/launch) by extension 'cmake'
[1.046s] Level 1:colcon.colcon_core.package_identification:_identify(src/action_launch/launch) by extension 'python'
[1.046s] Level 1:colcon.colcon_core.package_identification:_identify(src/action_launch/launch) by extensions ['python_setup_py']
[1.046s] Level 1:colcon.colcon_core.package_identification:_identify(src/action_launch/launch) by extension 'python_setup_py'
[1.046s] Level 1:colcon.colcon_core.package_identification:_identify(src/camera_pub) by extensions ['ignore', 'ignore_ament_install']
[1.047s] Level 1:colcon.colcon_core.package_identification:_identify(src/camera_pub) by extension 'ignore'
[1.047s] Level 1:colcon.colcon_core.package_identification:_identify(src/camera_pub) by extension 'ignore_ament_install'
[1.047s] Level 1:colcon.colcon_core.package_identification:_identify(src/camera_pub) by extensions ['colcon_pkg']
[1.047s] Level 1:colcon.colcon_core.package_identification:_identify(src/camera_pub) by extension 'colcon_pkg'
[1.047s] Level 1:colcon.colcon_core.package_identification:_identify(src/camera_pub) by extensions ['colcon_meta']
[1.047s] Level 1:colcon.colcon_core.package_identification:_identify(src/camera_pub) by extension 'colcon_meta'
[1.047s] Level 1:colcon.colcon_core.package_identification:_identify(src/camera_pub) by extensions ['ros']
[1.047s] Level 1:colcon.colcon_core.package_identification:_identify(src/camera_pub) by extension 'ros'
[1.049s] DEBUG:colcon.colcon_core.package_identification:Package 'src/camera_pub' with type 'ros.ament_python' and name 'camera_pub'
[1.049s] Level 1:colcon.colcon_core.package_identification:_identify(src/omni_controller) by extensions ['ignore', 'ignore_ament_install']
[1.049s] Level 1:colcon.colcon_core.package_identification:_identify(src/omni_controller) by extension 'ignore'
[1.049s] Level 1:colcon.colcon_core.package_identification:_identify(src/omni_controller) by extension 'ignore_ament_install'
[1.049s] Level 1:colcon.colcon_core.package_identification:_identify(src/omni_controller) by extensions ['colcon_pkg']
[1.049s] Level 1:colcon.colcon_core.package_identification:_identify(src/omni_controller) by extension 'colcon_pkg'
[1.050s] Level 1:colcon.colcon_core.package_identification:_identify(src/omni_controller) by extensions ['colcon_meta']
[1.050s] Level 1:colcon.colcon_core.package_identification:_identify(src/omni_controller) by extension 'colcon_meta'
[1.050s] Level 1:colcon.colcon_core.package_identification:_identify(src/omni_controller) by extensions ['ros']
[1.050s] Level 1:colcon.colcon_core.package_identification:_identify(src/omni_controller) by extension 'ros'
[1.051s] DEBUG:colcon.colcon_core.package_identification:Package 'src/omni_controller' with type 'ros.ament_python' and name 'omni_controller'
[1.051s] Level 1:colcon.colcon_core.package_identification:_identify(src/vla_node) by extensions ['ignore', 'ignore_ament_install']
[1.051s] Level 1:colcon.colcon_core.package_identification:_identify(src/vla_node) by extension 'ignore'
[1.052s] Level 1:colcon.colcon_core.package_identification:_identify(src/vla_node) by extension 'ignore_ament_install'
[1.052s] Level 1:colcon.colcon_core.package_identification:_identify(src/vla_node) by extensions ['colcon_pkg']
[1.052s] Level 1:colcon.colcon_core.package_identification:_identify(src/vla_node) by extension 'colcon_pkg'
[1.052s] Level 1:colcon.colcon_core.package_identification:_identify(src/vla_node) by extensions ['colcon_meta']
[1.052s] Level 1:colcon.colcon_core.package_identification:_identify(src/vla_node) by extension 'colcon_meta'
[1.052s] Level 1:colcon.colcon_core.package_identification:_identify(src/vla_node) by extensions ['ros']
[1.052s] Level 1:colcon.colcon_core.package_identification:_identify(src/vla_node) by extension 'ros'
[1.053s] DEBUG:colcon.colcon_core.package_identification:Package 'src/vla_node' with type 'ros.ament_python' and name 'vla_node'
[1.054s] Level 1:colcon.colcon_core.package_discovery:discover_packages(recursive) using defaults
[1.054s] Level 1:colcon.colcon_core.package_discovery:discover_packages(ignore) discover
[1.054s] Level 1:colcon.colcon_core.package_discovery:discover_packages(ignore) using defaults
[1.054s] Level 1:colcon.colcon_core.package_discovery:discover_packages(path) discover
[1.054s] Level 1:colcon.colcon_core.package_discovery:discover_packages(path) using defaults
[1.097s] Level 1:colcon.colcon_core.package_discovery:discover_packages(prefix_path) check parameters
[1.097s] Level 1:colcon.colcon_core.package_discovery:discover_packages(prefix_path) discover
[1.102s] DEBUG:colcon.colcon_installed_package_information.package_discovery:Found 3 installed packages in /home/soda/ros2_ws/install
[1.104s] DEBUG:colcon.colcon_installed_package_information.package_discovery:Found 283 installed packages in /opt/ros/humble
[1.106s] Level 1:colcon.colcon_core.package_discovery:discover_packages(prefix_path) using defaults
[1.168s] Level 5:colcon.colcon_core.verb:set package 'action_executor_node' build argument 'cmake_args' from command line to 'None'
[1.169s] Level 5:colcon.colcon_core.verb:set package 'action_executor_node' build argument 'cmake_target' from command line to 'None'
[1.169s] Level 5:colcon.colcon_core.verb:set package 'action_executor_node' build argument 'cmake_target_skip_unavailable' from command line to 'False'
[1.169s] Level 5:colcon.colcon_core.verb:set package 'action_executor_node' build argument 'cmake_clean_cache' from command line to 'False'
[1.169s] Level 5:colcon.colcon_core.verb:set package 'action_executor_node' build argument 'cmake_clean_first' from command line to 'False'
[1.169s] Level 5:colcon.colcon_core.verb:set package 'action_executor_node' build argument 'cmake_force_configure' from command line to 'False'
[1.169s] Level 5:colcon.colcon_core.verb:set package 'action_executor_node' build argument 'ament_cmake_args' from command line to 'None'
[1.169s] Level 5:colcon.colcon_core.verb:set package 'action_executor_node' build argument 'catkin_cmake_args' from command line to 'None'
[1.169s] Level 5:colcon.colcon_core.verb:set package 'action_executor_node' build argument 'catkin_skip_building_tests' from command line to 'False'
[1.169s] DEBUG:colcon.colcon_core.verb:Building package 'action_executor_node' with the following arguments: {'ament_cmake_args': None, 'build_base': '/home/soda/VLAA/build/action_executor_node', 'catkin_cmake_args': None, 'catkin_skip_building_tests': False, 'cmake_args': None, 'cmake_clean_cache': False, 'cmake_clean_first': False, 'cmake_force_configure': False, 'cmake_target': None, 'cmake_target_skip_unavailable': False, 'install_base': '/home/soda/VLAA/install/action_executor_node', 'merge_install': False, 'path': '/home/soda/VLAA/src/action_executor_node', 'symlink_install': False, 'test_result_base': None}
[1.170s] Level 5:colcon.colcon_core.verb:set package 'camera_pub' build argument 'cmake_args' from command line to 'None'
[1.170s] Level 5:colcon.colcon_core.verb:set package 'camera_pub' build argument 'cmake_target' from command line to 'None'
[1.170s] Level 5:colcon.colcon_core.verb:set package 'camera_pub' build argument 'cmake_target_skip_unavailable' from command line to 'False'
[1.170s] Level 5:colcon.colcon_core.verb:set package 'camera_pub' build argument 'cmake_clean_cache' from command line to 'False'
[1.170s] Level 5:colcon.colcon_core.verb:set package 'camera_pub' build argument 'cmake_clean_first' from command line to 'False'
[1.170s] Level 5:colcon.colcon_core.verb:set package 'camera_pub' build argument 'cmake_force_configure' from command line to 'False'
[1.170s] Level 5:colcon.colcon_core.verb:set package 'camera_pub' build argument 'ament_cmake_args' from command line to 'None'
[1.170s] Level 5:colcon.colcon_core.verb:set package 'camera_pub' build argument 'catkin_cmake_args' from command line to 'None'
[1.170s] Level 5:colcon.colcon_core.verb:set package 'camera_pub' build argument 'catkin_skip_building_tests' from command line to 'False'
[1.170s] DEBUG:colcon.colcon_core.verb:Building package 'camera_pub' with the following arguments: {'ament_cmake_args': None, 'build_base': '/home/soda/VLAA/build/camera_pub', 'catkin_cmake_args': None, 'catkin_skip_building_tests': False, 'cmake_args': None, 'cmake_clean_cache': False, 'cmake_clean_first': False, 'cmake_force_configure': False, 'cmake_target': None, 'cmake_target_skip_unavailable': False, 'install_base': '/home/soda/VLAA/install/camera_pub', 'merge_install': False, 'path': '/home/soda/VLAA/src/camera_pub', 'symlink_install': False, 'test_result_base': None}
[1.171s] Level 5:colcon.colcon_core.verb:set package 'omni_controller' build argument 'cmake_args' from command line to 'None'
[1.171s] Level 5:colcon.colcon_core.verb:set package 'omni_controller' build argument 'cmake_target' from command line to 'None'
[1.171s] Level 5:colcon.colcon_core.verb:set package 'omni_controller' build argument 'cmake_target_skip_unavailable' from command line to 'False'
[1.171s] Level 5:colcon.colcon_core.verb:set package 'omni_controller' build argument 'cmake_clean_cache' from command line to 'False'
[1.171s] Level 5:colcon.colcon_core.verb:set package 'omni_controller' build argument 'cmake_clean_first' from command line to 'False'
[1.171s] Level 5:colcon.colcon_core.verb:set package 'omni_controller' build argument 'cmake_force_configure' from command line to 'False'
[1.171s] Level 5:colcon.colcon_core.verb:set package 'omni_controller' build argument 'ament_cmake_args' from command line to 'None'
[1.171s] Level 5:colcon.colcon_core.verb:set package 'omni_controller' build argument 'catkin_cmake_args' from command line to 'None'
[1.171s] Level 5:colcon.colcon_core.verb:set package 'omni_controller' build argument 'catkin_skip_building_tests' from command line to 'False'
[1.171s] DEBUG:colcon.colcon_core.verb:Building package 'omni_controller' with the following arguments: {'ament_cmake_args': None, 'build_base': '/home/soda/VLAA/build/omni_controller', 'catkin_cmake_args': None, 'catkin_skip_building_tests': False, 'cmake_args': None, 'cmake_clean_cache': False, 'cmake_clean_first': False, 'cmake_force_configure': False, 'cmake_target': None, 'cmake_target_skip_unavailable': False, 'install_base': '/home/soda/VLAA/install/omni_controller', 'merge_install': False, 'path': '/home/soda/VLAA/src/omni_controller', 'symlink_install': False, 'test_result_base': None}
[1.171s] Level 5:colcon.colcon_core.verb:set package 'vla_node' build argument 'cmake_args' from command line to 'None'
[1.172s] Level 5:colcon.colcon_core.verb:set package 'vla_node' build argument 'cmake_target' from command line to 'None'
[1.172s] Level 5:colcon.colcon_core.verb:set package 'vla_node' build argument 'cmake_target_skip_unavailable' from command line to 'False'
[1.172s] Level 5:colcon.colcon_core.verb:set package 'vla_node' build argument 'cmake_clean_cache' from command line to 'False'
[1.172s] Level 5:colcon.colcon_core.verb:set package 'vla_node' build argument 'cmake_clean_first' from command line to 'False'
[1.172s] Level 5:colcon.colcon_core.verb:set package 'vla_node' build argument 'cmake_force_configure' from command line to 'False'
[1.172s] Level 5:colcon.colcon_core.verb:set package 'vla_node' build argument 'ament_cmake_args' from command line to 'None'
[1.172s] Level 5:colcon.colcon_core.verb:set package 'vla_node' build argument 'catkin_cmake_args' from command line to 'None'
[1.172s] Level 5:colcon.colcon_core.verb:set package 'vla_node' build argument 'catkin_skip_building_tests' from command line to 'False'
[1.172s] DEBUG:colcon.colcon_core.verb:Building package 'vla_node' with the following arguments: {'ament_cmake_args': None, 'build_base': '/home/soda/VLAA/build/vla_node', 'catkin_cmake_args': None, 'catkin_skip_building_tests': False, 'cmake_args': None, 'cmake_clean_cache': False, 'cmake_clean_first': False, 'cmake_force_configure': False, 'cmake_target': None, 'cmake_target_skip_unavailable': False, 'install_base': '/home/soda/VLAA/install/vla_node', 'merge_install': False, 'path': '/home/soda/VLAA/src/vla_node', 'symlink_install': False, 'test_result_base': None}
[1.172s] INFO:colcon.colcon_core.executor:Executing jobs using 'parallel' executor
[1.174s] DEBUG:colcon.colcon_parallel_executor.executor.parallel:run_until_complete
[1.174s] INFO:colcon.colcon_ros.task.ament_python.build:Building ROS package in '/home/soda/VLAA/src/action_executor_node' with build type 'ament_python'
[1.175s] Level 1:colcon.colcon_core.shell:create_environment_hook('action_executor_node', 'ament_prefix_path')
[1.180s] INFO:colcon.colcon_core.plugin_system:Skipping extension 'colcon_core.shell.bat': Not used on non-Windows systems
[1.181s] INFO:colcon.colcon_core.shell:Creating environment hook '/home/soda/VLAA/install/action_executor_node/share/action_executor_node/hook/ament_prefix_path.ps1'
[1.183s] INFO:colcon.colcon_core.shell:Creating environment descriptor '/home/soda/VLAA/install/action_executor_node/share/action_executor_node/hook/ament_prefix_path.dsv'
[1.184s] INFO:colcon.colcon_core.shell:Creating environment hook '/home/soda/VLAA/install/action_executor_node/share/action_executor_node/hook/ament_prefix_path.sh'
[1.185s] INFO:colcon.colcon_core.shell:Skip shell extension 'powershell' for command environment: Not usable outside of PowerShell
[1.185s] DEBUG:colcon.colcon_core.shell:Skip shell extension 'dsv' for command environment
[1.191s] INFO:colcon.colcon_ros.task.ament_python.build:Building ROS package in '/home/soda/VLAA/src/camera_pub' with build type 'ament_python'
[1.192s] Level 1:colcon.colcon_core.shell:create_environment_hook('camera_pub', 'ament_prefix_path')
[1.192s] INFO:colcon.colcon_core.shell:Creating environment hook '/home/soda/VLAA/install/camera_pub/share/camera_pub/hook/ament_prefix_path.ps1'
[1.194s] INFO:colcon.colcon_core.shell:Creating environment descriptor '/home/soda/VLAA/install/camera_pub/share/camera_pub/hook/ament_prefix_path.dsv'
[1.194s] INFO:colcon.colcon_core.shell:Creating environment hook '/home/soda/VLAA/install/camera_pub/share/camera_pub/hook/ament_prefix_path.sh'
[1.195s] INFO:colcon.colcon_core.shell:Skip shell extension 'powershell' for command environment: Not usable outside of PowerShell
[1.195s] DEBUG:colcon.colcon_core.shell:Skip shell extension 'dsv' for command environment
[1.200s] INFO:colcon.colcon_ros.task.ament_python.build:Building ROS package in '/home/soda/VLAA/src/omni_controller' with build type 'ament_python'
[1.201s] Level 1:colcon.colcon_core.shell:create_environment_hook('omni_controller', 'ament_prefix_path')
[1.201s] INFO:colcon.colcon_core.shell:Creating environment hook '/home/soda/VLAA/install/omni_controller/share/omni_controller/hook/ament_prefix_path.ps1'
[1.202s] INFO:colcon.colcon_core.shell:Creating environment descriptor '/home/soda/VLAA/install/omni_controller/share/omni_controller/hook/ament_prefix_path.dsv'
[1.203s] INFO:colcon.colcon_core.shell:Creating environment hook '/home/soda/VLAA/install/omni_controller/share/omni_controller/hook/ament_prefix_path.sh'
[1.204s] INFO:colcon.colcon_core.shell:Skip shell extension 'powershell' for command environment: Not usable outside of PowerShell
[1.204s] DEBUG:colcon.colcon_core.shell:Skip shell extension 'dsv' for command environment
[1.209s] INFO:colcon.colcon_ros.task.ament_python.build:Building ROS package in '/home/soda/VLAA/src/vla_node' with build type 'ament_python'
[1.209s] Level 1:colcon.colcon_core.shell:create_environment_hook('vla_node', 'ament_prefix_path')
[1.210s] INFO:colcon.colcon_core.shell:Creating environment hook '/home/soda/VLAA/install/vla_node/share/vla_node/hook/ament_prefix_path.ps1'
[1.211s] INFO:colcon.colcon_core.shell:Creating environment descriptor '/home/soda/VLAA/install/vla_node/share/vla_node/hook/ament_prefix_path.dsv'
[1.211s] INFO:colcon.colcon_core.shell:Creating environment hook '/home/soda/VLAA/install/vla_node/share/vla_node/hook/ament_prefix_path.sh'
[1.212s] INFO:colcon.colcon_core.shell:Skip shell extension 'powershell' for command environment: Not usable outside of PowerShell
[1.212s] DEBUG:colcon.colcon_core.shell:Skip shell extension 'dsv' for command environment
[2.095s] INFO:colcon.colcon_core.task.python.build:Building Python package in '/home/soda/VLAA/src/action_executor_node'
[2.096s] INFO:colcon.colcon_core.shell:Skip shell extension 'powershell' for command environment: Not usable outside of PowerShell
[2.096s] DEBUG:colcon.colcon_core.shell:Skip shell extension 'dsv' for command environment
[2.914s] INFO:colcon.colcon_core.task.python.build:Building Python package in '/home/soda/VLAA/src/camera_pub'
[2.915s] INFO:colcon.colcon_core.shell:Skip shell extension 'powershell' for command environment: Not usable outside of PowerShell
[2.915s] DEBUG:colcon.colcon_core.shell:Skip shell extension 'dsv' for command environment
[3.740s] INFO:colcon.colcon_core.task.python.build:Building Python package in '/home/soda/VLAA/src/omni_controller'
[3.741s] INFO:colcon.colcon_core.shell:Skip shell extension 'powershell' for command environment: Not usable outside of PowerShell
[3.741s] DEBUG:colcon.colcon_core.shell:Skip shell extension 'dsv' for command environment
[4.555s] INFO:colcon.colcon_core.task.python.build:Building Python package in '/home/soda/VLAA/src/vla_node'
[4.556s] INFO:colcon.colcon_core.shell:Skip shell extension 'powershell' for command environment: Not usable outside of PowerShell
[4.556s] DEBUG:colcon.colcon_core.shell:Skip shell extension 'dsv' for command environment
[6.350s] DEBUG:colcon.colcon_core.event_handler.log_command:Invoking command in '/home/soda/VLAA/src/vla_node': CONDA_PROMPT_MODIFIER=(base) PYTHONPATH=/home/soda/VLAA/build/vla_node/prefix_override:/usr/lib/python3/dist-packages/colcon_core/task/python/colcon_distutils_commands:/home/soda/VLAA/install/vla_node/lib/python3.10/site-packages:${PYTHONPATH} /usr/bin/python3 -W ignore:setup.py install is deprecated -W ignore:easy_install command is deprecated setup.py egg_info --egg-base ../../build/vla_node build --build-base /home/soda/VLAA/build/vla_node/build install --record /home/soda/VLAA/build/vla_node/install.log --single-version-externally-managed install_data
[6.358s] DEBUG:colcon.colcon_core.event_handler.log_command:Invoking command in '/home/soda/VLAA/src/action_executor_node': CONDA_PROMPT_MODIFIER=(base) PYTHONPATH=/home/soda/VLAA/build/action_executor_node/prefix_override:/usr/lib/python3/dist-packages/colcon_core/task/python/colcon_distutils_commands:/home/soda/VLAA/install/action_executor_node/lib/python3.10/site-packages:${PYTHONPATH} /usr/bin/python3 -W ignore:setup.py install is deprecated -W ignore:easy_install command is deprecated setup.py egg_info --egg-base ../../build/action_executor_node build --build-base /home/soda/VLAA/build/action_executor_node/build install --record /home/soda/VLAA/build/action_executor_node/install.log --single-version-externally-managed install_data
[6.367s] DEBUG:colcon.colcon_core.event_handler.log_command:Invoking command in '/home/soda/VLAA/src/camera_pub': CONDA_PROMPT_MODIFIER=(base) PYTHONPATH=/home/soda/VLAA/build/camera_pub/prefix_override:/usr/lib/python3/dist-packages/colcon_core/task/python/colcon_distutils_commands:/home/soda/VLAA/install/camera_pub/lib/python3.10/site-packages:${PYTHONPATH} /usr/bin/python3 -W ignore:setup.py install is deprecated -W ignore:easy_install command is deprecated setup.py egg_info --egg-base ../../build/camera_pub build --build-base /home/soda/VLAA/build/camera_pub/build install --record /home/soda/VLAA/build/camera_pub/install.log --single-version-externally-managed install_data
[6.443s] DEBUG:colcon.colcon_core.event_handler.log_command:Invoking command in '/home/soda/VLAA/src/omni_controller': CONDA_PROMPT_MODIFIER=(base) PYTHONPATH=/home/soda/VLAA/build/omni_controller/prefix_override:/usr/lib/python3/dist-packages/colcon_core/task/python/colcon_distutils_commands:/home/soda/VLAA/install/omni_controller/lib/python3.10/site-packages:${PYTHONPATH} /usr/bin/python3 -W ignore:setup.py install is deprecated -W ignore:easy_install command is deprecated setup.py egg_info --egg-base ../../build/omni_controller build --build-base /home/soda/VLAA/build/omni_controller/build install --record /home/soda/VLAA/build/omni_controller/install.log --single-version-externally-managed install_data
[7.792s] DEBUG:colcon.colcon_core.event_handler.log_command:Invoked command in '/home/soda/VLAA/src/camera_pub' returned '0': CONDA_PROMPT_MODIFIER=(base) PYTHONPATH=/home/soda/VLAA/build/camera_pub/prefix_override:/usr/lib/python3/dist-packages/colcon_core/task/python/colcon_distutils_commands:/home/soda/VLAA/install/camera_pub/lib/python3.10/site-packages:${PYTHONPATH} /usr/bin/python3 -W ignore:setup.py install is deprecated -W ignore:easy_install command is deprecated setup.py egg_info --egg-base ../../build/camera_pub build --build-base /home/soda/VLAA/build/camera_pub/build install --record /home/soda/VLAA/build/camera_pub/install.log --single-version-externally-managed install_data
[7.799s] Level 1:colcon.colcon_core.environment:checking '/home/soda/VLAA/install/camera_pub' for CMake module files
[7.800s] Level 1:colcon.colcon_core.environment:checking '/home/soda/VLAA/install/camera_pub' for CMake config files
[7.801s] Level 1:colcon.colcon_core.environment:checking '/home/soda/VLAA/install/camera_pub/lib'
[7.802s] Level 1:colcon.colcon_core.environment:checking '/home/soda/VLAA/install/camera_pub/bin'
[7.802s] Level 1:colcon.colcon_core.environment:checking '/home/soda/VLAA/install/camera_pub/lib/pkgconfig/camera_pub.pc'
[7.802s] Level 1:colcon.colcon_core.environment:checking '/home/soda/VLAA/install/camera_pub/lib/python3.10/site-packages'
[7.802s] Level 1:colcon.colcon_core.shell:create_environment_hook('camera_pub', 'pythonpath')
[7.803s] INFO:colcon.colcon_core.shell:Creating environment hook '/home/soda/VLAA/install/camera_pub/share/camera_pub/hook/pythonpath.ps1'
[7.804s] INFO:colcon.colcon_core.shell:Creating environment descriptor '/home/soda/VLAA/install/camera_pub/share/camera_pub/hook/pythonpath.dsv'
[7.805s] INFO:colcon.colcon_core.shell:Creating environment hook '/home/soda/VLAA/install/camera_pub/share/camera_pub/hook/pythonpath.sh'
[7.806s] Level 1:colcon.colcon_core.environment:checking '/home/soda/VLAA/install/camera_pub/bin'
[7.806s] Level 1:colcon.colcon_core.environment:create_environment_scripts_only(camera_pub)
[7.806s] INFO:colcon.colcon_core.shell:Creating package script '/home/soda/VLAA/install/camera_pub/share/camera_pub/package.ps1'
[7.808s] INFO:colcon.colcon_core.shell:Creating package descriptor '/home/soda/VLAA/install/camera_pub/share/camera_pub/package.dsv'
[7.809s] INFO:colcon.colcon_core.shell:Creating package script '/home/soda/VLAA/install/camera_pub/share/camera_pub/package.sh'
[7.811s] INFO:colcon.colcon_core.shell:Creating package script '/home/soda/VLAA/install/camera_pub/share/camera_pub/package.bash'
[7.813s] INFO:colcon.colcon_core.shell:Creating package script '/home/soda/VLAA/install/camera_pub/share/camera_pub/package.zsh'
[7.815s] Level 1:colcon.colcon_core.environment:create_file_with_runtime_dependencies(/home/soda/VLAA/install/camera_pub/share/colcon-core/packages/camera_pub)
[7.817s] Level 1:colcon.colcon_core.environment:checking '/home/soda/VLAA/install/action_executor_node' for CMake module files
[7.819s] DEBUG:colcon.colcon_core.event_handler.log_command:Invoked command in '/home/soda/VLAA/src/action_executor_node' returned '0': CONDA_PROMPT_MODIFIER=(base) PYTHONPATH=/home/soda/VLAA/build/action_executor_node/prefix_override:/usr/lib/python3/dist-packages/colcon_core/task/python/colcon_distutils_commands:/home/soda/VLAA/install/action_executor_node/lib/python3.10/site-packages:${PYTHONPATH} /usr/bin/python3 -W ignore:setup.py install is deprecated -W ignore:easy_install command is deprecated setup.py egg_info --egg-base ../../build/action_executor_node build --build-base /home/soda/VLAA/build/action_executor_node/build install --record /home/soda/VLAA/build/action_executor_node/install.log --single-version-externally-managed install_data
[7.820s] Level 1:colcon.colcon_core.environment:checking '/home/soda/VLAA/install/action_executor_node' for CMake config files
[7.822s] Level 1:colcon.colcon_core.environment:checking '/home/soda/VLAA/install/action_executor_node/lib'
[7.822s] Level 1:colcon.colcon_core.environment:checking '/home/soda/VLAA/install/action_executor_node/bin'
[7.823s] Level 1:colcon.colcon_core.environment:checking '/home/soda/VLAA/install/action_executor_node/lib/pkgconfig/action_executor_node.pc'
[7.823s] Level 1:colcon.colcon_core.environment:checking '/home/soda/VLAA/install/action_executor_node/lib/python3.10/site-packages'
[7.823s] Level 1:colcon.colcon_core.shell:create_environment_hook('action_executor_node', 'pythonpath')
[7.824s] INFO:colcon.colcon_core.shell:Creating environment hook '/home/soda/VLAA/install/action_executor_node/share/action_executor_node/hook/pythonpath.ps1'
[7.825s] INFO:colcon.colcon_core.shell:Creating environment descriptor '/home/soda/VLAA/install/action_executor_node/share/action_executor_node/hook/pythonpath.dsv'
[7.826s] INFO:colcon.colcon_core.shell:Creating environment hook '/home/soda/VLAA/install/action_executor_node/share/action_executor_node/hook/pythonpath.sh'
[7.826s] Level 1:colcon.colcon_core.environment:checking '/home/soda/VLAA/install/action_executor_node/bin'
[7.827s] Level 1:colcon.colcon_core.environment:create_environment_scripts_only(action_executor_node)
[7.827s] INFO:colcon.colcon_core.shell:Creating package script '/home/soda/VLAA/install/action_executor_node/share/action_executor_node/package.ps1'
[7.828s] INFO:colcon.colcon_core.shell:Creating package descriptor '/home/soda/VLAA/install/action_executor_node/share/action_executor_node/package.dsv'
[7.829s] INFO:colcon.colcon_core.shell:Creating package script '/home/soda/VLAA/install/action_executor_node/share/action_executor_node/package.sh'
[7.829s] INFO:colcon.colcon_core.shell:Creating package script '/home/soda/VLAA/install/action_executor_node/share/action_executor_node/package.bash'
[7.830s] INFO:colcon.colcon_core.shell:Creating package script '/home/soda/VLAA/install/action_executor_node/share/action_executor_node/package.zsh'
[7.830s] Level 1:colcon.colcon_core.environment:create_file_with_runtime_dependencies(/home/soda/VLAA/install/action_executor_node/share/colcon-core/packages/action_executor_node)
[7.832s] Level 1:colcon.colcon_core.environment:checking '/home/soda/VLAA/install/vla_node' for CMake module files
[7.834s] DEBUG:colcon.colcon_core.event_handler.log_command:Invoked command in '/home/soda/VLAA/src/vla_node' returned '0': CONDA_PROMPT_MODIFIER=(base) PYTHONPATH=/home/soda/VLAA/build/vla_node/prefix_override:/usr/lib/python3/dist-packages/colcon_core/task/python/colcon_distutils_commands:/home/soda/VLAA/install/vla_node/lib/python3.10/site-packages:${PYTHONPATH} /usr/bin/python3 -W ignore:setup.py install is deprecated -W ignore:easy_install command is deprecated setup.py egg_info --egg-base ../../build/vla_node build --build-base /home/soda/VLAA/build/vla_node/build install --record /home/soda/VLAA/build/vla_node/install.log --single-version-externally-managed install_data
[7.834s] Level 1:colcon.colcon_core.environment:checking '/home/soda/VLAA/install/vla_node' for CMake config files
[7.838s] Level 1:colcon.colcon_core.environment:checking '/home/soda/VLAA/install/vla_node/lib'
[7.838s] Level 1:colcon.colcon_core.environment:checking '/home/soda/VLAA/install/vla_node/bin'
[7.838s] Level 1:colcon.colcon_core.environment:checking '/home/soda/VLAA/install/vla_node/lib/pkgconfig/vla_node.pc'
[7.838s] Level 1:colcon.colcon_core.environment:checking '/home/soda/VLAA/install/vla_node/lib/python3.10/site-packages'
[7.839s] Level 1:colcon.colcon_core.shell:create_environment_hook('vla_node', 'pythonpath')
[7.839s] INFO:colcon.colcon_core.shell:Creating environment hook '/home/soda/VLAA/install/vla_node/share/vla_node/hook/pythonpath.ps1'
[7.840s] INFO:colcon.colcon_core.shell:Creating environment descriptor '/home/soda/VLAA/install/vla_node/share/vla_node/hook/pythonpath.dsv'
[7.840s] INFO:colcon.colcon_core.shell:Creating environment hook '/home/soda/VLAA/install/vla_node/share/vla_node/hook/pythonpath.sh'
[7.841s] Level 1:colcon.colcon_core.environment:checking '/home/soda/VLAA/install/vla_node/bin'
[7.842s] Level 1:colcon.colcon_core.environment:create_environment_scripts_only(vla_node)
[7.842s] INFO:colcon.colcon_core.shell:Creating package script '/home/soda/VLAA/install/vla_node/share/vla_node/package.ps1'
[7.843s] INFO:colcon.colcon_core.shell:Creating package descriptor '/home/soda/VLAA/install/vla_node/share/vla_node/package.dsv'
[7.844s] INFO:colcon.colcon_core.shell:Creating package script '/home/soda/VLAA/install/vla_node/share/vla_node/package.sh'
[7.844s] INFO:colcon.colcon_core.shell:Creating package script '/home/soda/VLAA/install/vla_node/share/vla_node/package.bash'
[7.845s] INFO:colcon.colcon_core.shell:Creating package script '/home/soda/VLAA/install/vla_node/share/vla_node/package.zsh'
[7.845s] Level 1:colcon.colcon_core.environment:create_file_with_runtime_dependencies(/home/soda/VLAA/install/vla_node/share/colcon-core/packages/vla_node)
[7.939s] Level 1:colcon.colcon_core.environment:checking '/home/soda/VLAA/install/omni_controller' for CMake module files
[7.940s] DEBUG:colcon.colcon_core.event_handler.log_command:Invoked command in '/home/soda/VLAA/src/omni_controller' returned '0': CONDA_PROMPT_MODIFIER=(base) PYTHONPATH=/home/soda/VLAA/build/omni_controller/prefix_override:/usr/lib/python3/dist-packages/colcon_core/task/python/colcon_distutils_commands:/home/soda/VLAA/install/omni_controller/lib/python3.10/site-packages:${PYTHONPATH} /usr/bin/python3 -W ignore:setup.py install is deprecated -W ignore:easy_install command is deprecated setup.py egg_info --egg-base ../../build/omni_controller build --build-base /home/soda/VLAA/build/omni_controller/build install --record /home/soda/VLAA/build/omni_controller/install.log --single-version-externally-managed install_data
[7.941s] Level 1:colcon.colcon_core.environment:checking '/home/soda/VLAA/install/omni_controller' for CMake config files
[7.943s] Level 1:colcon.colcon_core.environment:checking '/home/soda/VLAA/install/omni_controller/lib'
[7.943s] Level 1:colcon.colcon_core.environment:checking '/home/soda/VLAA/install/omni_controller/bin'
[7.943s] Level 1:colcon.colcon_core.environment:checking '/home/soda/VLAA/install/omni_controller/lib/pkgconfig/omni_controller.pc'
[7.943s] Level 1:colcon.colcon_core.environment:checking '/home/soda/VLAA/install/omni_controller/lib/python3.10/site-packages'
[7.943s] Level 1:colcon.colcon_core.shell:create_environment_hook('omni_controller', 'pythonpath')
[7.944s] INFO:colcon.colcon_core.shell:Creating environment hook '/home/soda/VLAA/install/omni_controller/share/omni_controller/hook/pythonpath.ps1'
[7.945s] INFO:colcon.colcon_core.shell:Creating environment descriptor '/home/soda/VLAA/install/omni_controller/share/omni_controller/hook/pythonpath.dsv'
[7.945s] INFO:colcon.colcon_core.shell:Creating environment hook '/home/soda/VLAA/install/omni_controller/share/omni_controller/hook/pythonpath.sh'
[7.946s] Level 1:colcon.colcon_core.environment:checking '/home/soda/VLAA/install/omni_controller/bin'
[7.946s] Level 1:colcon.colcon_core.environment:create_environment_scripts_only(omni_controller)
[7.947s] INFO:colcon.colcon_core.shell:Creating package script '/home/soda/VLAA/install/omni_controller/share/omni_controller/package.ps1'
[7.948s] INFO:colcon.colcon_core.shell:Creating package descriptor '/home/soda/VLAA/install/omni_controller/share/omni_controller/package.dsv'
[7.948s] INFO:colcon.colcon_core.shell:Creating package script '/home/soda/VLAA/install/omni_controller/share/omni_controller/package.sh'
[7.949s] INFO:colcon.colcon_core.shell:Creating package script '/home/soda/VLAA/install/omni_controller/share/omni_controller/package.bash'
[7.950s] INFO:colcon.colcon_core.shell:Creating package script '/home/soda/VLAA/install/omni_controller/share/omni_controller/package.zsh'
[7.950s] Level 1:colcon.colcon_core.environment:create_file_with_runtime_dependencies(/home/soda/VLAA/install/omni_controller/share/colcon-core/packages/omni_controller)
[7.951s] DEBUG:colcon.colcon_parallel_executor.executor.parallel:closing loop
[7.951s] DEBUG:colcon.colcon_parallel_executor.executor.parallel:loop closed
[7.951s] DEBUG:colcon.colcon_parallel_executor.executor.parallel:run_until_complete finished with '0'
[7.952s] DEBUG:colcon.colcon_core.event_reactor:joining thread
[7.966s] INFO:colcon.colcon_core.plugin_system:Skipping extension 'colcon_notification.desktop_notification.terminal_notifier': Not used on non-Darwin systems
[7.966s] INFO:colcon.colcon_core.plugin_system:Skipping extension 'colcon_notification.desktop_notification.win32': Not used on non-Windows systems
[7.966s] INFO:colcon.colcon_notification.desktop_notification:Sending desktop notification using 'notify2'
[8.113s] DEBUG:colcon.colcon_core.event_reactor:joined thread
[8.114s] INFO:colcon.colcon_core.shell:Creating prefix script '/home/soda/VLAA/install/local_setup.ps1'
[8.116s] INFO:colcon.colcon_core.shell:Creating prefix util module '/home/soda/VLAA/install/_local_setup_util_ps1.py'
[8.118s] INFO:colcon.colcon_core.shell:Creating prefix chain script '/home/soda/VLAA/install/setup.ps1'
[8.121s] INFO:colcon.colcon_core.shell:Creating prefix script '/home/soda/VLAA/install/local_setup.sh'
[8.122s] INFO:colcon.colcon_core.shell:Creating prefix util module '/home/soda/VLAA/install/_local_setup_util_sh.py'
[8.123s] INFO:colcon.colcon_core.shell:Creating prefix chain script '/home/soda/VLAA/install/setup.sh'
[8.125s] INFO:colcon.colcon_core.shell:Creating prefix script '/home/soda/VLAA/install/local_setup.bash'
[8.126s] INFO:colcon.colcon_core.shell:Creating prefix chain script '/home/soda/VLAA/install/setup.bash'
[8.128s] INFO:colcon.colcon_core.shell:Creating prefix script '/home/soda/VLAA/install/local_setup.zsh'
[8.129s] INFO:colcon.colcon_core.shell:Creating prefix chain script '/home/soda/VLAA/install/setup.zsh'
