[4.591s] Invoking command in '/home/soda/VLAA/src/vla_node': PYTHONPATH=/home/soda/VLAA/build/vla_node/prefix_override:/usr/lib/python3/dist-packages/colcon_core/task/python/colcon_distutils_commands:/home/soda/VLAA/install/vla_node/lib/python3.10/site-packages:${PYTHONPATH} /usr/bin/python3 -W ignore:setup.py install is deprecated -W ignore:easy_install command is deprecated setup.py egg_info --egg-base ../../build/vla_node build --build-base /home/soda/VLAA/build/vla_node/build install --record /home/soda/VLAA/build/vla_node/install.log --single-version-externally-managed install_data
[5.443s] running egg_info
[5.484s] writing ../../build/vla_node/vla_node.egg-info/PKG-INFO
[5.485s] writing dependency_links to ../../build/vla_node/vla_node.egg-info/dependency_links.txt
[5.485s] writing entry points to ../../build/vla_node/vla_node.egg-info/entry_points.txt
[5.485s] writing requirements to ../../build/vla_node/vla_node.egg-info/requires.txt
[5.486s] writing top-level names to ../../build/vla_node/vla_node.egg-info/top_level.txt
[5.564s] reading manifest file '../../build/vla_node/vla_node.egg-info/SOURCES.txt'
[5.565s] writing manifest file '../../build/vla_node/vla_node.egg-info/SOURCES.txt'
[5.566s] running build
[5.567s] running build_py
[5.567s] running install
[5.574s] running install_lib
[5.615s] running install_data
[5.615s] running install_egg_info
[5.655s] removing '/home/soda/VLAA/install/vla_node/lib/python3.10/site-packages/vla_node-0.0.0-py3.10.egg-info' (and everything under it)
[5.655s] Copying ../../build/vla_node/vla_node.egg-info to /home/soda/VLAA/install/vla_node/lib/python3.10/site-packages/vla_node-0.0.0-py3.10.egg-info
[5.657s] running install_scripts
[5.805s] Installing vla_node script to /home/soda/VLAA/install/vla_node/lib/vla_node
[5.806s] writing list of installed files to '/home/soda/VLAA/build/vla_node/install.log'
[5.929s] Invoked command in '/home/soda/VLAA/src/vla_node' returned '0': PYTHONPATH=/home/soda/VLAA/build/vla_node/prefix_override:/usr/lib/python3/dist-packages/colcon_core/task/python/colcon_distutils_commands:/home/soda/VLAA/install/vla_node/lib/python3.10/site-packages:${PYTHONPATH} /usr/bin/python3 -W ignore:setup.py install is deprecated -W ignore:easy_install command is deprecated setup.py egg_info --egg-base ../../build/vla_node build --build-base /home/soda/VLAA/build/vla_node/build install --record /home/soda/VLAA/build/vla_node/install.log --single-version-externally-managed install_data
