[2.322s] Invoking command in '/home/soda/VLAA/src/camera_pub': PYTHONPATH=/home/soda/VLAA/build/camera_pub/prefix_override:/usr/lib/python3/dist-packages/colcon_core/task/python/colcon_distutils_commands:/home/soda/VLAA/install/camera_pub/lib/python3.10/site-packages:${PYTHONPATH} /usr/bin/python3 -W ignore:setup.py install is deprecated -W ignore:easy_install command is deprecated setup.py egg_info --egg-base ../../build/camera_pub build --build-base /home/soda/VLAA/build/camera_pub/build install --record /home/soda/VLAA/build/camera_pub/install.log --single-version-externally-managed install_data
[3.158s] running egg_info
[3.159s] creating ../../build/camera_pub/camera_pub.egg-info
[3.201s] writing ../../build/camera_pub/camera_pub.egg-info/PKG-INFO
[3.202s] writing dependency_links to ../../build/camera_pub/camera_pub.egg-info/dependency_links.txt
[3.202s] writing entry points to ../../build/camera_pub/camera_pub.egg-info/entry_points.txt
[3.202s] writing requirements to ../../build/camera_pub/camera_pub.egg-info/requires.txt
[3.202s] writing top-level names to ../../build/camera_pub/camera_pub.egg-info/top_level.txt
[3.202s] writing manifest file '../../build/camera_pub/camera_pub.egg-info/SOURCES.txt'
[3.281s] reading manifest file '../../build/camera_pub/camera_pub.egg-info/SOURCES.txt'
[3.283s] writing manifest file '../../build/camera_pub/camera_pub.egg-info/SOURCES.txt'
[3.283s] running build
[3.283s] running build_py
[3.283s] creating /home/soda/VLAA/build/camera_pub/build
[3.283s] creating /home/soda/VLAA/build/camera_pub/build/lib
[3.284s] creating /home/soda/VLAA/build/camera_pub/build/lib/camera_pub
[3.284s] copying camera_pub/__init__.py -> /home/soda/VLAA/build/camera_pub/build/lib/camera_pub
[3.284s] copying camera_pub/camera_publisher_node.py -> /home/soda/VLAA/build/camera_pub/build/lib/camera_pub
[3.284s] running install
[3.293s] running install_lib
[3.332s] creating /home/soda/VLAA/install/camera_pub/lib/python3.10/site-packages/camera_pub
[3.332s] copying /home/soda/VLAA/build/camera_pub/build/lib/camera_pub/__init__.py -> /home/soda/VLAA/install/camera_pub/lib/python3.10/site-packages/camera_pub
[3.332s] copying /home/soda/VLAA/build/camera_pub/build/lib/camera_pub/camera_publisher_node.py -> /home/soda/VLAA/install/camera_pub/lib/python3.10/site-packages/camera_pub
[3.333s] byte-compiling /home/soda/VLAA/install/camera_pub/lib/python3.10/site-packages/camera_pub/__init__.py to __init__.cpython-310.pyc
[3.333s] byte-compiling /home/soda/VLAA/install/camera_pub/lib/python3.10/site-packages/camera_pub/camera_publisher_node.py to camera_publisher_node.cpython-310.pyc
[3.334s] running install_data
[3.334s] creating /home/soda/VLAA/install/camera_pub/share/ament_index
[3.335s] creating /home/soda/VLAA/install/camera_pub/share/ament_index/resource_index
[3.335s] creating /home/soda/VLAA/install/camera_pub/share/ament_index/resource_index/packages
[3.335s] copying resource/camera_pub -> /home/soda/VLAA/install/camera_pub/share/ament_index/resource_index/packages
[3.335s] copying package.xml -> /home/soda/VLAA/install/camera_pub/share/camera_pub
[3.335s] running install_egg_info
[3.376s] Copying ../../build/camera_pub/camera_pub.egg-info to /home/soda/VLAA/install/camera_pub/lib/python3.10/site-packages/camera_pub-0.0.0-py3.10.egg-info
[3.377s] running install_scripts
[3.520s] Installing camera_publisher_node script to /home/soda/VLAA/install/camera_pub/lib/camera_pub
[3.521s] writing list of installed files to '/home/soda/VLAA/build/camera_pub/install.log'
[3.609s] Invoked command in '/home/soda/VLAA/src/camera_pub' returned '0': PYTHONPATH=/home/soda/VLAA/build/camera_pub/prefix_override:/usr/lib/python3/dist-packages/colcon_core/task/python/colcon_distutils_commands:/home/soda/VLAA/install/camera_pub/lib/python3.10/site-packages:${PYTHONPATH} /usr/bin/python3 -W ignore:setup.py install is deprecated -W ignore:easy_install command is deprecated setup.py egg_info --egg-base ../../build/camera_pub build --build-base /home/soda/VLAA/build/camera_pub/build install --record /home/soda/VLAA/build/camera_pub/install.log --single-version-externally-managed install_data
