[4.833s] Invoking command in '/home/soda/VLAA/src/action_executor_node': PYTHONPATH=/home/soda/VLAA/build/action_executor_node/prefix_override:/usr/lib/python3/dist-packages/colcon_core/task/python/colcon_distutils_commands:/home/soda/VLAA/install/action_executor_node/lib/python3.10/site-packages:${PYTHONPATH} /usr/bin/python3 -W ignore:setup.py install is deprecated -W ignore:easy_install command is deprecated setup.py egg_info --egg-base ../../build/action_executor_node build --build-base /home/soda/VLAA/build/action_executor_node/build install --record /home/soda/VLAA/build/action_executor_node/install.log --single-version-externally-managed install_data
[5.764s] running egg_info
[5.808s] writing ../../build/action_executor_node/action_executor_node.egg-info/PKG-INFO
[5.808s] writing dependency_links to ../../build/action_executor_node/action_executor_node.egg-info/dependency_links.txt
[5.809s] writing entry points to ../../build/action_executor_node/action_executor_node.egg-info/entry_points.txt
[5.809s] writing requirements to ../../build/action_executor_node/action_executor_node.egg-info/requires.txt
[5.809s] writing top-level names to ../../build/action_executor_node/action_executor_node.egg-info/top_level.txt
[5.893s] reading manifest file '../../build/action_executor_node/action_executor_node.egg-info/SOURCES.txt'
[5.894s] writing manifest file '../../build/action_executor_node/action_executor_node.egg-info/SOURCES.txt'
[5.895s] running build
[5.895s] running build_py
[5.895s] running install
[5.904s] running install_lib
[5.948s] running install_data
[5.948s] running install_egg_info
[5.990s] removing '/home/soda/VLAA/install/action_executor_node/lib/python3.10/site-packages/action_executor_node-0.0.0-py3.10.egg-info' (and everything under it)
[5.991s] Copying ../../build/action_executor_node/action_executor_node.egg-info to /home/soda/VLAA/install/action_executor_node/lib/python3.10/site-packages/action_executor_node-0.0.0-py3.10.egg-info
[5.995s] running install_scripts
[6.157s] Installing action_executor_node script to /home/soda/VLAA/install/action_executor_node/lib/action_executor_node
[6.158s] writing list of installed files to '/home/soda/VLAA/build/action_executor_node/install.log'
[6.316s] Invoked command in '/home/soda/VLAA/src/action_executor_node' returned '0': PYTHONPATH=/home/soda/VLAA/build/action_executor_node/prefix_override:/usr/lib/python3/dist-packages/colcon_core/task/python/colcon_distutils_commands:/home/soda/VLAA/install/action_executor_node/lib/python3.10/site-packages:${PYTHONPATH} /usr/bin/python3 -W ignore:setup.py install is deprecated -W ignore:easy_install command is deprecated setup.py egg_info --egg-base ../../build/action_executor_node build --build-base /home/soda/VLAA/build/action_executor_node/build install --record /home/soda/VLAA/build/action_executor_node/install.log --single-version-externally-managed install_data
