[2.244s] Invoking command in '/home/soda/VLAA/src/omni_controller': PYTHONPATH=/home/soda/VLAA/build/omni_controller/prefix_override:/usr/lib/python3/dist-packages/colcon_core/task/python/colcon_distutils_commands:/home/soda/VLAA/install/omni_controller/lib/python3.10/site-packages:${PYTHONPATH} /usr/bin/python3 -W ignore:setup.py install is deprecated -W ignore:easy_install command is deprecated setup.py egg_info --egg-base ../../build/omni_controller build --build-base /home/soda/VLAA/build/omni_controller/build install --record /home/soda/VLAA/build/omni_controller/install.log --single-version-externally-managed install_data
[3.104s] running egg_info
[3.144s] writing ../../build/omni_controller/omni_controller.egg-info/PKG-INFO
[3.145s] writing dependency_links to ../../build/omni_controller/omni_controller.egg-info/dependency_links.txt
[3.145s] writing entry points to ../../build/omni_controller/omni_controller.egg-info/entry_points.txt
[3.146s] writing requirements to ../../build/omni_controller/omni_controller.egg-info/requires.txt
[3.146s] writing top-level names to ../../build/omni_controller/omni_controller.egg-info/top_level.txt
[3.225s] reading manifest file '../../build/omni_controller/omni_controller.egg-info/SOURCES.txt'
[3.226s] writing manifest file '../../build/omni_controller/omni_controller.egg-info/SOURCES.txt'
[3.226s] running build
[3.226s] running build_py
[3.227s] copying omni_controller/omni_drive_node.py -> /home/soda/VLAA/build/omni_controller/build/lib/omni_controller
[3.227s] running install
[3.236s] running install_lib
[3.275s] copying /home/soda/VLAA/build/omni_controller/build/lib/omni_controller/omni_drive_node.py -> /home/soda/VLAA/install/omni_controller/lib/python3.10/site-packages/omni_controller
[3.276s] byte-compiling /home/soda/VLAA/install/omni_controller/lib/python3.10/site-packages/omni_controller/omni_drive_node.py to omni_drive_node.cpython-310.pyc
[3.277s] running install_data
[3.278s] running install_egg_info
[3.319s] removing '/home/soda/VLAA/install/omni_controller/lib/python3.10/site-packages/omni_controller-0.0.0-py3.10.egg-info' (and everything under it)
[3.320s] Copying ../../build/omni_controller/omni_controller.egg-info to /home/soda/VLAA/install/omni_controller/lib/python3.10/site-packages/omni_controller-0.0.0-py3.10.egg-info
[3.321s] running install_scripts
[3.472s] Installing omni_drive_node script to /home/soda/VLAA/install/omni_controller/lib/omni_controller
[3.472s] writing list of installed files to '/home/soda/VLAA/build/omni_controller/install.log'
[3.562s] Invoked command in '/home/soda/VLAA/src/omni_controller' returned '0': PYTHONPATH=/home/soda/VLAA/build/omni_controller/prefix_override:/usr/lib/python3/dist-packages/colcon_core/task/python/colcon_distutils_commands:/home/soda/VLAA/install/omni_controller/lib/python3.10/site-packages:${PYTHONPATH} /usr/bin/python3 -W ignore:setup.py install is deprecated -W ignore:easy_install command is deprecated setup.py egg_info --egg-base ../../build/omni_controller build --build-base /home/soda/VLAA/build/omni_controller/build install --record /home/soda/VLAA/build/omni_controller/install.log --single-version-externally-managed install_data
